#
# There is insufficient memory for the Java Runtime Environment to continue.
# Native memory allocation (malloc) failed to allocate 268736 bytes. Error detail: Chunk::new
# Possible reasons:
#   The system is out of physical RAM or swap space
#   This process is running with CompressedOops enabled, and the Java Heap may be blocking the growth of the native heap
# Possible solutions:
#   Reduce memory load on the system
#   Increase physical memory or swap space
#   Check if swap backing store is full
#   Decrease Java heap size (-Xmx/-Xms)
#   Decrease number of Java threads
#   Decrease Java thread stack sizes (-Xss)
#   Set larger code cache with -XX:ReservedCodeCacheSize=
#   JVM is running with Unscaled Compressed Oops mode in which the Java heap is
#     placed in the first 4GB address space. The Java Heap base address is the
#     maximum limit for the native heap growth. Please use -XX:HeapBaseMinAddress
#     to set the Java Heap base and to place the Java Heap above 4GB virtual address.
# This output file may be truncated or incomplete.
#
#  Out of Memory Error (arena.cpp:149), pid=1596, tid=9464
#
# JRE version: Java(TM) SE Runtime Environment (23.0.2+7) (build 23.0.2+7-58)
# Java VM: Java HotSpot(TM) 64-Bit Server VM (23.0.2+7-58, mixed mode, sharing, tiered, compressed oops, compressed class ptrs, g1 gc, windows-amd64)
# No core dump will be written. Minidumps are not enabled by default on client versions of Windows
#

---------------  S U M M A R Y ------------

Command Line: -XX:MaxMetaspaceSize=512m --add-opens=java.base/java.util=ALL-UNNAMED --add-opens=java.base/java.lang=ALL-UNNAMED --add-opens=java.base/java.lang.invoke=ALL-UNNAMED --add-opens=java.prefs/java.util.prefs=ALL-UNNAMED --add-exports=jdk.compiler/com.sun.tools.javac.api=ALL-UNNAMED --add-exports=jdk.compiler/com.sun.tools.javac.util=ALL-UNNAMED --add-opens=java.base/java.nio.charset=ALL-UNNAMED --add-opens=java.base/java.net=ALL-UNNAMED --add-opens=java.base/java.util.concurrent.atomic=ALL-UNNAMED -Xmx2048m -Dfile.encoding=UTF-8 -Duser.country=FI -Duser.language=sv -Duser.variant -javaagent:C:\Users\mp-10\.gradle\wrapper\dists\gradle-8.10.2-all\7iv73wktx1xtkvlq19urqw1wm\gradle-8.10.2\lib\agents\gradle-instrumentation-agent-8.10.2.jar org.gradle.launcher.daemon.bootstrap.GradleDaemon 8.10.2

Host: Intel(R) Pentium(R) Gold 7505 @ 2.00GHz, 4 cores, 3G,  Windows 10 , 64 bit Build 19041 (10.0.19041.5438)
Time: Sun Mar  2 19:17:45 2025 Västeuropa, normaltid elapsed time: 201.899560 seconds (0d 0h 3m 21s)

---------------  T H R E A D  ---------------

Current thread (0x0000026b7e44bdb0):  JavaThread "C2 CompilerThread0" daemon [_thread_in_native, id=9464, stack(0x000000872e500000,0x000000872e600000) (1024K)]


Current CompileTask:
C2:201900 14419       4       java.net.URLStreamHandler::parseURL (1124 bytes)

Stack: [0x000000872e500000,0x000000872e600000]
Native frames: (J=compiled Java code, j=interpreted, Vv=VM code, C=native code)
V  [jvm.dll+0x6e0b99]  (no source info available)
V  [jvm.dll+0x87e2b3]  (no source info available)
V  [jvm.dll+0x88073e]  (no source info available)
V  [jvm.dll+0x880e13]  (no source info available)
V  [jvm.dll+0x27b006]  (no source info available)
V  [jvm.dll+0xbc06f]  (no source info available)
V  [jvm.dll+0xbc2cb]  (no source info available)
V  [jvm.dll+0x2eea6d]  (no source info available)
V  [jvm.dll+0x606669]  (no source info available)
V  [jvm.dll+0x24def2]  (no source info available)
V  [jvm.dll+0x24e2d5]  (no source info available)
V  [jvm.dll+0x246c54]  (no source info available)
V  [jvm.dll+0x243e04]  (no source info available)
V  [jvm.dll+0x1c34b0]  (no source info available)
V  [jvm.dll+0x253df1]  (no source info available)
V  [jvm.dll+0x2520aa]  (no source info available)
V  [jvm.dll+0x3ee226]  (no source info available)
V  [jvm.dll+0x8254cb]  (no source info available)
V  [jvm.dll+0x6df345]  (no source info available)
C  [ucrtbase.dll+0x21bb2]  (no source info available)
C  [KERNEL32.DLL+0x17374]  (no source info available)
C  [ntdll.dll+0x4cc91]  (no source info available)

Lock stack of current Java thread (top to bottom):


---------------  P R O C E S S  ---------------

Threads class SMR info:
_java_thread_list=0x0000026b3b8ad1d0, length=87, elements={
0x0000026b795e5230, 0x0000026b7e4461d0, 0x0000026b7e446ef0, 0x0000026b7e449100,
0x0000026b7e449b60, 0x0000026b7e44a5c0, 0x0000026b7e44b020, 0x0000026b7e44bdb0,
0x0000026b7e46e220, 0x0000026b176d7420, 0x0000026b1783c640, 0x0000026b386a7c80,
0x0000026b7e4a6940, 0x0000026b17976ee0, 0x0000026b37c0f180, 0x0000026b3792e2d0,
0x0000026b177096d0, 0x0000026b37067fa0, 0x0000026b37067280, 0x0000026b37067910,
0x0000026b37068630, 0x0000026b370699e0, 0x0000026b37068cc0, 0x0000026b37069350,
0x0000026b38f2d8d0, 0x0000026b38f2a450, 0x0000026b38f2d240, 0x0000026b38f2cbb0,
0x0000026b38f2be90, 0x0000026b38f2c520, 0x0000026b38f2f9a0, 0x0000026b38f2df60,
0x0000026b38f29730, 0x0000026b38f2f310, 0x0000026b38f2b170, 0x0000026b38fb6d60,
0x0000026b38fb8110, 0x0000026b38fbc2b0, 0x0000026b38fb87a0, 0x0000026b38fba1e0,
0x0000026b38fb73f0, 0x0000026b38fbb590, 0x0000026b38fb7a80, 0x0000026b38fb6040,
0x0000026b38fbd660, 0x0000026b38fb94c0, 0x0000026b38fbbc20, 0x0000026b38fbcfd0,
0x0000026b38fba870, 0x0000026b38acf9a0, 0x0000026b38ad06c0, 0x0000026b3b00e160,
0x0000026b3b00d440, 0x0000026b3b013020, 0x0000026b3b00ee80, 0x0000026b3b00f510,
0x0000026b3b0136b0, 0x0000026b3b013d40, 0x0000026b3b0108c0, 0x0000026b3b0115e0,
0x0000026b3b0143d0, 0x0000026b3b010f50, 0x0000026b3b014a60, 0x0000026b3b010230,
0x0000026b3b00e7f0, 0x0000026b3b00fba0, 0x0000026b3b011c70, 0x0000026b3c0fb8e0,
0x0000026b3c0fcc90, 0x0000026b3c0f8af0, 0x0000026b3c0fc600, 0x0000026b3c0fe040,
0x0000026b3c0fd320, 0x0000026b3c0fbf70, 0x0000026b3c0fd9b0, 0x0000026b3c0f70b0,
0x0000026b3c0f9810, 0x0000026b3c0f7740, 0x0000026b3c0f9180, 0x0000026b3c0fabc0,
0x0000026b3c0f9ea0, 0x0000026b38acaae0, 0x0000026b38acb170, 0x0000026b37a8dfa0,
0x0000026b37a8b1b0, 0x0000026b37a88a50, 0x0000026b3ba82b20
}

Java Threads: ( => current thread )
  0x0000026b795e5230 JavaThread "main"                              [_thread_blocked, id=9264, stack(0x000000872d700000,0x000000872d800000) (1024K)]
  0x0000026b7e4461d0 JavaThread "Reference Handler"          daemon [_thread_blocked, id=14668, stack(0x000000872df00000,0x000000872e000000) (1024K)]
  0x0000026b7e446ef0 JavaThread "Finalizer"                  daemon [_thread_blocked, id=2136, stack(0x000000872e000000,0x000000872e100000) (1024K)]
  0x0000026b7e449100 JavaThread "Signal Dispatcher"          daemon [_thread_blocked, id=3876, stack(0x000000872e100000,0x000000872e200000) (1024K)]
  0x0000026b7e449b60 JavaThread "Attach Listener"            daemon [_thread_blocked, id=15252, stack(0x000000872e200000,0x000000872e300000) (1024K)]
  0x0000026b7e44a5c0 JavaThread "Service Thread"             daemon [_thread_blocked, id=2948, stack(0x000000872e300000,0x000000872e400000) (1024K)]
  0x0000026b7e44b020 JavaThread "Monitor Deflation Thread"   daemon [_thread_blocked, id=3200, stack(0x000000872e400000,0x000000872e500000) (1024K)]
=>0x0000026b7e44bdb0 JavaThread "C2 CompilerThread0"         daemon [_thread_in_native, id=9464, stack(0x000000872e500000,0x000000872e600000) (1024K)]
  0x0000026b7e46e220 JavaThread "C1 CompilerThread0"         daemon [_thread_blocked, id=4996, stack(0x000000872e600000,0x000000872e700000) (1024K)]
  0x0000026b176d7420 JavaThread "Common-Cleaner"             daemon [_thread_blocked, id=1312, stack(0x000000872e700000,0x000000872e800000) (1024K)]
  0x0000026b1783c640 JavaThread "Notification Thread"        daemon [_thread_blocked, id=6608, stack(0x000000872e800000,0x000000872e900000) (1024K)]
  0x0000026b386a7c80 JavaThread "Daemon health stats"               [_thread_blocked, id=8040, stack(0x000000872ec00000,0x000000872ed00000) (1024K)]
  0x0000026b7e4a6940 JavaThread "Incoming local TCP Connector on port 54508"        [_thread_in_native, id=1256, stack(0x000000872ed00000,0x000000872ee00000) (1024K)]
  0x0000026b17976ee0 JavaThread "Daemon periodic checks"            [_thread_blocked, id=15656, stack(0x000000872ee00000,0x000000872ef00000) (1024K)]
  0x0000026b37c0f180 JavaThread "Daemon"                            [_thread_blocked, id=14784, stack(0x000000872ef00000,0x000000872f000000) (1024K)]
  0x0000026b3792e2d0 JavaThread "Handler for socket connection from /127.0.0.1:54508 to /127.0.0.1:54509"        [_thread_in_native, id=7852, stack(0x000000872f000000,0x000000872f100000) (1024K)]
  0x0000026b177096d0 JavaThread "Cancel handler"                    [_thread_blocked, id=14756, stack(0x000000872f100000,0x000000872f200000) (1024K)]
  0x0000026b37067fa0 JavaThread "Daemon worker"                     [_thread_in_vm, id=16020, stack(0x000000872f200000,0x000000872f300000) (1024K)]
  0x0000026b37067280 JavaThread "Asynchronous log dispatcher for DefaultDaemonConnection: socket connection from /127.0.0.1:54508 to /127.0.0.1:54509"        [_thread_blocked, id=16200, stack(0x000000872f300000,0x000000872f400000) (1024K)]
  0x0000026b37067910 JavaThread "Stdin handler"                     [_thread_blocked, id=8972, stack(0x000000872f400000,0x000000872f500000) (1024K)]
  0x0000026b37068630 JavaThread "Daemon client event forwarder"        [_thread_blocked, id=11744, stack(0x000000872f500000,0x000000872f600000) (1024K)]
  0x0000026b370699e0 JavaThread "Cache worker for journal cache (C:\Users\mp-10\.gradle\caches\journal-1)"        [_thread_blocked, id=4608, stack(0x000000872f600000,0x000000872f700000) (1024K)]
  0x0000026b37068cc0 JavaThread "File lock request listener"        [_thread_in_native, id=15956, stack(0x000000872f700000,0x000000872f800000) (1024K)]
  0x0000026b37069350 JavaThread "Cache worker for file hash cache (C:\Users\mp-10\.gradle\caches\8.10.2\fileHashes)"        [_thread_blocked, id=15936, stack(0x000000872f800000,0x000000872f900000) (1024K)]
  0x0000026b38f2d8d0 JavaThread "Cache worker for file hash cache (C:\nybp\New-Backpack\android\.gradle\8.10.2\fileHashes)"        [_thread_blocked, id=1128, stack(0x000000872fa00000,0x000000872fb00000) (1024K)]
  0x0000026b38f2a450 JavaThread "Cache worker for Build Output Cleanup Cache (C:\nybp\New-Backpack\android\.gradle\buildOutputCleanup)"        [_thread_blocked, id=5688, stack(0x000000872fb00000,0x000000872fc00000) (1024K)]
  0x0000026b38f2d240 JavaThread "File watcher server"        daemon [_thread_in_native, id=15660, stack(0x000000872fc00000,0x000000872fd00000) (1024K)]
  0x0000026b38f2cbb0 JavaThread "File watcher consumer"      daemon [_thread_blocked, id=6092, stack(0x000000872fd00000,0x000000872fe00000) (1024K)]
  0x0000026b38f2be90 JavaThread "Cache worker for checksums cache (C:\nybp\New-Backpack\android\.gradle\8.10.2\checksums)"        [_thread_blocked, id=15756, stack(0x000000872fe00000,0x000000872ff00000) (1024K)]
  0x0000026b38f2c520 JavaThread "Cache worker for file content cache (C:\Users\mp-10\.gradle\caches\8.10.2\fileContent)"        [_thread_blocked, id=2304, stack(0x000000872ff00000,0x0000008730000000) (1024K)]
  0x0000026b38f2f9a0 JavaThread "Cache worker for cache directory md-rule (C:\Users\mp-10\.gradle\caches\8.10.2\md-rule)"        [_thread_blocked, id=11808, stack(0x0000008730000000,0x0000008730100000) (1024K)]
  0x0000026b38f2df60 JavaThread "Cache worker for cache directory md-supplier (C:\Users\mp-10\.gradle\caches\8.10.2\md-supplier)"        [_thread_blocked, id=5496, stack(0x0000008730100000,0x0000008730200000) (1024K)]
  0x0000026b38f29730 JavaThread "jar transforms"                    [_thread_blocked, id=14408, stack(0x0000008730200000,0x0000008730300000) (1024K)]
  0x0000026b38f2f310 JavaThread "Cache worker for Build Output Cleanup Cache (C:\nybp\New-Backpack\node_modules\@react-native\gradle-plugin\.gradle\buildOutputCleanup)"        [_thread_blocked, id=3208, stack(0x0000008730300000,0x0000008730400000) (1024K)]
  0x0000026b38f2b170 JavaThread "Unconstrained build operations"        [_thread_blocked, id=8032, stack(0x0000008730400000,0x0000008730500000) (1024K)]
  0x0000026b38fb6d60 JavaThread "Unconstrained build operations Thread 2"        [_thread_blocked, id=16188, stack(0x0000008730500000,0x0000008730600000) (1024K)]
  0x0000026b38fb8110 JavaThread "Unconstrained build operations Thread 3"        [_thread_blocked, id=4632, stack(0x0000008730600000,0x0000008730700000) (1024K)]
  0x0000026b38fbc2b0 JavaThread "Unconstrained build operations Thread 4"        [_thread_blocked, id=14472, stack(0x0000008730700000,0x0000008730800000) (1024K)]
  0x0000026b38fb87a0 JavaThread "Unconstrained build operations Thread 5"        [_thread_blocked, id=5996, stack(0x0000008730800000,0x0000008730900000) (1024K)]
  0x0000026b38fba1e0 JavaThread "Unconstrained build operations Thread 6"        [_thread_blocked, id=15060, stack(0x0000008730900000,0x0000008730a00000) (1024K)]
  0x0000026b38fb73f0 JavaThread "Unconstrained build operations Thread 7"        [_thread_blocked, id=15264, stack(0x0000008730a00000,0x0000008730b00000) (1024K)]
  0x0000026b38fbb590 JavaThread "Unconstrained build operations Thread 8"        [_thread_blocked, id=1736, stack(0x0000008730b00000,0x0000008730c00000) (1024K)]
  0x0000026b38fb7a80 JavaThread "Unconstrained build operations Thread 9"        [_thread_blocked, id=8592, stack(0x0000008730c00000,0x0000008730d00000) (1024K)]
  0x0000026b38fb6040 JavaThread "Unconstrained build operations Thread 10"        [_thread_blocked, id=16212, stack(0x0000008730d00000,0x0000008730e00000) (1024K)]
  0x0000026b38fbd660 JavaThread "Unconstrained build operations Thread 11"        [_thread_blocked, id=2956, stack(0x0000008730e00000,0x0000008730f00000) (1024K)]
  0x0000026b38fb94c0 JavaThread "Unconstrained build operations Thread 12"        [_thread_blocked, id=6384, stack(0x0000008730f00000,0x0000008731000000) (1024K)]
  0x0000026b38fbbc20 JavaThread "Unconstrained build operations Thread 13"        [_thread_blocked, id=7488, stack(0x0000008731000000,0x0000008731100000) (1024K)]
  0x0000026b38fbcfd0 JavaThread "Unconstrained build operations Thread 14"        [_thread_blocked, id=11996, stack(0x0000008731100000,0x0000008731200000) (1024K)]
  0x0000026b38fba870 JavaThread "Unconstrained build operations Thread 15"        [_thread_blocked, id=15420, stack(0x0000008731200000,0x0000008731300000) (1024K)]
  0x0000026b38acf9a0 JavaThread "Memory manager"                    [_thread_blocked, id=13136, stack(0x0000008731300000,0x0000008731400000) (1024K)]
  0x0000026b38ad06c0 JavaThread "build event listener"              [_thread_blocked, id=14532, stack(0x0000008731400000,0x0000008731500000) (1024K)]
  0x0000026b3b00e160 JavaThread "Execution worker"                  [_thread_blocked, id=13204, stack(0x0000008731b00000,0x0000008731c00000) (1024K)]
  0x0000026b3b00d440 JavaThread "Execution worker Thread 2"         [_thread_blocked, id=14032, stack(0x0000008731c00000,0x0000008731d00000) (1024K)]
  0x0000026b3b013020 JavaThread "Execution worker Thread 3"         [_thread_blocked, id=1120, stack(0x0000008731d00000,0x0000008731e00000) (1024K)]
  0x0000026b3b00ee80 JavaThread "Cache worker for execution history cache (C:\nybp\New-Backpack\node_modules\@react-native\gradle-plugin\.gradle\8.10.2\executionHistory)"        [_thread_blocked, id=2892, stack(0x0000008731e00000,0x0000008731f00000) (1024K)]
  0x0000026b3b00f510 JavaThread "Unconstrained build operations Thread 16"        [_thread_blocked, id=1168, stack(0x0000008731f00000,0x0000008732000000) (1024K)]
  0x0000026b3b0136b0 JavaThread "Unconstrained build operations Thread 17"        [_thread_blocked, id=11536, stack(0x0000008732000000,0x0000008732100000) (1024K)]
  0x0000026b3b013d40 JavaThread "Unconstrained build operations Thread 18"        [_thread_blocked, id=5736, stack(0x0000008732100000,0x0000008732200000) (1024K)]
  0x0000026b3b0108c0 JavaThread "Unconstrained build operations Thread 19"        [_thread_blocked, id=2276, stack(0x0000008732200000,0x0000008732300000) (1024K)]
  0x0000026b3b0115e0 JavaThread "Unconstrained build operations Thread 20"        [_thread_blocked, id=7028, stack(0x0000008732300000,0x0000008732400000) (1024K)]
  0x0000026b3b0143d0 JavaThread "Unconstrained build operations Thread 21"        [_thread_blocked, id=3736, stack(0x0000008732400000,0x0000008732500000) (1024K)]
  0x0000026b3b010f50 JavaThread "Unconstrained build operations Thread 22"        [_thread_blocked, id=15984, stack(0x0000008732500000,0x0000008732600000) (1024K)]
  0x0000026b3b014a60 JavaThread "Unconstrained build operations Thread 23"        [_thread_blocked, id=15400, stack(0x0000008732600000,0x0000008732700000) (1024K)]
  0x0000026b3b010230 JavaThread "Unconstrained build operations Thread 24"        [_thread_blocked, id=15872, stack(0x0000008732700000,0x0000008732800000) (1024K)]
  0x0000026b3b00e7f0 JavaThread "Unconstrained build operations Thread 25"        [_thread_blocked, id=1924, stack(0x0000008732800000,0x0000008732900000) (1024K)]
  0x0000026b3b00fba0 JavaThread "Unconstrained build operations Thread 26"        [_thread_blocked, id=11516, stack(0x0000008732900000,0x0000008732a00000) (1024K)]
  0x0000026b3b011c70 JavaThread "Unconstrained build operations Thread 27"        [_thread_blocked, id=7664, stack(0x0000008732a00000,0x0000008732b00000) (1024K)]
  0x0000026b3c0fb8e0 JavaThread "Unconstrained build operations Thread 28"        [_thread_blocked, id=2440, stack(0x0000008732b00000,0x0000008732c00000) (1024K)]
  0x0000026b3c0fcc90 JavaThread "Unconstrained build operations Thread 29"        [_thread_blocked, id=15504, stack(0x0000008732c00000,0x0000008732d00000) (1024K)]
  0x0000026b3c0f8af0 JavaThread "Unconstrained build operations Thread 30"        [_thread_blocked, id=3636, stack(0x0000008732d00000,0x0000008732e00000) (1024K)]
  0x0000026b3c0fc600 JavaThread "Unconstrained build operations Thread 31"        [_thread_blocked, id=4232, stack(0x0000008732e00000,0x0000008732f00000) (1024K)]
  0x0000026b3c0fe040 JavaThread "Unconstrained build operations Thread 32"        [_thread_blocked, id=15488, stack(0x0000008732f00000,0x0000008733000000) (1024K)]
  0x0000026b3c0fd320 JavaThread "Unconstrained build operations Thread 33"        [_thread_blocked, id=4060, stack(0x0000008733000000,0x0000008733100000) (1024K)]
  0x0000026b3c0fbf70 JavaThread "Unconstrained build operations Thread 34"        [_thread_blocked, id=13260, stack(0x0000008733100000,0x0000008733200000) (1024K)]
  0x0000026b3c0fd9b0 JavaThread "Unconstrained build operations Thread 35"        [_thread_blocked, id=15596, stack(0x0000008733200000,0x0000008733300000) (1024K)]
  0x0000026b3c0f70b0 JavaThread "Unconstrained build operations Thread 36"        [_thread_blocked, id=12364, stack(0x0000008733300000,0x0000008733400000) (1024K)]
  0x0000026b3c0f9810 JavaThread "jar transforms Thread 2"           [_thread_blocked, id=15700, stack(0x0000008733400000,0x0000008733500000) (1024K)]
  0x0000026b3c0f7740 JavaThread "jar transforms Thread 3"           [_thread_blocked, id=13732, stack(0x0000008733500000,0x0000008733600000) (1024K)]
  0x0000026b3c0f9180 JavaThread "jar transforms Thread 4"           [_thread_blocked, id=14480, stack(0x0000008733600000,0x0000008733700000) (1024K)]
  0x0000026b3c0fabc0 JavaThread "Cache worker for Build Output Cleanup Cache (C:\nybp\New-Backpack\node_modules\expo-dev-launcher\expo-dev-launcher-gradle-plugin\.gradle\buildOutputCleanup)"        [_thread_blocked, id=5352, stack(0x0000008733700000,0x0000008733800000) (1024K)]
  0x0000026b3c0f9ea0 JavaThread "Unconstrained build operations Thread 37"        [_thread_blocked, id=2520, stack(0x0000008733800000,0x0000008733900000) (1024K)]
  0x0000026b38acaae0 JavaThread "Unconstrained build operations Thread 38"        [_thread_blocked, id=15748, stack(0x0000008733900000,0x0000008733a00000) (1024K)]
  0x0000026b38acb170 JavaThread "Unconstrained build operations Thread 39"        [_thread_blocked, id=4072, stack(0x0000008733a00000,0x0000008733b00000) (1024K)]
  0x0000026b37a8dfa0 JavaThread "Unconstrained build operations Thread 40"        [_thread_blocked, id=14416, stack(0x0000008733b00000,0x0000008733c00000) (1024K)]
  0x0000026b37a8b1b0 JavaThread "build event listener"              [_thread_blocked, id=8556, stack(0x0000008733c00000,0x0000008733d00000) (1024K)]
  0x0000026b37a88a50 JavaThread "Cache worker for execution history cache (C:\nybp\New-Backpack\node_modules\expo-dev-launcher\expo-dev-launcher-gradle-plugin\.gradle\8.10.2\executionHistory)"        [_thread_blocked, id=7876, stack(0x0000008734000000,0x0000008734100000) (1024K)]
  0x0000026b3ba82b20 JavaThread "build event listener"              [_thread_blocked, id=15676, stack(0x000000872d500000,0x000000872d600000) (1024K)]
Total: 87

Other Threads:
  0x0000026b7e42e800 VMThread "VM Thread"                           [id=14900, stack(0x000000872de00000,0x000000872df00000) (1024K)]
  0x0000026b7e41e3c0 WatcherThread "VM Periodic Task Thread"        [id=3616, stack(0x000000872dd00000,0x000000872de00000) (1024K)]
  0x0000026b7963f550 WorkerThread "GC Thread#0"                     [id=2652, stack(0x000000872d800000,0x000000872d900000) (1024K)]
  0x0000026b179884e0 WorkerThread "GC Thread#1"                     [id=13096, stack(0x000000872e900000,0x000000872ea00000) (1024K)]
  0x0000026b179c8760 WorkerThread "GC Thread#2"                     [id=15028, stack(0x000000872ea00000,0x000000872eb00000) (1024K)]
  0x0000026b179c8b10 WorkerThread "GC Thread#3"                     [id=3980, stack(0x000000872eb00000,0x000000872ec00000) (1024K)]
  0x0000026b796544b0 ConcurrentGCThread "G1 Main Marker"            [id=9824, stack(0x000000872d900000,0x000000872da00000) (1024K)]
  0x0000026b79655ee0 WorkerThread "G1 Conc#0"                       [id=9544, stack(0x000000872da00000,0x000000872db00000) (1024K)]
  0x0000026b796ad6e0 ConcurrentGCThread "G1 Refine#0"               [id=8620, stack(0x000000872db00000,0x000000872dc00000) (1024K)]
  0x0000026b796ae070 ConcurrentGCThread "G1 Service"                [id=8452, stack(0x000000872dc00000,0x000000872dd00000) (1024K)]
Total: 10

Threads with active compile tasks:
C2 CompilerThread0  203278 14419       4       java.net.URLStreamHandler::parseURL (1124 bytes)
Total: 1

VM state: not at safepoint (normal execution)

VM Mutex/Monitor currently owned by a thread: None

Heap address: 0x0000000080000000, size: 2048 MB, Compressed Oops mode: 32-bit

CDS archive(s) mapped at: [0x0000026b18000000-0x0000026b18d70000-0x0000026b18d70000), size 14090240, SharedBaseAddress: 0x0000026b18000000, ArchiveRelocationMode: 1.
Compressed class space mapped at: 0x0000026b19000000-0x0000026b33000000, reserved size: 436207616
Narrow klass base: 0x0000026b18000000, Narrow klass shift: 0, Narrow klass range: 0x1b000000

GC Precious Log:
 CardTable entry size: 512
 Card Set container configuration: InlinePtr #cards 5 size 8 Array Of Cards #cards 10 size 36 Howl #buckets 4 coarsen threshold 1843 Howl Bitmap #cards 512 size 80 coarsen threshold 460 Card regions per heap region 1 cards per card region 2048
 CPUs: 4 total, 4 available
 Memory: 3895M
 Large Page Support: Disabled
 NUMA Support: Disabled
 Compressed Oops: Enabled (32-bit)
 Heap Region Size: 1M
 Heap Min Capacity: 8M
 Heap Initial Capacity: 62M
 Heap Max Capacity: 2G
 Pre-touch: Disabled
 Parallel Workers: 4
 Concurrent Workers: 1
 Concurrent Refinement Workers: 4
 Periodic GC: Disabled

Heap:
 garbage-first heap   total reserved 2097152K, committed 234496K, used 147992K [0x0000000080000000, 0x0000000100000000)
  region size 1024K, 12 young (12288K), 1 survivors (1024K)
 Metaspace       used 100284K, committed 102720K, reserved 557056K
  class space    used 14448K, committed 15616K, reserved 425984K

Heap Regions: E=young(eden), S=young(survivor), O=old, HS=humongous(starts), HC=humongous(continues), CS=collection set, F=free, TAMS=top-at-mark-start, PB=parsable bottom
|   0|0x0000000080000000, 0x0000000080100000, 0x0000000080100000|100%|HS|  |TAMS 0x0000000080000000| PB 0x0000000080000000| Complete |  0
|   1|0x0000000080100000, 0x0000000080200000, 0x0000000080200000|100%|HC|  |TAMS 0x0000000080100000| PB 0x0000000080100000| Complete |  0
|   2|0x0000000080200000, 0x0000000080300000, 0x0000000080300000|100%|HC|  |TAMS 0x0000000080200000| PB 0x0000000080200000| Complete |  0
|   3|0x0000000080300000, 0x0000000080400000, 0x0000000080400000|100%|HC|  |TAMS 0x0000000080300000| PB 0x0000000080300000| Complete |  0
|   4|0x0000000080400000, 0x0000000080500000, 0x0000000080500000|100%| O|  |TAMS 0x0000000080400000| PB 0x0000000080400000| Untracked |  0
|   5|0x0000000080500000, 0x0000000080600000, 0x0000000080600000|100%| O|  |TAMS 0x0000000080500000| PB 0x0000000080500000| Untracked |  0
|   6|0x0000000080600000, 0x0000000080700000, 0x0000000080700000|100%| O|  |TAMS 0x0000000080600000| PB 0x0000000080600000| Untracked |  0
|   7|0x0000000080700000, 0x0000000080800000, 0x0000000080800000|100%| O|  |TAMS 0x0000000080700000| PB 0x0000000080700000| Untracked |  0
|   8|0x0000000080800000, 0x0000000080900000, 0x0000000080900000|100%| O|  |TAMS 0x0000000080800000| PB 0x0000000080800000| Untracked |  0
|   9|0x0000000080900000, 0x0000000080a00000, 0x0000000080a00000|100%| O|  |TAMS 0x0000000080900000| PB 0x0000000080900000| Untracked |  0
|  10|0x0000000080a00000, 0x0000000080b00000, 0x0000000080b00000|100%| O|  |TAMS 0x0000000080a00000| PB 0x0000000080a00000| Untracked |  0
|  11|0x0000000080b00000, 0x0000000080c00000, 0x0000000080c00000|100%|HS|  |TAMS 0x0000000080b00000| PB 0x0000000080b00000| Complete |  0
|  12|0x0000000080c00000, 0x0000000080d00000, 0x0000000080d00000|100%| O|  |TAMS 0x0000000080c00000| PB 0x0000000080c00000| Untracked |  0
|  13|0x0000000080d00000, 0x0000000080e00000, 0x0000000080e00000|100%| O|  |TAMS 0x0000000080d00000| PB 0x0000000080d00000| Untracked |  0
|  14|0x0000000080e00000, 0x0000000080f00000, 0x0000000080f00000|100%| O|  |TAMS 0x0000000080e00000| PB 0x0000000080e00000| Untracked |  0
|  15|0x0000000080f00000, 0x0000000081000000, 0x0000000081000000|100%| O|  |TAMS 0x0000000080f00000| PB 0x0000000080f00000| Untracked |  0
|  16|0x0000000081000000, 0x0000000081100000, 0x0000000081100000|100%| O|  |TAMS 0x0000000081000000| PB 0x0000000081000000| Untracked |  0
|  17|0x0000000081100000, 0x0000000081200000, 0x0000000081200000|100%| O|  |TAMS 0x0000000081100000| PB 0x0000000081100000| Untracked |  0
|  18|0x0000000081200000, 0x0000000081300000, 0x0000000081300000|100%| O|  |TAMS 0x0000000081200000| PB 0x0000000081200000| Untracked |  0
|  19|0x0000000081300000, 0x0000000081400000, 0x0000000081400000|100%| O|  |TAMS 0x0000000081300000| PB 0x0000000081300000| Untracked |  0
|  20|0x0000000081400000, 0x0000000081500000, 0x0000000081500000|100%| O|  |TAMS 0x0000000081400000| PB 0x0000000081400000| Untracked |  0
|  21|0x0000000081500000, 0x0000000081600000, 0x0000000081600000|100%| O|  |TAMS 0x0000000081500000| PB 0x0000000081500000| Untracked |  0
|  22|0x0000000081600000, 0x0000000081700000, 0x0000000081700000|100%| O|  |TAMS 0x0000000081600000| PB 0x0000000081600000| Untracked |  0
|  23|0x0000000081700000, 0x0000000081800000, 0x0000000081800000|100%| O|  |TAMS 0x0000000081700000| PB 0x0000000081700000| Untracked |  0
|  24|0x0000000081800000, 0x0000000081900000, 0x0000000081900000|100%| O|  |TAMS 0x0000000081800000| PB 0x0000000081800000| Untracked |  0
|  25|0x0000000081900000, 0x0000000081a00000, 0x0000000081a00000|100%| O|  |TAMS 0x0000000081900000| PB 0x0000000081900000| Untracked |  0
|  26|0x0000000081a00000, 0x0000000081b00000, 0x0000000081b00000|100%| O|  |TAMS 0x0000000081a00000| PB 0x0000000081a00000| Untracked |  0
|  27|0x0000000081b00000, 0x0000000081c00000, 0x0000000081c00000|100%| O|  |TAMS 0x0000000081b00000| PB 0x0000000081b00000| Untracked |  0
|  28|0x0000000081c00000, 0x0000000081d00000, 0x0000000081d00000|100%| O|  |TAMS 0x0000000081c00000| PB 0x0000000081c00000| Untracked |  0
|  29|0x0000000081d00000, 0x0000000081e00000, 0x0000000081e00000|100%| O|  |TAMS 0x0000000081d00000| PB 0x0000000081d00000| Untracked |  0
|  30|0x0000000081e00000, 0x0000000081f00000, 0x0000000081f00000|100%| O|  |TAMS 0x0000000081e00000| PB 0x0000000081e00000| Untracked |  0
|  31|0x0000000081f00000, 0x0000000082000000, 0x0000000082000000|100%| O|  |TAMS 0x0000000081f00000| PB 0x0000000081f00000| Untracked |  0
|  32|0x0000000082000000, 0x0000000082100000, 0x0000000082100000|100%| O|  |TAMS 0x0000000082000000| PB 0x0000000082000000| Untracked |  0
|  33|0x0000000082100000, 0x0000000082200000, 0x0000000082200000|100%| O|  |TAMS 0x0000000082100000| PB 0x0000000082100000| Untracked |  0
|  34|0x0000000082200000, 0x0000000082300000, 0x0000000082300000|100%| O|  |TAMS 0x0000000082200000| PB 0x0000000082200000| Untracked |  0
|  35|0x0000000082300000, 0x0000000082400000, 0x0000000082400000|100%| O|  |TAMS 0x0000000082300000| PB 0x0000000082300000| Untracked |  0
|  36|0x0000000082400000, 0x0000000082500000, 0x0000000082500000|100%| O|  |TAMS 0x0000000082400000| PB 0x0000000082400000| Untracked |  0
|  37|0x0000000082500000, 0x0000000082600000, 0x0000000082600000|100%| O|  |TAMS 0x0000000082500000| PB 0x0000000082500000| Untracked |  0
|  38|0x0000000082600000, 0x0000000082700000, 0x0000000082700000|100%| O|  |TAMS 0x0000000082600000| PB 0x0000000082600000| Untracked |  0
|  39|0x0000000082700000, 0x0000000082800000, 0x0000000082800000|100%| O|  |TAMS 0x0000000082700000| PB 0x0000000082700000| Untracked |  0
|  40|0x0000000082800000, 0x0000000082800000, 0x0000000082900000|  0%| F|  |TAMS 0x0000000082800000| PB 0x0000000082800000| Untracked |  0
|  41|0x0000000082900000, 0x0000000082a00000, 0x0000000082a00000|100%| O|  |TAMS 0x0000000082900000| PB 0x0000000082900000| Untracked |  0
|  42|0x0000000082a00000, 0x0000000082b00000, 0x0000000082b00000|100%| O|  |TAMS 0x0000000082a00000| PB 0x0000000082a00000| Untracked |  0
|  43|0x0000000082b00000, 0x0000000082c00000, 0x0000000082c00000|100%| O|  |TAMS 0x0000000082b00000| PB 0x0000000082b00000| Untracked |  0
|  44|0x0000000082c00000, 0x0000000082d00000, 0x0000000082d00000|100%| O|  |TAMS 0x0000000082c00000| PB 0x0000000082c00000| Untracked |  0
|  45|0x0000000082d00000, 0x0000000082e00000, 0x0000000082e00000|100%| O|  |TAMS 0x0000000082d00000| PB 0x0000000082d00000| Untracked |  0
|  46|0x0000000082e00000, 0x0000000082f00000, 0x0000000082f00000|100%| O|  |TAMS 0x0000000082e00000| PB 0x0000000082e00000| Untracked |  0
|  47|0x0000000082f00000, 0x0000000083000000, 0x0000000083000000|100%|HS|  |TAMS 0x0000000082f00000| PB 0x0000000082f00000| Complete |  0
|  48|0x0000000083000000, 0x0000000083100000, 0x0000000083100000|100%|HC|  |TAMS 0x0000000083000000| PB 0x0000000083000000| Complete |  0
|  49|0x0000000083100000, 0x0000000083200000, 0x0000000083200000|100%|HS|  |TAMS 0x0000000083100000| PB 0x0000000083100000| Complete |  0
|  50|0x0000000083200000, 0x0000000083300000, 0x0000000083300000|100%|HC|  |TAMS 0x0000000083200000| PB 0x0000000083200000| Complete |  0
|  51|0x0000000083300000, 0x0000000083400000, 0x0000000083400000|100%| O|  |TAMS 0x0000000083300000| PB 0x0000000083300000| Untracked |  0
|  52|0x0000000083400000, 0x0000000083500000, 0x0000000083500000|100%| O|Cm|TAMS 0x0000000083400000| PB 0x0000000083400000| Complete |  0
|  53|0x0000000083500000, 0x0000000083600000, 0x0000000083600000|100%|HS|  |TAMS 0x0000000083500000| PB 0x0000000083500000| Complete |  0
|  54|0x0000000083600000, 0x0000000083700000, 0x0000000083700000|100%|HC|  |TAMS 0x0000000083600000| PB 0x0000000083600000| Complete |  0
|  55|0x0000000083700000, 0x0000000083800000, 0x0000000083800000|100%|HC|  |TAMS 0x0000000083700000| PB 0x0000000083700000| Complete |  0
|  56|0x0000000083800000, 0x0000000083900000, 0x0000000083900000|100%|HC|  |TAMS 0x0000000083800000| PB 0x0000000083800000| Complete |  0
|  57|0x0000000083900000, 0x0000000083a00000, 0x0000000083a00000|100%|HS|  |TAMS 0x0000000083900000| PB 0x0000000083900000| Complete |  0
|  58|0x0000000083a00000, 0x0000000083b00000, 0x0000000083b00000|100%|HC|  |TAMS 0x0000000083a00000| PB 0x0000000083a00000| Complete |  0
|  59|0x0000000083b00000, 0x0000000083c00000, 0x0000000083c00000|100%|HC|  |TAMS 0x0000000083b00000| PB 0x0000000083b00000| Complete |  0
|  60|0x0000000083c00000, 0x0000000083d00000, 0x0000000083d00000|100%|HC|  |TAMS 0x0000000083c00000| PB 0x0000000083c00000| Complete |  0
|  61|0x0000000083d00000, 0x0000000083e00000, 0x0000000083e00000|100%| O|  |TAMS 0x0000000083d00000| PB 0x0000000083d00000| Untracked |  0
|  62|0x0000000083e00000, 0x0000000083f00000, 0x0000000083f00000|100%| O|  |TAMS 0x0000000083e00000| PB 0x0000000083e00000| Untracked |  0
|  63|0x0000000083f00000, 0x0000000084000000, 0x0000000084000000|100%| O|  |TAMS 0x0000000083f00000| PB 0x0000000083f00000| Untracked |  0
|  64|0x0000000084000000, 0x0000000084100000, 0x0000000084100000|100%| O|  |TAMS 0x0000000084000000| PB 0x0000000084000000| Untracked |  0
|  65|0x0000000084100000, 0x0000000084200000, 0x0000000084200000|100%| O|  |TAMS 0x0000000084100000| PB 0x0000000084100000| Untracked |  0
|  66|0x0000000084200000, 0x0000000084300000, 0x0000000084300000|100%| O|  |TAMS 0x0000000084200000| PB 0x0000000084200000| Untracked |  0
|  67|0x0000000084300000, 0x0000000084400000, 0x0000000084400000|100%| O|  |TAMS 0x0000000084300000| PB 0x0000000084300000| Untracked |  0
|  68|0x0000000084400000, 0x0000000084500000, 0x0000000084500000|100%|HS|  |TAMS 0x0000000084400000| PB 0x0000000084400000| Complete |  0
|  69|0x0000000084500000, 0x0000000084600000, 0x0000000084600000|100%| O|  |TAMS 0x0000000084500000| PB 0x0000000084500000| Untracked |  0
|  70|0x0000000084600000, 0x0000000084700000, 0x0000000084700000|100%| O|  |TAMS 0x0000000084600000| PB 0x0000000084600000| Untracked |  0
|  71|0x0000000084700000, 0x0000000084800000, 0x0000000084800000|100%| O|  |TAMS 0x0000000084700000| PB 0x0000000084700000| Untracked |  0
|  72|0x0000000084800000, 0x0000000084900000, 0x0000000084900000|100%| O|  |TAMS 0x0000000084800000| PB 0x0000000084800000| Untracked |  0
|  73|0x0000000084900000, 0x0000000084a00000, 0x0000000084a00000|100%| O|  |TAMS 0x0000000084900000| PB 0x0000000084900000| Untracked |  0
|  74|0x0000000084a00000, 0x0000000084b00000, 0x0000000084b00000|100%| O|  |TAMS 0x0000000084a00000| PB 0x0000000084a00000| Untracked |  0
|  75|0x0000000084b00000, 0x0000000084c00000, 0x0000000084c00000|100%| O|  |TAMS 0x0000000084b00000| PB 0x0000000084b00000| Untracked |  0
|  76|0x0000000084c00000, 0x0000000084d00000, 0x0000000084d00000|100%| O|  |TAMS 0x0000000084c00000| PB 0x0000000084c00000| Untracked |  0
|  77|0x0000000084d00000, 0x0000000084e00000, 0x0000000084e00000|100%| O|  |TAMS 0x0000000084d00000| PB 0x0000000084d00000| Untracked |  0
|  78|0x0000000084e00000, 0x0000000084f00000, 0x0000000084f00000|100%| O|  |TAMS 0x0000000084e00000| PB 0x0000000084e00000| Untracked |  0
|  79|0x0000000084f00000, 0x0000000085000000, 0x0000000085000000|100%|HS|  |TAMS 0x0000000084f00000| PB 0x0000000084f00000| Complete |  0
|  80|0x0000000085000000, 0x0000000085100000, 0x0000000085100000|100%|HS|  |TAMS 0x0000000085000000| PB 0x0000000085000000| Complete |  0
|  81|0x0000000085100000, 0x0000000085200000, 0x0000000085200000|100%|HS|  |TAMS 0x0000000085100000| PB 0x0000000085100000| Complete |  0
|  82|0x0000000085200000, 0x0000000085300000, 0x0000000085300000|100%|HC|  |TAMS 0x0000000085200000| PB 0x0000000085200000| Complete |  0
|  83|0x0000000085300000, 0x0000000085400000, 0x0000000085400000|100%|HS|  |TAMS 0x0000000085300000| PB 0x0000000085300000| Complete |  0
|  84|0x0000000085400000, 0x0000000085500000, 0x0000000085500000|100%|HC|  |TAMS 0x0000000085400000| PB 0x0000000085400000| Complete |  0
|  85|0x0000000085500000, 0x0000000085600000, 0x0000000085600000|100%| O|  |TAMS 0x0000000085500000| PB 0x0000000085500000| Untracked |  0
|  86|0x0000000085600000, 0x0000000085700000, 0x0000000085700000|100%|HS|  |TAMS 0x0000000085600000| PB 0x0000000085600000| Complete |  0
|  87|0x0000000085700000, 0x0000000085800000, 0x0000000085800000|100%|HC|  |TAMS 0x0000000085700000| PB 0x0000000085700000| Complete |  0
|  88|0x0000000085800000, 0x0000000085900000, 0x0000000085900000|100%|HC|  |TAMS 0x0000000085800000| PB 0x0000000085800000| Complete |  0
|  89|0x0000000085900000, 0x0000000085a00000, 0x0000000085a00000|100%|HC|  |TAMS 0x0000000085900000| PB 0x0000000085900000| Complete |  0
|  90|0x0000000085a00000, 0x0000000085b00000, 0x0000000085b00000|100%| O|  |TAMS 0x0000000085a00000| PB 0x0000000085a00000| Untracked |  0
|  91|0x0000000085b00000, 0x0000000085c00000, 0x0000000085c00000|100%| O|  |TAMS 0x0000000085b00000| PB 0x0000000085b00000| Untracked |  0
|  92|0x0000000085c00000, 0x0000000085d00000, 0x0000000085d00000|100%| O|  |TAMS 0x0000000085c00000| PB 0x0000000085c00000| Untracked |  0
|  93|0x0000000085d00000, 0x0000000085e00000, 0x0000000085e00000|100%| O|  |TAMS 0x0000000085d00000| PB 0x0000000085d00000| Untracked |  0
|  94|0x0000000085e00000, 0x0000000085f00000, 0x0000000085f00000|100%| O|  |TAMS 0x0000000085e00000| PB 0x0000000085e00000| Untracked |  0
|  95|0x0000000085f00000, 0x0000000086000000, 0x0000000086000000|100%| O|Cm|TAMS 0x0000000085f00000| PB 0x0000000085f00000| Complete |  0
|  96|0x0000000086000000, 0x0000000086100000, 0x0000000086100000|100%| O|  |TAMS 0x0000000086000000| PB 0x0000000086000000| Untracked |  0
|  97|0x0000000086100000, 0x0000000086200000, 0x0000000086200000|100%|HS|  |TAMS 0x0000000086100000| PB 0x0000000086100000| Complete |  0
|  98|0x0000000086200000, 0x0000000086300000, 0x0000000086300000|100%|HC|  |TAMS 0x0000000086200000| PB 0x0000000086200000| Complete |  0
|  99|0x0000000086300000, 0x0000000086400000, 0x0000000086400000|100%|HC|  |TAMS 0x0000000086300000| PB 0x0000000086300000| Complete |  0
| 100|0x0000000086400000, 0x0000000086500000, 0x0000000086500000|100%|HC|  |TAMS 0x0000000086400000| PB 0x0000000086400000| Complete |  0
| 101|0x0000000086500000, 0x0000000086600000, 0x0000000086600000|100%| O|  |TAMS 0x0000000086500000| PB 0x0000000086500000| Untracked |  0
| 102|0x0000000086600000, 0x0000000086700000, 0x0000000086700000|100%| O|  |TAMS 0x0000000086600000| PB 0x0000000086600000| Untracked |  0
| 103|0x0000000086700000, 0x0000000086800000, 0x0000000086800000|100%| O|  |TAMS 0x0000000086700000| PB 0x0000000086700000| Untracked |  0
| 104|0x0000000086800000, 0x0000000086900000, 0x0000000086900000|100%| O|  |TAMS 0x0000000086800000| PB 0x0000000086800000| Untracked |  0
| 105|0x0000000086900000, 0x0000000086a00000, 0x0000000086a00000|100%| O|  |TAMS 0x0000000086900000| PB 0x0000000086900000| Untracked |  0
| 106|0x0000000086a00000, 0x0000000086b00000, 0x0000000086b00000|100%| O|Cm|TAMS 0x0000000086a00000| PB 0x0000000086a00000| Complete |  0
| 107|0x0000000086b00000, 0x0000000086c00000, 0x0000000086c00000|100%| O|  |TAMS 0x0000000086b00000| PB 0x0000000086b00000| Untracked |  0
| 108|0x0000000086c00000, 0x0000000086d00000, 0x0000000086d00000|100%| O|  |TAMS 0x0000000086c00000| PB 0x0000000086c00000| Untracked |  0
| 109|0x0000000086d00000, 0x0000000086e00000, 0x0000000086e00000|100%| O|  |TAMS 0x0000000086d00000| PB 0x0000000086d00000| Untracked |  0
| 110|0x0000000086e00000, 0x0000000086f00000, 0x0000000086f00000|100%|HS|  |TAMS 0x0000000086e00000| PB 0x0000000086e00000| Complete |  0
| 111|0x0000000086f00000, 0x0000000087000000, 0x0000000087000000|100%| O|Cm|TAMS 0x0000000086f00000| PB 0x0000000086f00000| Complete |  0
| 112|0x0000000087000000, 0x0000000087100000, 0x0000000087100000|100%|HS|  |TAMS 0x0000000087000000| PB 0x0000000087000000| Complete |  0
| 113|0x0000000087100000, 0x0000000087200000, 0x0000000087200000|100%|HS|  |TAMS 0x0000000087100000| PB 0x0000000087100000| Complete |  0
| 114|0x0000000087200000, 0x0000000087300000, 0x0000000087300000|100%| O|  |TAMS 0x0000000087200000| PB 0x0000000087200000| Untracked |  0
| 115|0x0000000087300000, 0x0000000087400000, 0x0000000087400000|100%|HS|  |TAMS 0x0000000087300000| PB 0x0000000087300000| Complete |  0
| 116|0x0000000087400000, 0x0000000087500000, 0x0000000087500000|100%|HC|  |TAMS 0x0000000087400000| PB 0x0000000087400000| Complete |  0
| 117|0x0000000087500000, 0x0000000087600000, 0x0000000087600000|100%| O|  |TAMS 0x0000000087500000| PB 0x0000000087500000| Untracked |  0
| 118|0x0000000087600000, 0x0000000087700000, 0x0000000087700000|100%|HS|  |TAMS 0x0000000087600000| PB 0x0000000087600000| Complete |  0
| 119|0x0000000087700000, 0x0000000087800000, 0x0000000087800000|100%| O|  |TAMS 0x0000000087700000| PB 0x0000000087700000| Untracked |  0
| 120|0x0000000087800000, 0x0000000087900000, 0x0000000087900000|100%| O|  |TAMS 0x0000000087800000| PB 0x0000000087800000| Untracked |  0
| 121|0x0000000087900000, 0x0000000087a00000, 0x0000000087a00000|100%| O|  |TAMS 0x0000000087900000| PB 0x0000000087900000| Untracked |  0
| 122|0x0000000087a00000, 0x0000000087b00000, 0x0000000087b00000|100%| O|  |TAMS 0x0000000087a00000| PB 0x0000000087a00000| Untracked |  0
| 123|0x0000000087b00000, 0x0000000087c00000, 0x0000000087c00000|100%| O|  |TAMS 0x0000000087b00000| PB 0x0000000087b00000| Untracked |  0
| 124|0x0000000087c00000, 0x0000000087d00000, 0x0000000087d00000|100%| O|  |TAMS 0x0000000087c00000| PB 0x0000000087c00000| Untracked |  0
| 125|0x0000000087d00000, 0x0000000087e00000, 0x0000000087e00000|100%| O|  |TAMS 0x0000000087d00000| PB 0x0000000087d00000| Untracked |  0
| 126|0x0000000087e00000, 0x0000000087f00000, 0x0000000087f00000|100%| O|  |TAMS 0x0000000087e00000| PB 0x0000000087e00000| Untracked |  0
| 127|0x0000000087f00000, 0x0000000088000000, 0x0000000088000000|100%| O|  |TAMS 0x0000000087f00000| PB 0x0000000087f00000| Untracked |  0
| 128|0x0000000088000000, 0x0000000088100000, 0x0000000088100000|100%| O|  |TAMS 0x0000000088000000| PB 0x0000000088000000| Untracked |  0
| 129|0x0000000088100000, 0x0000000088200000, 0x0000000088200000|100%| O|  |TAMS 0x0000000088100000| PB 0x0000000088100000| Untracked |  0
| 130|0x0000000088200000, 0x0000000088300000, 0x0000000088300000|100%| O|  |TAMS 0x0000000088200000| PB 0x0000000088200000| Untracked |  0
| 131|0x0000000088300000, 0x0000000088400000, 0x0000000088400000|100%| O|  |TAMS 0x0000000088300000| PB 0x0000000088300000| Untracked |  0
| 132|0x0000000088400000, 0x0000000088500000, 0x0000000088500000|100%| O|  |TAMS 0x0000000088400000| PB 0x0000000088400000| Untracked |  0
| 133|0x0000000088500000, 0x0000000088600000, 0x0000000088600000|100%| O|  |TAMS 0x0000000088500000| PB 0x0000000088500000| Untracked |  0
| 134|0x0000000088600000, 0x0000000088700000, 0x0000000088700000|100%| O|  |TAMS 0x0000000088600000| PB 0x0000000088600000| Untracked |  0
| 135|0x0000000088700000, 0x00000000887f6d80, 0x0000000088800000| 96%| O|  |TAMS 0x0000000088700000| PB 0x0000000088700000| Untracked |  0
| 136|0x0000000088800000, 0x0000000088800000, 0x0000000088900000|  0%| F|  |TAMS 0x0000000088800000| PB 0x0000000088800000| Untracked |  0
| 137|0x0000000088900000, 0x0000000088900000, 0x0000000088a00000|  0%| F|  |TAMS 0x0000000088900000| PB 0x0000000088900000| Untracked |  0
| 138|0x0000000088a00000, 0x0000000088a00000, 0x0000000088b00000|  0%| F|  |TAMS 0x0000000088a00000| PB 0x0000000088a00000| Untracked |  0
| 139|0x0000000088b00000, 0x0000000088b00000, 0x0000000088c00000|  0%| F|  |TAMS 0x0000000088b00000| PB 0x0000000088b00000| Untracked |  0
| 140|0x0000000088c00000, 0x0000000088c00000, 0x0000000088d00000|  0%| F|  |TAMS 0x0000000088c00000| PB 0x0000000088c00000| Untracked |  0
| 141|0x0000000088d00000, 0x0000000088d00000, 0x0000000088e00000|  0%| F|  |TAMS 0x0000000088d00000| PB 0x0000000088d00000| Untracked |  0
| 142|0x0000000088e00000, 0x0000000088e00000, 0x0000000088f00000|  0%| F|  |TAMS 0x0000000088e00000| PB 0x0000000088e00000| Untracked |  0
| 143|0x0000000088f00000, 0x0000000088f00000, 0x0000000089000000|  0%| F|  |TAMS 0x0000000088f00000| PB 0x0000000088f00000| Untracked |  0
| 144|0x0000000089000000, 0x0000000089000000, 0x0000000089100000|  0%| F|  |TAMS 0x0000000089000000| PB 0x0000000089000000| Untracked |  0
| 145|0x0000000089100000, 0x0000000089100000, 0x0000000089200000|  0%| F|  |TAMS 0x0000000089100000| PB 0x0000000089100000| Untracked |  0
| 146|0x0000000089200000, 0x0000000089200000, 0x0000000089300000|  0%| F|  |TAMS 0x0000000089200000| PB 0x0000000089200000| Untracked |  0
| 147|0x0000000089300000, 0x0000000089300000, 0x0000000089400000|  0%| F|  |TAMS 0x0000000089300000| PB 0x0000000089300000| Untracked |  0
| 148|0x0000000089400000, 0x0000000089400000, 0x0000000089500000|  0%| F|  |TAMS 0x0000000089400000| PB 0x0000000089400000| Untracked |  0
| 149|0x0000000089500000, 0x0000000089500000, 0x0000000089600000|  0%| F|  |TAMS 0x0000000089500000| PB 0x0000000089500000| Untracked |  0
| 150|0x0000000089600000, 0x0000000089600000, 0x0000000089700000|  0%| F|  |TAMS 0x0000000089600000| PB 0x0000000089600000| Untracked |  0
| 151|0x0000000089700000, 0x0000000089700000, 0x0000000089800000|  0%| F|  |TAMS 0x0000000089700000| PB 0x0000000089700000| Untracked |  0
| 152|0x0000000089800000, 0x0000000089800000, 0x0000000089900000|  0%| F|  |TAMS 0x0000000089800000| PB 0x0000000089800000| Untracked |  0
| 153|0x0000000089900000, 0x0000000089900000, 0x0000000089a00000|  0%| F|  |TAMS 0x0000000089900000| PB 0x0000000089900000| Untracked |  0
| 154|0x0000000089a00000, 0x0000000089a00000, 0x0000000089b00000|  0%| F|  |TAMS 0x0000000089a00000| PB 0x0000000089a00000| Untracked |  0
| 155|0x0000000089b00000, 0x0000000089b00000, 0x0000000089c00000|  0%| F|  |TAMS 0x0000000089b00000| PB 0x0000000089b00000| Untracked |  0
| 156|0x0000000089c00000, 0x0000000089c00000, 0x0000000089d00000|  0%| F|  |TAMS 0x0000000089c00000| PB 0x0000000089c00000| Untracked |  0
| 157|0x0000000089d00000, 0x0000000089d00000, 0x0000000089e00000|  0%| F|  |TAMS 0x0000000089d00000| PB 0x0000000089d00000| Untracked |  0
| 158|0x0000000089e00000, 0x0000000089e00000, 0x0000000089f00000|  0%| F|  |TAMS 0x0000000089e00000| PB 0x0000000089e00000| Untracked |  0
| 159|0x0000000089f00000, 0x0000000089f00000, 0x000000008a000000|  0%| F|  |TAMS 0x0000000089f00000| PB 0x0000000089f00000| Untracked |  0
| 160|0x000000008a000000, 0x000000008a000000, 0x000000008a100000|  0%| F|  |TAMS 0x000000008a000000| PB 0x000000008a000000| Untracked |  0
| 161|0x000000008a100000, 0x000000008a100000, 0x000000008a200000|  0%| F|  |TAMS 0x000000008a100000| PB 0x000000008a100000| Untracked |  0
| 162|0x000000008a200000, 0x000000008a200000, 0x000000008a300000|  0%| F|  |TAMS 0x000000008a200000| PB 0x000000008a200000| Untracked |  0
| 163|0x000000008a300000, 0x000000008a300000, 0x000000008a400000|  0%| F|  |TAMS 0x000000008a300000| PB 0x000000008a300000| Untracked |  0
| 164|0x000000008a400000, 0x000000008a400000, 0x000000008a500000|  0%| F|  |TAMS 0x000000008a400000| PB 0x000000008a400000| Untracked |  0
| 165|0x000000008a500000, 0x000000008a500000, 0x000000008a600000|  0%| F|  |TAMS 0x000000008a500000| PB 0x000000008a500000| Untracked |  0
| 166|0x000000008a600000, 0x000000008a600000, 0x000000008a700000|  0%| F|  |TAMS 0x000000008a600000| PB 0x000000008a600000| Untracked |  0
| 167|0x000000008a700000, 0x000000008a700000, 0x000000008a800000|  0%| F|  |TAMS 0x000000008a700000| PB 0x000000008a700000| Untracked |  0
| 168|0x000000008a800000, 0x000000008a800000, 0x000000008a900000|  0%| F|  |TAMS 0x000000008a800000| PB 0x000000008a800000| Untracked |  0
| 169|0x000000008a900000, 0x000000008a900000, 0x000000008aa00000|  0%| F|  |TAMS 0x000000008a900000| PB 0x000000008a900000| Untracked |  0
| 170|0x000000008aa00000, 0x000000008aa00000, 0x000000008ab00000|  0%| F|  |TAMS 0x000000008aa00000| PB 0x000000008aa00000| Untracked |  0
| 171|0x000000008ab00000, 0x000000008ab00000, 0x000000008ac00000|  0%| F|  |TAMS 0x000000008ab00000| PB 0x000000008ab00000| Untracked |  0
| 172|0x000000008ac00000, 0x000000008ac00000, 0x000000008ad00000|  0%| F|  |TAMS 0x000000008ac00000| PB 0x000000008ac00000| Untracked |  0
| 173|0x000000008ad00000, 0x000000008ad00000, 0x000000008ae00000|  0%| F|  |TAMS 0x000000008ad00000| PB 0x000000008ad00000| Untracked |  0
| 174|0x000000008ae00000, 0x000000008ae00000, 0x000000008af00000|  0%| F|  |TAMS 0x000000008ae00000| PB 0x000000008ae00000| Untracked |  0
| 175|0x000000008af00000, 0x000000008af00000, 0x000000008b000000|  0%| F|  |TAMS 0x000000008af00000| PB 0x000000008af00000| Untracked |  0
| 176|0x000000008b000000, 0x000000008b000000, 0x000000008b100000|  0%| F|  |TAMS 0x000000008b000000| PB 0x000000008b000000| Untracked |  0
| 177|0x000000008b100000, 0x000000008b100000, 0x000000008b200000|  0%| F|  |TAMS 0x000000008b100000| PB 0x000000008b100000| Untracked |  0
| 178|0x000000008b200000, 0x000000008b200000, 0x000000008b300000|  0%| F|  |TAMS 0x000000008b200000| PB 0x000000008b200000| Untracked |  0
| 179|0x000000008b300000, 0x000000008b300000, 0x000000008b400000|  0%| F|  |TAMS 0x000000008b300000| PB 0x000000008b300000| Untracked |  0
| 180|0x000000008b400000, 0x000000008b400000, 0x000000008b500000|  0%| F|  |TAMS 0x000000008b400000| PB 0x000000008b400000| Untracked |  0
| 181|0x000000008b500000, 0x000000008b500000, 0x000000008b600000|  0%| F|  |TAMS 0x000000008b500000| PB 0x000000008b500000| Untracked |  0
| 182|0x000000008b600000, 0x000000008b600000, 0x000000008b700000|  0%| F|  |TAMS 0x000000008b600000| PB 0x000000008b600000| Untracked |  0
| 183|0x000000008b700000, 0x000000008b700000, 0x000000008b800000|  0%| F|  |TAMS 0x000000008b700000| PB 0x000000008b700000| Untracked |  0
| 184|0x000000008b800000, 0x000000008b800000, 0x000000008b900000|  0%| F|  |TAMS 0x000000008b800000| PB 0x000000008b800000| Untracked |  0
| 185|0x000000008b900000, 0x000000008b900000, 0x000000008ba00000|  0%| F|  |TAMS 0x000000008b900000| PB 0x000000008b900000| Untracked |  0
| 186|0x000000008ba00000, 0x000000008ba00000, 0x000000008bb00000|  0%| F|  |TAMS 0x000000008ba00000| PB 0x000000008ba00000| Untracked |  0
| 187|0x000000008bb00000, 0x000000008bb00000, 0x000000008bc00000|  0%| F|  |TAMS 0x000000008bb00000| PB 0x000000008bb00000| Untracked |  0
| 188|0x000000008bc00000, 0x000000008bc00000, 0x000000008bd00000|  0%| F|  |TAMS 0x000000008bc00000| PB 0x000000008bc00000| Untracked |  0
| 189|0x000000008bd00000, 0x000000008bd00000, 0x000000008be00000|  0%| F|  |TAMS 0x000000008bd00000| PB 0x000000008bd00000| Untracked |  0
| 190|0x000000008be00000, 0x000000008be00000, 0x000000008bf00000|  0%| F|  |TAMS 0x000000008be00000| PB 0x000000008be00000| Untracked |  0
| 191|0x000000008bf00000, 0x000000008bf00000, 0x000000008c000000|  0%| F|  |TAMS 0x000000008bf00000| PB 0x000000008bf00000| Untracked |  0
| 192|0x000000008c000000, 0x000000008c000000, 0x000000008c100000|  0%| F|  |TAMS 0x000000008c000000| PB 0x000000008c000000| Untracked |  0
| 193|0x000000008c100000, 0x000000008c100000, 0x000000008c200000|  0%| F|  |TAMS 0x000000008c100000| PB 0x000000008c100000| Untracked |  0
| 194|0x000000008c200000, 0x000000008c200000, 0x000000008c300000|  0%| F|  |TAMS 0x000000008c200000| PB 0x000000008c200000| Untracked |  0
| 195|0x000000008c300000, 0x000000008c300000, 0x000000008c400000|  0%| F|  |TAMS 0x000000008c300000| PB 0x000000008c300000| Untracked |  0
| 196|0x000000008c400000, 0x000000008c400000, 0x000000008c500000|  0%| F|  |TAMS 0x000000008c400000| PB 0x000000008c400000| Untracked |  0
| 197|0x000000008c500000, 0x000000008c500000, 0x000000008c600000|  0%| F|  |TAMS 0x000000008c500000| PB 0x000000008c500000| Untracked |  0
| 198|0x000000008c600000, 0x000000008c600000, 0x000000008c700000|  0%| F|  |TAMS 0x000000008c600000| PB 0x000000008c600000| Untracked |  0
| 199|0x000000008c700000, 0x000000008c700000, 0x000000008c800000|  0%| F|  |TAMS 0x000000008c700000| PB 0x000000008c700000| Untracked |  0
| 200|0x000000008c800000, 0x000000008c800000, 0x000000008c900000|  0%| F|  |TAMS 0x000000008c800000| PB 0x000000008c800000| Untracked |  0
| 201|0x000000008c900000, 0x000000008c900000, 0x000000008ca00000|  0%| F|  |TAMS 0x000000008c900000| PB 0x000000008c900000| Untracked |  0
| 202|0x000000008ca00000, 0x000000008ca00000, 0x000000008cb00000|  0%| F|  |TAMS 0x000000008ca00000| PB 0x000000008ca00000| Untracked |  0
| 203|0x000000008cb00000, 0x000000008cb00000, 0x000000008cc00000|  0%| F|  |TAMS 0x000000008cb00000| PB 0x000000008cb00000| Untracked |  0
| 204|0x000000008cc00000, 0x000000008cc00000, 0x000000008cd00000|  0%| F|  |TAMS 0x000000008cc00000| PB 0x000000008cc00000| Untracked |  0
| 205|0x000000008cd00000, 0x000000008cd00000, 0x000000008ce00000|  0%| F|  |TAMS 0x000000008cd00000| PB 0x000000008cd00000| Untracked |  0
| 206|0x000000008ce00000, 0x000000008ce00000, 0x000000008cf00000|  0%| F|  |TAMS 0x000000008ce00000| PB 0x000000008ce00000| Untracked |  0
| 207|0x000000008cf00000, 0x000000008cf00000, 0x000000008d000000|  0%| F|  |TAMS 0x000000008cf00000| PB 0x000000008cf00000| Untracked |  0
| 208|0x000000008d000000, 0x000000008d000000, 0x000000008d100000|  0%| F|  |TAMS 0x000000008d000000| PB 0x000000008d000000| Untracked |  0
| 209|0x000000008d100000, 0x000000008d100000, 0x000000008d200000|  0%| F|  |TAMS 0x000000008d100000| PB 0x000000008d100000| Untracked |  0
| 210|0x000000008d200000, 0x000000008d200000, 0x000000008d300000|  0%| F|  |TAMS 0x000000008d200000| PB 0x000000008d200000| Untracked |  0
| 211|0x000000008d300000, 0x000000008d300000, 0x000000008d400000|  0%| F|  |TAMS 0x000000008d300000| PB 0x000000008d300000| Untracked |  0
| 212|0x000000008d400000, 0x000000008d400000, 0x000000008d500000|  0%| F|  |TAMS 0x000000008d400000| PB 0x000000008d400000| Untracked |  0
| 213|0x000000008d500000, 0x000000008d500000, 0x000000008d600000|  0%| F|  |TAMS 0x000000008d500000| PB 0x000000008d500000| Untracked |  0
| 214|0x000000008d600000, 0x000000008d600000, 0x000000008d700000|  0%| F|  |TAMS 0x000000008d600000| PB 0x000000008d600000| Untracked |  0
| 215|0x000000008d700000, 0x000000008d700000, 0x000000008d800000|  0%| F|  |TAMS 0x000000008d700000| PB 0x000000008d700000| Untracked |  0
| 216|0x000000008d800000, 0x000000008d800000, 0x000000008d900000|  0%| F|  |TAMS 0x000000008d800000| PB 0x000000008d800000| Untracked |  0
| 217|0x000000008d900000, 0x000000008d9a4260, 0x000000008da00000| 64%| E|  |TAMS 0x000000008d900000| PB 0x000000008d900000| Complete |  0
| 218|0x000000008da00000, 0x000000008db00000, 0x000000008db00000|100%| E|CS|TAMS 0x000000008da00000| PB 0x000000008da00000| Complete |  0
| 219|0x000000008db00000, 0x000000008dc00000, 0x000000008dc00000|100%| E|CS|TAMS 0x000000008db00000| PB 0x000000008db00000| Complete |  0
| 220|0x000000008dc00000, 0x000000008dd00000, 0x000000008dd00000|100%| E|  |TAMS 0x000000008dc00000| PB 0x000000008dc00000| Complete |  0
| 221|0x000000008dd00000, 0x000000008de00000, 0x000000008de00000|100%| E|CS|TAMS 0x000000008dd00000| PB 0x000000008dd00000| Complete |  0
| 222|0x000000008de00000, 0x000000008df00000, 0x000000008df00000|100%| E|CS|TAMS 0x000000008de00000| PB 0x000000008de00000| Complete |  0
| 223|0x000000008df00000, 0x000000008df8f3b8, 0x000000008e000000| 55%| S|CS|TAMS 0x000000008df00000| PB 0x000000008df00000| Complete |  0
| 224|0x000000008e000000, 0x000000008e100000, 0x000000008e100000|100%| E|CS|TAMS 0x000000008e000000| PB 0x000000008e000000| Complete |  0
| 225|0x000000008e100000, 0x000000008e200000, 0x000000008e200000|100%| E|CS|TAMS 0x000000008e100000| PB 0x000000008e100000| Complete |  0
| 226|0x000000008e200000, 0x000000008e300000, 0x000000008e300000|100%| E|CS|TAMS 0x000000008e200000| PB 0x000000008e200000| Complete |  0
|2046|0x00000000ffe00000, 0x00000000fff00000, 0x00000000fff00000|100%| E|CS|TAMS 0x00000000ffe00000| PB 0x00000000ffe00000| Complete |  0
|2047|0x00000000fff00000, 0x0000000100000000, 0x0000000100000000|100%| E|CS|TAMS 0x00000000fff00000| PB 0x00000000fff00000| Complete |  0

Card table byte_map: [0x0000026b79ab0000,0x0000026b79eb0000] _byte_map_base: 0x0000026b796b0000

Marking Bits: (CMBitMap*) 0x0000026b7963fb70
 Bits: [0x0000026b79eb0000, 0x0000026b7beb0000)

Polling page: 0x0000026b77460000

Metaspace:

Usage:
  Non-class:     83.84 MB used.
      Class:     14.11 MB used.
       Both:     97.95 MB used.

Virtual space:
  Non-class space:      128.00 MB reserved,      85.12 MB ( 67%) committed,  2 nodes.
      Class space:      416.00 MB reserved,      15.25 MB (  4%) committed,  1 nodes.
             Both:      544.00 MB reserved,     100.38 MB ( 18%) committed. 

Chunk freelists:
   Non-Class:  10.80 MB
       Class:  592.00 KB
        Both:  11.38 MB

MaxMetaspaceSize: 512.00 MB
CompressedClassSpaceSize: 416.00 MB
Initial GC threshold: 21.00 MB
Current GC threshold: 166.06 MB
CDS: on
 - commit_granule_bytes: 65536.
 - commit_granule_words: 8192.
 - virtual_space_node_default_size: 8388608.
 - enlarge_chunks_in_place: 1.
 - use_allocation_guard: 0.


Internal statistics:

num_allocs_failed_limit: 6.
num_arena_births: 4116.
num_arena_deaths: 0.
num_vsnodes_births: 3.
num_vsnodes_deaths: 0.
num_space_committed: 1606.
num_space_uncommitted: 0.
num_chunks_returned_to_freelist: 6.
num_chunks_taken_from_freelist: 8472.
num_chunk_merges: 0.
num_chunk_splits: 5650.
num_chunks_enlarged: 3726.
num_inconsistent_stats: 0.

CodeHeap 'non-profiled nmethods': size=120064Kb used=6057Kb max_used=6298Kb free=114006Kb
 bounds [0x0000026b10140000, 0x0000026b10770000, 0x0000026b17680000]
CodeHeap 'profiled nmethods': size=120000Kb used=17628Kb max_used=17881Kb free=102371Kb
 bounds [0x0000026b08680000, 0x0000026b09800000, 0x0000026b0fbb0000]
CodeHeap 'non-nmethods': size=5696Kb used=3090Kb max_used=3122Kb free=2605Kb
 bounds [0x0000026b0fbb0000, 0x0000026b0fee0000, 0x0000026b10140000]
CodeCache: size=245760Kb, used=26775Kb, max_used=27301Kb, free=218982Kb
 total_blobs=13099, nmethods=12114, adapters=890, full_count=0
Compilation: enabled, stopped_count=0, restarted_count=0

Compilation events (20 events):
Event: 198.772 Thread 0x0000026b7e44bdb0 nmethod 14409 0x0000026b101c9a88 code [0x0000026b101c9b80, 0x0000026b101c9ce8]
Event: 198.772 Thread 0x0000026b7e44bdb0 14410   !   4       java.util.stream.ReferencePipeline$7$1FlatMap::accept (103 bytes)
Event: 198.797 Thread 0x0000026b7e44bdb0 nmethod 14410 0x0000026b10370688 code [0x0000026b10370820, 0x0000026b10370d38]
Event: 200.346 Thread 0x0000026b7e46e220 14411       3       org.gradle.internal.instantiation.generator.AsmBackedClassGenerator$ClassBuilderImpl::applyManagedStateToProperty (14 bytes)
Event: 200.365 Thread 0x0000026b7e46e220 nmethod 14411 0x0000026b08c73b08 code [0x0000026b08c73da0, 0x0000026b08c74f40]
Event: 200.463 Thread 0x0000026b7e46e220 14412   !   3       java.util.concurrent.ConcurrentHashMap::computeIfAbsent (576 bytes)
Event: 200.481 Thread 0x0000026b7e46e220 nmethod 14412 0x0000026b0879f188 code [0x0000026b0879f540, 0x0000026b087a1888]
Event: 200.876 Thread 0x0000026b7e44bdb0 14413       4       java.lang.invoke.VarHandleGuards::guard_LII_Z (86 bytes)
Event: 200.886 Thread 0x0000026b7e44bdb0 nmethod 14413 0x0000026b10669288 code [0x0000026b106693e0, 0x0000026b106699b8]
Event: 200.891 Thread 0x0000026b7e46e220 14414       3       org.gradle.tooling.internal.provider.runner.PluginApplicationTracker::findRunningPluginApplication (32 bytes)
Event: 200.893 Thread 0x0000026b7e46e220 nmethod 14414 0x0000026b08683d88 code [0x0000026b08683f40, 0x0000026b086847e8]
Event: 200.893 Thread 0x0000026b7e46e220 14415       3       org.gradle.tooling.internal.provider.runner.PluginApplicationTracker$$Lambda/0x0000026b199feff8::<init> (10 bytes)
Event: 200.893 Thread 0x0000026b7e46e220 nmethod 14415 0x0000026b086a0908 code [0x0000026b086a0a20, 0x0000026b086a0bd8]
Event: 201.213 Thread 0x0000026b7e46e220 14416       3       com.android.utils.StringHelper::appendCapitalized (206 bytes)
Event: 201.218 Thread 0x0000026b7e46e220 nmethod 14416 0x0000026b087a3588 code [0x0000026b087a3a40, 0x0000026b087a5c38]
Event: 201.275 Thread 0x0000026b7e44bdb0 14417       4       com.google.common.collect.MapMakerInternalMap$StrongKeyWeakValueEntry$Helper::newEntry (30 bytes)
Event: 201.280 Thread 0x0000026b7e44bdb0 nmethod 14417 0x0000026b10390408 code [0x0000026b10390520, 0x0000026b10390960]
Event: 201.393 Thread 0x0000026b7e46e220 14418       3       java.lang.invoke.InfoFromMemberName::getDeclaringClass (8 bytes)
Event: 201.394 Thread 0x0000026b7e46e220 nmethod 14418 0x0000026b08738c08 code [0x0000026b08738d20, 0x0000026b08738e50]
Event: 201.421 Thread 0x0000026b7e44bdb0 14419       4       java.net.URLStreamHandler::parseURL (1124 bytes)

GC Heap History (20 events):
Event: 113.888 GC heap before
{Heap before GC invocations=54 (full 0):
 garbage-first heap   total reserved 2097152K, committed 189440K, used 165388K [0x0000000080000000, 0x0000000100000000)
  region size 1024K, 55 young (56320K), 4 survivors (4096K)
 Metaspace       used 82911K, committed 85312K, reserved 557056K
  class space    used 12069K, committed 13184K, reserved 425984K
}
Event: 113.924 GC heap after
{Heap after GC invocations=55 (full 0):
 garbage-first heap   total reserved 2097152K, committed 189440K, used 112559K [0x0000000080000000, 0x0000000100000000)
  region size 1024K, 4 young (4096K), 4 survivors (4096K)
 Metaspace       used 82911K, committed 85312K, reserved 557056K
  class space    used 12069K, committed 13184K, reserved 425984K
}
Event: 115.103 GC heap before
{Heap before GC invocations=55 (full 0):
 garbage-first heap   total reserved 2097152K, committed 189440K, used 163759K [0x0000000080000000, 0x0000000100000000)
  region size 1024K, 55 young (56320K), 4 survivors (4096K)
 Metaspace       used 82920K, committed 85312K, reserved 557056K
  class space    used 12069K, committed 13184K, reserved 425984K
}
Event: 115.122 GC heap after
{Heap after GC invocations=56 (full 0):
 garbage-first heap   total reserved 2097152K, committed 189440K, used 113984K [0x0000000080000000, 0x0000000100000000)
  region size 1024K, 5 young (5120K), 5 survivors (5120K)
 Metaspace       used 82920K, committed 85312K, reserved 557056K
  class space    used 12069K, committed 13184K, reserved 425984K
}
Event: 127.623 GC heap before
{Heap before GC invocations=57 (full 0):
 garbage-first heap   total reserved 2097152K, committed 191488K, used 174400K [0x0000000080000000, 0x0000000100000000)
  region size 1024K, 58 young (59392K), 5 survivors (5120K)
 Metaspace       used 85883K, committed 88256K, reserved 557056K
  class space    used 12408K, committed 13504K, reserved 425984K
}
Event: 127.777 GC heap after
{Heap after GC invocations=58 (full 0):
 garbage-first heap   total reserved 2097152K, committed 191488K, used 124135K [0x0000000080000000, 0x0000000100000000)
  region size 1024K, 8 young (8192K), 8 survivors (8192K)
 Metaspace       used 85883K, committed 88256K, reserved 557056K
  class space    used 12408K, committed 13504K, reserved 425984K
}
Event: 134.172 GC heap before
{Heap before GC invocations=58 (full 0):
 garbage-first heap   total reserved 2097152K, committed 191488K, used 177383K [0x0000000080000000, 0x0000000100000000)
  region size 1024K, 55 young (56320K), 8 survivors (8192K)
 Metaspace       used 89331K, committed 91712K, reserved 557056K
  class space    used 12829K, committed 13952K, reserved 425984K
}
Event: 134.298 GC heap after
{Heap after GC invocations=59 (full 0):
 garbage-first heap   total reserved 2097152K, committed 192512K, used 127824K [0x0000000080000000, 0x0000000100000000)
  region size 1024K, 5 young (5120K), 5 survivors (5120K)
 Metaspace       used 89331K, committed 91712K, reserved 557056K
  class space    used 12829K, committed 13952K, reserved 425984K
}
Event: 138.991 GC heap before
{Heap before GC invocations=59 (full 0):
 garbage-first heap   total reserved 2097152K, committed 192512K, used 175952K [0x0000000080000000, 0x0000000100000000)
  region size 1024K, 52 young (53248K), 5 survivors (5120K)
 Metaspace       used 92304K, committed 94720K, reserved 557056K
  class space    used 13214K, committed 14336K, reserved 425984K
}
Event: 139.037 GC heap after
{Heap after GC invocations=60 (full 0):
 garbage-first heap   total reserved 2097152K, committed 192512K, used 130181K [0x0000000080000000, 0x0000000100000000)
  region size 1024K, 3 young (3072K), 3 survivors (3072K)
 Metaspace       used 92304K, committed 94720K, reserved 557056K
  class space    used 13214K, committed 14336K, reserved 425984K
}
Event: 147.245 GC heap before
{Heap before GC invocations=61 (full 0):
 garbage-first heap   total reserved 2097152K, committed 219136K, used 178309K [0x0000000080000000, 0x0000000100000000)
  region size 1024K, 48 young (49152K), 3 survivors (3072K)
 Metaspace       used 95040K, committed 97408K, reserved 557056K
  class space    used 13612K, committed 14720K, reserved 425984K
}
Event: 147.307 GC heap after
{Heap after GC invocations=62 (full 0):
 garbage-first heap   total reserved 2097152K, committed 219136K, used 133472K [0x0000000080000000, 0x0000000100000000)
  region size 1024K, 4 young (4096K), 4 survivors (4096K)
 Metaspace       used 95040K, committed 97408K, reserved 557056K
  class space    used 13612K, committed 14720K, reserved 425984K
}
Event: 172.967 GC heap before
{Heap before GC invocations=62 (full 0):
 garbage-first heap   total reserved 2097152K, committed 219136K, used 196960K [0x0000000080000000, 0x0000000100000000)
  region size 1024K, 66 young (67584K), 4 survivors (4096K)
 Metaspace       used 96411K, committed 98880K, reserved 557056K
  class space    used 13827K, committed 14976K, reserved 425984K
}
Event: 173.144 GC heap after
{Heap after GC invocations=63 (full 0):
 garbage-first heap   total reserved 2097152K, committed 219136K, used 135915K [0x0000000080000000, 0x0000000100000000)
  region size 1024K, 8 young (8192K), 8 survivors (8192K)
 Metaspace       used 96411K, committed 98880K, reserved 557056K
  class space    used 13827K, committed 14976K, reserved 425984K
}
Event: 173.306 GC heap before
{Heap before GC invocations=63 (full 0):
 garbage-first heap   total reserved 2097152K, committed 219136K, used 137963K [0x0000000080000000, 0x0000000100000000)
  region size 1024K, 10 young (10240K), 8 survivors (8192K)
 Metaspace       used 96423K, committed 98880K, reserved 557056K
  class space    used 13828K, committed 14976K, reserved 425984K
}
Event: 173.590 GC heap after
{Heap after GC invocations=64 (full 0):
 garbage-first heap   total reserved 2097152K, committed 219136K, used 136492K [0x0000000080000000, 0x0000000100000000)
  region size 1024K, 1 young (1024K), 1 survivors (1024K)
 Metaspace       used 96423K, committed 98880K, reserved 557056K
  class space    used 13828K, committed 14976K, reserved 425984K
}
Event: 194.162 GC heap before
{Heap before GC invocations=64 (full 0):
 garbage-first heap   total reserved 2097152K, committed 219136K, used 188716K [0x0000000080000000, 0x0000000100000000)
  region size 1024K, 54 young (55296K), 1 survivors (1024K)
 Metaspace       used 99035K, committed 101504K, reserved 557056K
  class space    used 14224K, committed 15424K, reserved 425984K
}
Event: 194.603 GC heap after
{Heap after GC invocations=65 (full 0):
 garbage-first heap   total reserved 2097152K, committed 219136K, used 138540K [0x0000000080000000, 0x0000000100000000)
  region size 1024K, 3 young (3072K), 3 survivors (3072K)
 Metaspace       used 99035K, committed 101504K, reserved 557056K
  class space    used 14224K, committed 15424K, reserved 425984K
}
Event: 200.619 GC heap before
{Heap before GC invocations=66 (full 0):
 garbage-first heap   total reserved 2097152K, committed 234496K, used 153900K [0x0000000080000000, 0x0000000100000000)
  region size 1024K, 17 young (17408K), 3 survivors (3072K)
 Metaspace       used 99700K, committed 102144K, reserved 557056K
  class space    used 14322K, committed 15488K, reserved 425984K
}
Event: 200.670 GC heap after
{Heap after GC invocations=67 (full 0):
 garbage-first heap   total reserved 2097152K, committed 234496K, used 138776K [0x0000000080000000, 0x0000000100000000)
  region size 1024K, 1 young (1024K), 1 survivors (1024K)
 Metaspace       used 99700K, committed 102144K, reserved 557056K
  class space    used 14322K, committed 15488K, reserved 425984K
}

Dll operation events (15 events):
Event: 0.041 Loaded shared library C:\Program Files\Java\jdk-23\bin\java.dll
Event: 0.103 Loaded shared library C:\Program Files\Java\jdk-23\bin\jsvml.dll
Event: 0.174 Loaded shared library C:\Program Files\Java\jdk-23\bin\zip.dll
Event: 0.193 Loaded shared library C:\Program Files\Java\jdk-23\bin\instrument.dll
Event: 0.198 Loaded shared library C:\Program Files\Java\jdk-23\bin\net.dll
Event: 0.201 Loaded shared library C:\Program Files\Java\jdk-23\bin\nio.dll
Event: 0.209 Loaded shared library C:\Program Files\Java\jdk-23\bin\zip.dll
Event: 1.135 Loaded shared library C:\Program Files\Java\jdk-23\bin\jimage.dll
Event: 1.401 Loaded shared library C:\Program Files\Java\jdk-23\bin\verify.dll
Event: 1.725 Loaded shared library C:\Users\mp-10\.gradle\native\c067742578af261105cb4f569cf0c3c89f3d7b1fecec35dd04571415982c5e48\windows-amd64\native-platform.dll
Event: 1.742 Loaded shared library C:\Users\mp-10\.gradle\native\100fb08df4bc3b14c8652ba06237920a3bd2aa13389f12d3474272988ae205f9\windows-amd64\native-platform-file-events.dll
Event: 4.663 Loaded shared library C:\Program Files\Java\jdk-23\bin\management.dll
Event: 4.667 Loaded shared library C:\Program Files\Java\jdk-23\bin\management_ext.dll
Event: 5.354 Loaded shared library C:\Program Files\Java\jdk-23\bin\extnet.dll
Event: 5.630 Loaded shared library C:\Program Files\Java\jdk-23\bin\sunmscapi.dll

Deoptimization events (20 events):
Event: 195.362 Thread 0x0000026b37067fa0 Uncommon trap: trap_request=0xffffff45 fr.pc=0x0000026b102dbf5c relative=0x000000000000037c
Event: 195.362 Thread 0x0000026b37067fa0 Uncommon trap: reason=unstable_if action=reinterpret pc=0x0000026b102dbf5c method=java.lang.AbstractStringBuilder.appendChars(Ljava/lang/String;II)V @ 11 c2
Event: 195.362 Thread 0x0000026b37067fa0 DEOPT PACKING pc=0x0000026b102dbf5c sp=0x000000872f2f4400
Event: 195.362 Thread 0x0000026b37067fa0 DEOPT UNPACKING pc=0x0000026b0fc07982 sp=0x000000872f2f4320 mode 2
Event: 195.365 Thread 0x0000026b37067fa0 Uncommon trap: trap_request=0xffffff45 fr.pc=0x0000026b102a7b30 relative=0x0000000000000290
Event: 195.365 Thread 0x0000026b37067fa0 Uncommon trap: reason=unstable_if action=reinterpret pc=0x0000026b102a7b30 method=java.lang.String.indexOf([BBILjava/lang/String;I)I @ 50 c2
Event: 195.365 Thread 0x0000026b37067fa0 DEOPT PACKING pc=0x0000026b102a7b30 sp=0x000000872f2f43c0
Event: 195.365 Thread 0x0000026b37067fa0 DEOPT UNPACKING pc=0x0000026b0fc07982 sp=0x000000872f2f42b8 mode 2
Event: 195.366 Thread 0x0000026b37067fa0 Uncommon trap: trap_request=0xffffff45 fr.pc=0x0000026b102a7634 relative=0x0000000000000294
Event: 195.366 Thread 0x0000026b37067fa0 Uncommon trap: reason=unstable_if action=reinterpret pc=0x0000026b102a7634 method=java.lang.String.indexOf([BBILjava/lang/String;I)I @ 50 c2
Event: 195.366 Thread 0x0000026b37067fa0 DEOPT PACKING pc=0x0000026b102a7634 sp=0x000000872f2f4320
Event: 195.366 Thread 0x0000026b37067fa0 DEOPT UNPACKING pc=0x0000026b0fc07982 sp=0x000000872f2f42b0 mode 2
Event: 198.065 Thread 0x0000026b37067fa0 Uncommon trap: trap_request=0xffffff45 fr.pc=0x0000026b10728fbc relative=0x00000000000019fc
Event: 198.065 Thread 0x0000026b37067fa0 Uncommon trap: reason=unstable_if action=reinterpret pc=0x0000026b10728fbc method=java.util.concurrent.ConcurrentHashMap.computeIfAbsent(Ljava/lang/Object;Ljava/util/function/Function;)Ljava/lang/Object; @ 364 c2
Event: 198.065 Thread 0x0000026b37067fa0 DEOPT PACKING pc=0x0000026b10728fbc sp=0x000000872f2f5880
Event: 198.095 Thread 0x0000026b37067fa0 DEOPT UNPACKING pc=0x0000026b0fc07982 sp=0x000000872f2f5808 mode 2
Event: 200.335 Thread 0x0000026b37067fa0 Uncommon trap: trap_request=0xffffff45 fr.pc=0x0000026b105abafc relative=0x00000000000014bc
Event: 200.335 Thread 0x0000026b37067fa0 Uncommon trap: reason=unstable_if action=reinterpret pc=0x0000026b105abafc method=org.objectweb.asm.ByteVector.putInt(I)Lorg/objectweb/asm/ByteVector; @ 13 c2
Event: 200.335 Thread 0x0000026b37067fa0 DEOPT PACKING pc=0x0000026b105abafc sp=0x000000872f2f51c0
Event: 200.335 Thread 0x0000026b37067fa0 DEOPT UNPACKING pc=0x0000026b0fc07982 sp=0x000000872f2f5028 mode 2

Classes loaded (20 events):
Event: 175.175 Loading class java/io/FilterOutputStreamBeanInfo
Event: 175.175 Loading class java/io/FilterOutputStreamBeanInfo done
Event: 175.176 Loading class java/io/OutputStreamBeanInfo
Event: 175.176 Loading class java/io/OutputStreamBeanInfo done
Event: 175.179 Loading class java/io/OutputStreamBeanInfo
Event: 175.179 Loading class java/io/OutputStreamBeanInfo done
Event: 175.180 Loading class java/io/OutputStreamCustomizer
Event: 175.181 Loading class java/io/OutputStreamCustomizer done
Event: 175.182 Loading class java/io/OutputStreamCustomizer
Event: 175.182 Loading class java/io/OutputStreamCustomizer done
Event: 175.184 Loading class java/io/FilterOutputStreamCustomizer
Event: 175.184 Loading class java/io/FilterOutputStreamCustomizer done
Event: 175.187 Loading class java/io/FilterOutputStreamCustomizer
Event: 175.187 Loading class java/io/FilterOutputStreamCustomizer done
Event: 175.189 Loading class java/io/PrintStreamCustomizer
Event: 175.189 Loading class java/io/PrintStreamCustomizer done
Event: 175.190 Loading class java/io/PrintStreamCustomizer
Event: 175.190 Loading class java/io/PrintStreamCustomizer done
Event: 195.368 Loading class java/util/regex/Pattern$Caret
Event: 195.374 Loading class java/util/regex/Pattern$Caret done

Classes unloaded (0 events):
No events

Classes redefined (0 events):
No events

Internal exceptions (20 events):
Event: 174.450 Thread 0x0000026b37067fa0 Exception <a 'java/lang/ClassNotFoundException'{0x000000008cfed0c0}: org/gradle/api/internal/provider/DefaultProviderCustomizer> (0x000000008cfed0c0) 
thrown [s\open\src\hotspot\share\classfile\systemDictionary.cpp, line 313]
Event: 174.637 Thread 0x0000026b37067fa0 Exception <a 'java/lang/ClassNotFoundException'{0x000000008cd52e38}: org/gradle/api/internal/plugins/DefaultPluginContainerBeanInfo> (0x000000008cd52e38) 
thrown [s\open\src\hotspot\share\classfile\systemDictionary.cpp, line 313]
Event: 174.650 Thread 0x0000026b37067fa0 Exception <a 'java/lang/ClassNotFoundException'{0x000000008cd711a0}: org/gradle/api/internal/plugins/DefaultPluginCollectionBeanInfo> (0x000000008cd711a0) 
thrown [s\open\src\hotspot\share\classfile\systemDictionary.cpp, line 313]
Event: 174.663 Thread 0x0000026b37067fa0 Exception <a 'java/lang/ClassNotFoundException'{0x000000008cd8f648}: org/gradle/api/internal/DefaultDomainObjectSetBeanInfo> (0x000000008cd8f648) 
thrown [s\open\src\hotspot\share\classfile\systemDictionary.cpp, line 313]
Event: 174.675 Thread 0x0000026b37067fa0 Exception <a 'java/lang/ClassNotFoundException'{0x000000008cdad6b0}: org/gradle/api/internal/DefaultDomainObjectSetCustomizer> (0x000000008cdad6b0) 
thrown [s\open\src\hotspot\share\classfile\systemDictionary.cpp, line 313]
Event: 174.684 Thread 0x0000026b37067fa0 Exception <a 'java/lang/ClassNotFoundException'{0x000000008cde4f08}: org/gradle/api/internal/plugins/DefaultPluginCollectionCustomizer> (0x000000008cde4f08) 
thrown [s\open\src\hotspot\share\classfile\systemDictionary.cpp, line 313]
Event: 174.706 Thread 0x0000026b37067fa0 Exception <a 'java/lang/ClassNotFoundException'{0x000000008cc39530}: org/gradle/api/internal/plugins/DefaultPluginContainerCustomizer> (0x000000008cc39530) 
thrown [s\open\src\hotspot\share\classfile\systemDictionary.cpp, line 313]
Event: 174.971 Thread 0x0000026b37067fa0 Exception <a 'java/lang/ClassNotFoundException'{0x000000008cca19d0}: EmojisBeanInfo> (0x000000008cca19d0) 
thrown [s\open\src\hotspot\share\classfile\systemDictionary.cpp, line 313]
Event: 174.974 Thread 0x0000026b37067fa0 Exception <a 'java/lang/ClassNotFoundException'{0x000000008ccb4af0}: EmojisCustomizer> (0x000000008ccb4af0) 
thrown [s\open\src\hotspot\share\classfile\systemDictionary.cpp, line 313]
Event: 175.049 Thread 0x0000026b37067fa0 Exception <a 'java/lang/ClassNotFoundException'{0x000000008cce9050}: ColorsBeanInfo> (0x000000008cce9050) 
thrown [s\open\src\hotspot\share\classfile\systemDictionary.cpp, line 313]
Event: 175.050 Thread 0x0000026b37067fa0 Exception <a 'java/lang/ClassNotFoundException'{0x000000008ccfaa30}: ColorsCustomizer> (0x000000008ccfaa30) 
thrown [s\open\src\hotspot\share\classfile\systemDictionary.cpp, line 313]
Event: 175.171 Thread 0x0000026b37067fa0 Exception <a 'java/lang/ClassNotFoundException'{0x000000008cb57480}: org/gradle/internal/io/LinePerThreadBufferingOutputStreamBeanInfo> (0x000000008cb57480) 
thrown [s\open\src\hotspot\share\classfile\systemDictionary.cpp, line 313]
Event: 175.173 Thread 0x0000026b37067fa0 Exception <a 'java/lang/ClassNotFoundException'{0x000000008cb66620}: java/io/PrintStreamBeanInfo> (0x000000008cb66620) 
thrown [s\open\src\hotspot\share\classfile\systemDictionary.cpp, line 313]
Event: 175.175 Thread 0x0000026b37067fa0 Exception <a 'java/lang/ClassNotFoundException'{0x000000008cb75858}: java/io/FilterOutputStreamBeanInfo> (0x000000008cb75858) 
thrown [s\open\src\hotspot\share\classfile\systemDictionary.cpp, line 313]
Event: 175.179 Thread 0x0000026b37067fa0 Exception <a 'java/lang/ClassNotFoundException'{0x000000008cb84c28}: java/io/OutputStreamBeanInfo> (0x000000008cb84c28) 
thrown [s\open\src\hotspot\share\classfile\systemDictionary.cpp, line 313]
Event: 175.182 Thread 0x0000026b37067fa0 Exception <a 'java/lang/ClassNotFoundException'{0x000000008cb93da0}: java/io/OutputStreamCustomizer> (0x000000008cb93da0) 
thrown [s\open\src\hotspot\share\classfile\systemDictionary.cpp, line 313]
Event: 175.188 Thread 0x0000026b37067fa0 Exception <a 'java/lang/ClassNotFoundException'{0x000000008cba6b28}: java/io/FilterOutputStreamCustomizer> (0x000000008cba6b28) 
thrown [s\open\src\hotspot\share\classfile\systemDictionary.cpp, line 313]
Event: 175.190 Thread 0x0000026b37067fa0 Exception <a 'java/lang/ClassNotFoundException'{0x000000008cbbb078}: java/io/PrintStreamCustomizer> (0x000000008cbbb078) 
thrown [s\open\src\hotspot\share\classfile\systemDictionary.cpp, line 313]
Event: 175.201 Thread 0x0000026b37067fa0 Exception <a 'java/lang/ClassNotFoundException'{0x000000008cbeb7b8}: org/gradle/internal/io/LinePerThreadBufferingOutputStreamCustomizer> (0x000000008cbeb7b8) 
thrown [s\open\src\hotspot\share\classfile\systemDictionary.cpp, line 313]
Event: 189.067 Thread 0x0000026b37067fa0 Exception <a 'java/lang/NoSuchMethodError'{0x000000008aec5c18}: 'java.lang.Object java.lang.invoke.DirectMethodHandle$Holder.newInvokeSpecial(java.lang.Object, java.lang.Object, java.lang.Object, java.lang.Object, java.lang.Object, java.lang.Object, java.lang.Object, java.lang.Object, java.lang.Object, java.lang.Object, java.lang.Object, java.lang.Object, java.lang.Object, java.lang.Object, java.lang.Object)'> (0x000000008aec5c18) 
thrown [s\open\src\hotspot\share\interpreter\linkResolver.cpp, line 796]

VM Operations (20 events):
Event: 147.245 Executing VM operation: G1CollectForAllocation (G1 Evacuation Pause)
Event: 147.307 Executing VM operation: G1CollectForAllocation (G1 Evacuation Pause) done
Event: 172.965 Executing VM operation: G1CollectForAllocation (G1 Evacuation Pause)
Event: 173.144 Executing VM operation: G1CollectForAllocation (G1 Evacuation Pause) done
Event: 173.306 Executing VM operation: G1CollectForAllocation (G1 Evacuation Pause)
Event: 173.590 Executing VM operation: G1CollectForAllocation (G1 Evacuation Pause) done
Event: 180.428 Executing VM operation: HandshakeAllThreads (HandshakeForDeflation)
Event: 180.439 Executing VM operation: HandshakeAllThreads (HandshakeForDeflation) done
Event: 180.439 Executing VM operation: RendezvousGCThreads
Event: 180.439 Executing VM operation: RendezvousGCThreads done
Event: 182.527 Executing VM operation: HandshakeAllThreads (Deoptimize)
Event: 182.530 Executing VM operation: HandshakeAllThreads (Deoptimize) done
Event: 194.161 Executing VM operation: G1TryInitiateConcMark (G1 Humongous Allocation)
Event: 194.603 Executing VM operation: G1TryInitiateConcMark (G1 Humongous Allocation) done
Event: 197.101 Executing VM operation: G1PauseRemark
Event: 197.394 Executing VM operation: G1PauseRemark done
Event: 199.555 Executing VM operation: G1PauseCleanup
Event: 199.567 Executing VM operation: G1PauseCleanup done
Event: 200.618 Executing VM operation: G1CollectForAllocation (G1 Evacuation Pause)
Event: 200.670 Executing VM operation: G1CollectForAllocation (G1 Evacuation Pause) done

Memory protections (0 events):
No events

Nmethod flushes (20 events):
Event: 197.367 Thread 0x0000026b7e42e800 flushing  nmethod 0x0000026b08a33a08
Event: 197.367 Thread 0x0000026b7e42e800 flushing  nmethod 0x0000026b08a33d08
Event: 197.367 Thread 0x0000026b7e42e800 flushing  nmethod 0x0000026b08a36708
Event: 197.367 Thread 0x0000026b7e42e800 flushing  nmethod 0x0000026b08a37508
Event: 197.367 Thread 0x0000026b7e42e800 flushing  nmethod 0x0000026b08a3a908
Event: 197.367 Thread 0x0000026b7e42e800 flushing  nmethod 0x0000026b08a84388
Event: 197.368 Thread 0x0000026b7e42e800 flushing  nmethod 0x0000026b08a85e08
Event: 197.368 Thread 0x0000026b7e42e800 flushing  nmethod 0x0000026b08ac8908
Event: 197.368 Thread 0x0000026b7e42e800 flushing  nmethod 0x0000026b08c17c08
Event: 197.368 Thread 0x0000026b7e42e800 flushing  nmethod 0x0000026b08c1ad08
Event: 197.369 Thread 0x0000026b7e42e800 flushing  nmethod 0x0000026b08c45688
Event: 197.369 Thread 0x0000026b7e42e800 flushing  nmethod 0x0000026b08c47c08
Event: 197.369 Thread 0x0000026b7e42e800 flushing  nmethod 0x0000026b08c49308
Event: 197.369 Thread 0x0000026b7e42e800 flushing  nmethod 0x0000026b08cdcb88
Event: 197.369 Thread 0x0000026b7e42e800 flushing  nmethod 0x0000026b08cfbd88
Event: 197.369 Thread 0x0000026b7e42e800 flushing  nmethod 0x0000026b08d42c88
Event: 197.369 Thread 0x0000026b7e42e800 flushing  nmethod 0x0000026b08dfb388
Event: 197.369 Thread 0x0000026b7e42e800 flushing  nmethod 0x0000026b08e77c88
Event: 197.369 Thread 0x0000026b7e42e800 flushing  nmethod 0x0000026b08f08188
Event: 197.369 Thread 0x0000026b7e42e800 flushing  nmethod 0x0000026b09065c88

Events (20 events):
Event: 79.294 Thread 0x0000026b37067fa0 Thread added: 0x0000026b3c0f7740
Event: 79.323 Thread 0x0000026b37067fa0 Thread added: 0x0000026b3c0f9180
Event: 86.247 Thread 0x0000026b37067fa0 Thread added: 0x0000026b3c0fabc0
Event: 89.239 Thread 0x0000026b37067fa0 Thread added: 0x0000026b3c0f9ea0
Event: 89.239 Thread 0x0000026b37067fa0 Thread added: 0x0000026b38acaae0
Event: 89.240 Thread 0x0000026b37067fa0 Thread added: 0x0000026b38acb170
Event: 89.798 Thread 0x0000026b37067fa0 Thread added: 0x0000026b37a8dfa0
Event: 91.091 Thread 0x0000026b37067fa0 Thread added: 0x0000026b37a8b1b0
Event: 104.935 Thread 0x0000026b37067fa0 Thread added: 0x0000026b37a8bed0
Event: 104.965 Thread 0x0000026b3b00e160 Thread added: 0x0000026b37a88a50
Event: 143.015 Thread 0x0000026b37067fa0 Thread added: 0x0000026b3ba82b20
Event: 144.866 Thread 0x0000026b38ac9dc0 Thread exited: 0x0000026b38ac9dc0
Event: 144.914 Thread 0x0000026b38ad0d50 Thread exited: 0x0000026b38ad0d50
Event: 144.996 Thread 0x0000026b38acc520 Thread exited: 0x0000026b38acc520
Event: 165.172 Thread 0x0000026b38acb800 Thread exited: 0x0000026b38acb800
Event: 165.402 Thread 0x0000026b38acec80 Thread exited: 0x0000026b38acec80
Event: 165.426 Thread 0x0000026b38acdf60 Thread exited: 0x0000026b38acdf60
Event: 166.787 Thread 0x0000026b37a8bed0 Thread exited: 0x0000026b37a8bed0
Event: 167.664 Thread 0x0000026b38acd240 Thread exited: 0x0000026b38acd240
Event: 185.368 Thread 0x0000026b3706a070 Thread exited: 0x0000026b3706a070


Dynamic libraries:
0x00007ff72e8d0000 - 0x00007ff72e8e0000 	C:\Program Files\Java\jdk-23\bin\java.exe
0x00007ff9ebeb0000 - 0x00007ff9ec0a8000 	C:\Windows\SYSTEM32\ntdll.dll
0x00007ff9ea910000 - 0x00007ff9ea9d2000 	C:\Windows\System32\KERNEL32.DLL
0x00007ff9e9550000 - 0x00007ff9e984f000 	C:\Windows\System32\KERNELBASE.dll
0x00007ff9e9850000 - 0x00007ff9e9950000 	C:\Windows\System32\ucrtbase.dll
0x00007ff9c82a0000 - 0x00007ff9c82bb000 	C:\Program Files\Java\jdk-23\bin\VCRUNTIME140.dll
0x00007ff9cabe0000 - 0x00007ff9cabf7000 	C:\Program Files\Java\jdk-23\bin\jli.dll
0x00007ff9ea640000 - 0x00007ff9ea7dd000 	C:\Windows\System32\USER32.dll
0x00007ff9e9d20000 - 0x00007ff9e9d42000 	C:\Windows\System32\win32u.dll
0x00007ff9ebda0000 - 0x00007ff9ebdcb000 	C:\Windows\System32\GDI32.dll
0x00007ff9e9c00000 - 0x00007ff9e9d1a000 	C:\Windows\System32\gdi32full.dll
0x00007ff9e9d50000 - 0x00007ff9e9ded000 	C:\Windows\System32\msvcp_win.dll
0x00007ff9db7f0000 - 0x00007ff9dba8a000 	C:\Windows\WinSxS\amd64_microsoft.windows.common-controls_6595b64144ccf1df_6.0.19041.4355_none_60b8b9eb71f62e16\COMCTL32.dll
0x00007ff9ea7e0000 - 0x00007ff9ea87e000 	C:\Windows\System32\msvcrt.dll
0x00007ff9ea8e0000 - 0x00007ff9ea90f000 	C:\Windows\System32\IMM32.DLL
0x00007ff9db050000 - 0x00007ff9db05c000 	C:\Program Files\Java\jdk-23\bin\vcruntime140_1.dll
0x00007ff9b77c0000 - 0x00007ff9b784e000 	C:\Program Files\Java\jdk-23\bin\msvcp140.dll
0x00007ff97d130000 - 0x00007ff97de80000 	C:\Program Files\Java\jdk-23\bin\server\jvm.dll
0x00007ff9eb600000 - 0x00007ff9eb6af000 	C:\Windows\System32\ADVAPI32.dll
0x00007ff9eb6b0000 - 0x00007ff9eb74f000 	C:\Windows\System32\sechost.dll
0x00007ff9eb4c0000 - 0x00007ff9eb5e3000 	C:\Windows\System32\RPCRT4.dll
0x00007ff9e9a70000 - 0x00007ff9e9a97000 	C:\Windows\System32\bcrypt.dll
0x00007ff9eb940000 - 0x00007ff9eb9ab000 	C:\Windows\System32\WS2_32.dll
0x00007ff9e9300000 - 0x00007ff9e934b000 	C:\Windows\SYSTEM32\POWRPROF.dll
0x00007ff9d00d0000 - 0x00007ff9d00f7000 	C:\Windows\SYSTEM32\WINMM.dll
0x00007ff9e1c00000 - 0x00007ff9e1c0a000 	C:\Windows\SYSTEM32\VERSION.dll
0x00007ff9e92e0000 - 0x00007ff9e92f2000 	C:\Windows\SYSTEM32\UMPDC.dll
0x00007ff9e7400000 - 0x00007ff9e7412000 	C:\Windows\SYSTEM32\kernel.appcore.dll
0x00007ff9dac80000 - 0x00007ff9dac8a000 	C:\Program Files\Java\jdk-23\bin\jimage.dll
0x00007ff9e6db0000 - 0x00007ff9e6f94000 	C:\Windows\SYSTEM32\DBGHELP.DLL
0x00007ff9c71d0000 - 0x00007ff9c7204000 	C:\Windows\SYSTEM32\dbgcore.DLL
0x00007ff9e9df0000 - 0x00007ff9e9e72000 	C:\Windows\System32\bcryptPrimitives.dll
0x00007ff9d0a10000 - 0x00007ff9d0a1f000 	C:\Program Files\Java\jdk-23\bin\instrument.dll
0x00007ff9c7690000 - 0x00007ff9c76ae000 	C:\Program Files\Java\jdk-23\bin\java.dll
0x00007ff9ebbc0000 - 0x00007ff9ebceb000 	C:\Windows\System32\ole32.dll
0x00007ff9eaa40000 - 0x00007ff9ead95000 	C:\Windows\System32\combase.dll
0x00007ff9e9ed0000 - 0x00007ff9ea63d000 	C:\Windows\System32\SHELL32.dll
0x00007ff9e7590000 - 0x00007ff9e7d34000 	C:\Windows\SYSTEM32\windows.storage.dll
0x00007ff9e8f10000 - 0x00007ff9e8f3f000 	C:\Windows\SYSTEM32\Wldp.dll
0x00007ff9ebad0000 - 0x00007ff9ebb9d000 	C:\Windows\System32\OLEAUT32.dll
0x00007ff9ebcf0000 - 0x00007ff9ebd9d000 	C:\Windows\System32\SHCORE.dll
0x00007ff9ea880000 - 0x00007ff9ea8d5000 	C:\Windows\System32\shlwapi.dll
0x00007ff9e9480000 - 0x00007ff9e94a4000 	C:\Windows\SYSTEM32\profapi.dll
0x00007ff9b7240000 - 0x00007ff9b7317000 	C:\Program Files\Java\jdk-23\bin\jsvml.dll
0x00007ff9c6f60000 - 0x00007ff9c6f77000 	C:\Program Files\Java\jdk-23\bin\zip.dll
0x00007ff9daa60000 - 0x00007ff9daa70000 	C:\Program Files\Java\jdk-23\bin\net.dll
0x00007ff9e8c10000 - 0x00007ff9e8c7c000 	C:\Windows\system32\mswsock.dll
0x00007ff9c6f80000 - 0x00007ff9c6f96000 	C:\Program Files\Java\jdk-23\bin\nio.dll
0x00007ff9daa30000 - 0x00007ff9daa40000 	C:\Program Files\Java\jdk-23\bin\verify.dll
0x00007ff9ca640000 - 0x00007ff9ca667000 	C:\Users\mp-10\.gradle\native\c067742578af261105cb4f569cf0c3c89f3d7b1fecec35dd04571415982c5e48\windows-amd64\native-platform.dll
0x00007ff9b2c80000 - 0x00007ff9b2dc4000 	C:\Users\mp-10\.gradle\native\100fb08df4bc3b14c8652ba06237920a3bd2aa13389f12d3474272988ae205f9\windows-amd64\native-platform-file-events.dll
0x00007ff9dde80000 - 0x00007ff9dde8a000 	C:\Program Files\Java\jdk-23\bin\management.dll
0x00007ff9db100000 - 0x00007ff9db10b000 	C:\Program Files\Java\jdk-23\bin\management_ext.dll
0x00007ff9eb5f0000 - 0x00007ff9eb5f8000 	C:\Windows\System32\PSAPI.DLL
0x00007ff9e8e70000 - 0x00007ff9e8e88000 	C:\Windows\SYSTEM32\CRYPTSP.dll
0x00007ff9e8500000 - 0x00007ff9e8534000 	C:\Windows\system32\rsaenh.dll
0x00007ff9e9440000 - 0x00007ff9e946e000 	C:\Windows\SYSTEM32\USERENV.dll
0x00007ff9e8e60000 - 0x00007ff9e8e6c000 	C:\Windows\SYSTEM32\CRYPTBASE.dll
0x00007ff9e88f0000 - 0x00007ff9e892b000 	C:\Windows\SYSTEM32\IPHLPAPI.DLL
0x00007ff9ebe60000 - 0x00007ff9ebe68000 	C:\Windows\System32\NSI.dll
0x00007ff9d4250000 - 0x00007ff9d4259000 	C:\Program Files\Java\jdk-23\bin\extnet.dll
0x00007ff9d09e0000 - 0x00007ff9d09ee000 	C:\Program Files\Java\jdk-23\bin\sunmscapi.dll
0x00007ff9e9aa0000 - 0x00007ff9e9bfc000 	C:\Windows\System32\CRYPT32.dll
0x00007ff9e8f80000 - 0x00007ff9e8fa7000 	C:\Windows\SYSTEM32\ncrypt.dll
0x00007ff9e8f40000 - 0x00007ff9e8f7b000 	C:\Windows\SYSTEM32\NTASN1.dll
0x00007ff9ca490000 - 0x00007ff9ca497000 	C:\Windows\system32\wshunix.dll
0x00007ff9e4170000 - 0x00007ff9e4187000 	C:\Windows\system32\napinsp.dll
0x00007ff9e4150000 - 0x00007ff9e416b000 	C:\Windows\system32\pnrpnsp.dll
0x00007ff9bbfa0000 - 0x00007ff9bbfb5000 	C:\Windows\system32\wshbth.dll
0x00007ff9e61b0000 - 0x00007ff9e61cd000 	C:\Windows\system32\NLAapi.dll
0x00007ff9e8930000 - 0x00007ff9e89fa000 	C:\Windows\SYSTEM32\DNSAPI.dll
0x00007ff9e40f0000 - 0x00007ff9e4102000 	C:\Windows\System32\winrnr.dll
0x00007ff9e05e0000 - 0x00007ff9e05ea000 	C:\Windows\System32\rasadhlp.dll
0x00007ff9e02d0000 - 0x00007ff9e0350000 	C:\Windows\System32\fwpuclnt.dll

dbghelp: loaded successfully - version: 4.0.5 - missing functions: none
symbol engine: initialized successfully - sym options: 0x614 - pdb path: .;C:\Program Files\Java\jdk-23\bin;C:\Windows\SYSTEM32;C:\Windows\WinSxS\amd64_microsoft.windows.common-controls_6595b64144ccf1df_6.0.19041.4355_none_60b8b9eb71f62e16;C:\Program Files\Java\jdk-23\bin\server;C:\Users\mp-10\.gradle\native\c067742578af261105cb4f569cf0c3c89f3d7b1fecec35dd04571415982c5e48\windows-amd64;C:\Users\mp-10\.gradle\native\100fb08df4bc3b14c8652ba06237920a3bd2aa13389f12d3474272988ae205f9\windows-amd64

VM Arguments:
jvm_args: -XX:MaxMetaspaceSize=512m --add-opens=java.base/java.util=ALL-UNNAMED --add-opens=java.base/java.lang=ALL-UNNAMED --add-opens=java.base/java.lang.invoke=ALL-UNNAMED --add-opens=java.prefs/java.util.prefs=ALL-UNNAMED --add-exports=jdk.compiler/com.sun.tools.javac.api=ALL-UNNAMED --add-exports=jdk.compiler/com.sun.tools.javac.util=ALL-UNNAMED --add-opens=java.base/java.nio.charset=ALL-UNNAMED --add-opens=java.base/java.net=ALL-UNNAMED --add-opens=java.base/java.util.concurrent.atomic=ALL-UNNAMED -Xmx2048m -Dfile.encoding=UTF-8 -Duser.country=FI -Duser.language=sv -Duser.variant -javaagent:C:\Users\mp-10\.gradle\wrapper\dists\gradle-8.10.2-all\7iv73wktx1xtkvlq19urqw1wm\gradle-8.10.2\lib\agents\gradle-instrumentation-agent-8.10.2.jar 
java_command: org.gradle.launcher.daemon.bootstrap.GradleDaemon 8.10.2
java_class_path (initial): C:\Users\mp-10\.gradle\wrapper\dists\gradle-8.10.2-all\7iv73wktx1xtkvlq19urqw1wm\gradle-8.10.2\lib\gradle-daemon-main-8.10.2.jar
Launcher Type: SUN_STANDARD

[Global flags]
     intx CICompilerCount                          = 3                                         {product} {ergonomic}
   size_t CompressedClassSpaceSize                 = 436207616                                 {product} {ergonomic}
     uint ConcGCThreads                            = 1                                         {product} {ergonomic}
     uint G1ConcRefinementThreads                  = 4                                         {product} {ergonomic}
   size_t G1HeapRegionSize                         = 1048576                                   {product} {ergonomic}
   size_t InitialHeapSize                          = 65011712                                  {product} {ergonomic}
   size_t MarkStackSize                            = 4194304                                   {product} {ergonomic}
   size_t MarkStackSizeMax                         = 536870912                                 {product} {ergonomic}
   size_t MaxHeapSize                              = 2147483648                                {product} {command line}
   size_t MaxMetaspaceSize                         = 536870912                                 {product} {command line}
   size_t MaxNewSize                               = 1287651328                                {product} {ergonomic}
   size_t MinHeapDeltaBytes                        = 1048576                                   {product} {ergonomic}
   size_t MinHeapSize                              = 8388608                                   {product} {ergonomic}
    uintx NonNMethodCodeHeapSize                   = 5832704                                {pd product} {ergonomic}
    uintx NonProfiledCodeHeapSize                  = 122945536                              {pd product} {ergonomic}
    uintx ProfiledCodeHeapSize                     = 122880000                              {pd product} {ergonomic}
    uintx ReservedCodeCacheSize                    = 251658240                              {pd product} {ergonomic}
     bool SegmentedCodeCache                       = true                                      {product} {ergonomic}
   size_t SoftMaxHeapSize                          = 2147483648                             {manageable} {ergonomic}
     bool UseCompressedOops                        = true                           {product lp64_product} {ergonomic}
     bool UseG1GC                                  = true                                      {product} {ergonomic}
     bool UseLargePagesIndividualAllocation        = false                                  {pd product} {ergonomic}

Logging:
Log output configuration:
 #0: stdout all=warning uptime,level,tags foldmultilines=false
 #1: stderr all=off uptime,level,tags foldmultilines=false

Environment Variables:
JAVA_HOME=C:\Program Files\Java\jdk-23
CLASSPATH=C:\nybp\New-Backpack\android\\gradle\wrapper\gradle-wrapper.jar
PATH=C:\nybp\New-Backpack\node_modules\.bin;C:\nybp\New-Backpack\node_modules\.bin;C:\nybp\node_modules\.bin;C:\node_modules\.bin;C:\Users\mp-10\AppData\Roaming\npm\node_modules\npm\node_modules\@npmcli\run-script\lib\node-gyp-bin;C:\nybp\New-Backpack\node_modules\.bin;C:\nybp\New-Backpack\node_modules\.bin;C:\nybp\node_modules\.bin;C:\node_modules\.bin;C:\Users\mp-10\AppData\Roaming\npm\node_modules\npm\node_modules\@npmcli\run-script\lib\node-gyp-bin;C:\Program Files\Common Files\Oracle\Java\javapath;C:\Windows\system32;C:\Windows;C:\Windows\System32\Wbem;C:\Windows\System32\WindowsPowerShell\v1.0\;C:\Windows\System32\OpenSSH\;C:\Program Files\dotnet\;C:\Program Files\Java\jdk-22\bin;C:\Program Files\nodejs\;C:\Program Files\Docker\Docker\resources\bin;C:\Program Files\Git\cmd;C:\Users\mp-10\AppData\Local\Android\Sdk\platform-tools;C:\Users\mp-10\AppData\Local\Android\Sdk\tools;C:\Users\mp-10\AppData\Local\jdk-11.0.2\bin;C:\Users\mp-10\AppData\Local\Microsoft\WindowsApps;C:\Users\mp-10\AppData\Local\Programs\Microsoft VS Code\bin;C:\Users\mp-10\AppData\Roaming\npm;C:\gradle\gradle-8.12.1\bin;
USERNAME=mp-10
LANG=en_US.UTF-8
OS=Windows_NT
PROCESSOR_IDENTIFIER=Intel64 Family 6 Model 140 Stepping 1, GenuineIntel
TMP=C:\Users\mp-10\AppData\Local\Temp
TEMP=C:\Users\mp-10\AppData\Local\Temp




Periodic native trim disabled

---------------  S Y S T E M  ---------------

OS:
 Windows 10 , 64 bit Build 19041 (10.0.19041.5438)
OS uptime: 3 days 11:43 hours
Hyper-V role detected

CPU: total 4 (initial active 4) (2 cores per cpu, 2 threads per core) family 6 model 140 stepping 1 microcode 0x9a, cx8, cmov, fxsr, ht, mmx, 3dnowpref, sse, sse2, sse3, ssse3, sse4.1, sse4.2, popcnt, lzcnt, tsc, tscinvbit, avx, avx2, aes, erms, clmul, bmi1, bmi2, adx, avx512f, avx512dq, avx512cd, avx512bw, avx512vl, sha, fma, vzeroupper, avx512_vpopcntdq, avx512_vpclmulqdq, avx512_vaes, avx512_vnni, clflush, clflushopt, clwb, avx512_vbmi2, avx512_vbmi, hv, rdtscp, rdpid, fsrm, gfni, avx512_bitalg, f16c, cet_ibt, cet_ss, avx512_ifma
Processor Information for processor 0
  Max Mhz: 1997, Current Mhz: 1997, Mhz Limit: 1997
Processor Information for processor 1
  Max Mhz: 1997, Current Mhz: 998, Mhz Limit: 1997
Processor Information for processor 2
  Max Mhz: 1997, Current Mhz: 1997, Mhz Limit: 1997
Processor Information for processor 3
  Max Mhz: 1997, Current Mhz: 1997, Mhz Limit: 1997

Memory: 4k page, system-wide physical 3895M (95M free)
TotalPageFile size 15671M (AvailPageFile size 0M)
current process WorkingSet (physical memory assigned to process): 193M, peak: 258M
current process commit charge ("private bytes"): 527M, peak: 534M

vm_info: Java HotSpot(TM) 64-Bit Server VM (23.0.2+7-58) for windows-amd64 JRE (23.0.2+7-58), built on 2024-11-29T09:34:55Z with MS VC++ 17.6 (VS2022)

END.
