#
# There is insufficient memory for the Java Runtime Environment to continue.
# Native memory allocation (mmap) failed to map 118489088 bytes. Error detail: G1 virtual space
# Possible reasons:
#   The system is out of physical RAM or swap space
#   This process is running with CompressedOops enabled, and the Java Heap may be blocking the growth of the native heap
# Possible solutions:
#   Reduce memory load on the system
#   Increase physical memory or swap space
#   Check if swap backing store is full
#   Decrease Java heap size (-Xmx/-Xms)
#   Decrease number of Java threads
#   Decrease Java thread stack sizes (-Xss)
#   Set larger code cache with -XX:ReservedCodeCacheSize=
#   JVM is running with Unscaled Compressed Oops mode in which the Java heap is
#     placed in the first 4GB address space. The Java Heap base address is the
#     maximum limit for the native heap growth. Please use -XX:HeapBaseMinAddress
#     to set the Java Heap base and to place the Java Heap above 4GB virtual address.
# This output file may be truncated or incomplete.
#
#  Out of Memory Error (os_windows.cpp:3707), pid=4792, tid=17068
#
# JRE version: Java(TM) SE Runtime Environment (23.0.2+7) (build 23.0.2+7-58)
# Java VM: Java HotSpot(TM) 64-Bit Server VM (23.0.2+7-58, mixed mode, sharing, tiered, compressed oops, compressed class ptrs, g1 gc, windows-amd64)
# No core dump will be written. Minidumps are not enabled by default on client versions of Windows
#

---------------  S U M M A R Y ------------

Command Line: -XX:MaxMetaspaceSize=512m --add-opens=java.base/java.util=ALL-UNNAMED --add-opens=java.base/java.lang=ALL-UNNAMED --add-opens=java.base/java.lang.invoke=ALL-UNNAMED --add-opens=java.prefs/java.util.prefs=ALL-UNNAMED --add-exports=jdk.compiler/com.sun.tools.javac.api=ALL-UNNAMED --add-exports=jdk.compiler/com.sun.tools.javac.util=ALL-UNNAMED --add-opens=java.base/java.nio.charset=ALL-UNNAMED --add-opens=java.base/java.net=ALL-UNNAMED --add-opens=java.base/java.util.concurrent.atomic=ALL-UNNAMED -Xmx2048m -Dfile.encoding=UTF-8 -Duser.country=FI -Duser.language=sv -Duser.variant -javaagent:C:\Users\mp-10\.gradle\wrapper\dists\gradle-8.10.2-all\7iv73wktx1xtkvlq19urqw1wm\gradle-8.10.2\lib\agents\gradle-instrumentation-agent-8.10.2.jar org.gradle.launcher.daemon.bootstrap.GradleDaemon 8.10.2

Host: Intel(R) Pentium(R) Gold 7505 @ 2.00GHz, 4 cores, 3G,  Windows 10 , 64 bit Build 19041 (10.0.19041.5438)
Time: Mon Feb 24 21:30:09 2025 Västeuropa, normaltid elapsed time: 373.121797 seconds (0d 0h 6m 13s)

---------------  T H R E A D  ---------------

Current thread (0x0000029f373ebfe0):  VMThread "VM Thread"          [id=17068, stack(0x000000f696100000,0x000000f696200000) (1024K)]

Stack: [0x000000f696100000,0x000000f696200000]
Native frames: (J=compiled Java code, j=interpreted, Vv=VM code, C=native code)
V  [jvm.dll+0x6e0b99]  (no source info available)
V  [jvm.dll+0x87e2b3]  (no source info available)
V  [jvm.dll+0x88073e]  (no source info available)
V  [jvm.dll+0x880e13]  (no source info available)
V  [jvm.dll+0x27b006]  (no source info available)
V  [jvm.dll+0x6dd485]  (no source info available)
V  [jvm.dll+0x6d127a]  (no source info available)
V  [jvm.dll+0x35b50a]  (no source info available)
V  [jvm.dll+0x363916]  (no source info available)
V  [jvm.dll+0x34fe7e]  (no source info available)
V  [jvm.dll+0x350118]  (no source info available)
V  [jvm.dll+0x328aec]  (no source info available)
V  [jvm.dll+0x328b7a]  (no source info available)
V  [jvm.dll+0x374db2]  (no source info available)
V  [jvm.dll+0x3734b2]  (no source info available)
V  [jvm.dll+0x3282c7]  (no source info available)
V  [jvm.dll+0x372c64]  (no source info available)
V  [jvm.dll+0x886d50]  (no source info available)
V  [jvm.dll+0x888077]  (no source info available)
V  [jvm.dll+0x8885a8]  (no source info available)
V  [jvm.dll+0x888843]  (no source info available)
V  [jvm.dll+0x8254cb]  (no source info available)
V  [jvm.dll+0x6df345]  (no source info available)
C  [ucrtbase.dll+0x21bb2]  (no source info available)
C  [KERNEL32.DLL+0x17374]  (no source info available)
C  [ntdll.dll+0x4cc91]  (no source info available)

VM_Operation (0x000000f69bffbde0): G1CollectForAllocation, mode: safepoint, requested by thread 0x0000029f5b50a5e0


---------------  P R O C E S S  ---------------

Threads class SMR info:
_java_thread_list=0x0000029f5c2dd0a0, length=88, elements={
0x0000029f18c78280, 0x0000029f37401bf0, 0x0000029f37402a10, 0x0000029f37404680,
0x0000029f374070f0, 0x0000029f37407b50, 0x0000029f374085b0, 0x0000029f37409340,
0x0000029f3740f840, 0x0000029f375005c0, 0x0000029f376bea40, 0x0000029f576d0720,
0x0000029f376279d0, 0x0000029f57a98570, 0x0000029f5849a5b0, 0x0000029f57b2df10,
0x0000029f584e98b0, 0x0000029f584f64a0, 0x0000029f584f5e10, 0x0000029f584f4a60,
0x0000029f584f43d0, 0x0000029f584f3020, 0x0000029f584f36b0, 0x0000029f584f50f0,
0x0000029f58d72b30, 0x0000029f58d6fd40, 0x0000029f58d71780, 0x0000029f58d710f0,
0x0000029f58d6e300, 0x0000029f58d71e10, 0x0000029f58d6f6b0, 0x0000029f58d6cf50,
0x0000029f58d703d0, 0x0000029f58d73850, 0x0000029f58d6f020, 0x0000029f5acd1a90,
0x0000029f5acd2e40, 0x0000029f5acd1400, 0x0000029f5acd0050, 0x0000029f5acd2120,
0x0000029f59382350, 0x0000029f59384ab0, 0x0000029f59383700, 0x0000029f59385140,
0x0000029f593829e0, 0x0000029f59385e60, 0x0000029f59387210, 0x0000029f593878a0,
0x0000029f593885c0, 0x0000029f59381cc0, 0x0000029f59383d90, 0x0000029f5b60e1f0,
0x0000029f5b613dd0, 0x0000029f5b60d4d0, 0x0000029f5b60e880, 0x0000029f5b60fc30,
0x0000029f5b60ce40, 0x0000029f5b60db60, 0x0000029f5b610950, 0x0000029f5b6102c0,
0x0000029f5b611670, 0x0000029f5c14cfa0, 0x0000029f5c14f700, 0x0000029f5c14bbf0,
0x0000029f5c14e9e0, 0x0000029f5c150ab0, 0x0000029f5c14dcc0, 0x0000029f5c14e350,
0x0000029f5c14aed0, 0x0000029f5c14f070, 0x0000029f5c150420, 0x0000029f5c14b560,
0x0000029f5c14c280, 0x0000029f5c14c910, 0x0000029f5c14fd90, 0x0000029f5c151140,
0x0000029f5c14a1b0, 0x0000029f5c14a840, 0x0000029f5b5101c0, 0x0000029f5b50ac70,
0x0000029f5b50c6b0, 0x0000029f5b511570, 0x0000029f5b50fb30, 0x0000029f5b50a5e0,
0x0000029f5b50ee10, 0x0000029f5b611d00, 0x0000029f5b60f5a0, 0x0000029f622c4de0
}

Java Threads: ( => current thread )
  0x0000029f18c78280 JavaThread "main"                              [_thread_blocked, id=17096, stack(0x000000f695a00000,0x000000f695b00000) (1024K)]
  0x0000029f37401bf0 JavaThread "Reference Handler"          daemon [_thread_blocked, id=10976, stack(0x000000f696200000,0x000000f696300000) (1024K)]
  0x0000029f37402a10 JavaThread "Finalizer"                  daemon [_thread_blocked, id=12192, stack(0x000000f696300000,0x000000f696400000) (1024K)]
  0x0000029f37404680 JavaThread "Signal Dispatcher"          daemon [_thread_blocked, id=14760, stack(0x000000f696400000,0x000000f696500000) (1024K)]
  0x0000029f374070f0 JavaThread "Attach Listener"            daemon [_thread_blocked, id=4224, stack(0x000000f696500000,0x000000f696600000) (1024K)]
  0x0000029f37407b50 JavaThread "Service Thread"             daemon [_thread_blocked, id=8032, stack(0x000000f696600000,0x000000f696700000) (1024K)]
  0x0000029f374085b0 JavaThread "Monitor Deflation Thread"   daemon [_thread_blocked, id=13796, stack(0x000000f696700000,0x000000f696800000) (1024K)]
  0x0000029f37409340 JavaThread "C2 CompilerThread0"         daemon [_thread_blocked, id=15464, stack(0x000000f696800000,0x000000f696900000) (1024K)]
  0x0000029f3740f840 JavaThread "C1 CompilerThread0"         daemon [_thread_blocked, id=15712, stack(0x000000f696900000,0x000000f696a00000) (1024K)]
  0x0000029f375005c0 JavaThread "Common-Cleaner"             daemon [_thread_blocked, id=9240, stack(0x000000f696a00000,0x000000f696b00000) (1024K)]
  0x0000029f376bea40 JavaThread "Notification Thread"        daemon [_thread_blocked, id=14380, stack(0x000000f696b00000,0x000000f696c00000) (1024K)]
  0x0000029f576d0720 JavaThread "Daemon health stats"               [_thread_blocked, id=15204, stack(0x000000f696f00000,0x000000f697000000) (1024K)]
  0x0000029f376279d0 JavaThread "Incoming local TCP Connector on port 52500"        [_thread_in_native, id=15268, stack(0x000000f697000000,0x000000f697100000) (1024K)]
  0x0000029f57a98570 JavaThread "Daemon periodic checks"            [_thread_blocked, id=2376, stack(0x000000f697100000,0x000000f697200000) (1024K)]
  0x0000029f5849a5b0 JavaThread "Daemon"                            [_thread_blocked, id=9524, stack(0x000000f697200000,0x000000f697300000) (1024K)]
  0x0000029f57b2df10 JavaThread "Handler for socket connection from /127.0.0.1:52500 to /127.0.0.1:52502"        [_thread_in_native, id=10172, stack(0x000000f697300000,0x000000f697400000) (1024K)]
  0x0000029f584e98b0 JavaThread "Cancel handler"                    [_thread_blocked, id=5788, stack(0x000000f697400000,0x000000f697500000) (1024K)]
  0x0000029f584f64a0 JavaThread "Daemon worker"                     [_thread_blocked, id=12524, stack(0x000000f697500000,0x000000f697600000) (1024K)]
  0x0000029f584f5e10 JavaThread "Asynchronous log dispatcher for DefaultDaemonConnection: socket connection from /127.0.0.1:52500 to /127.0.0.1:52502"        [_thread_blocked, id=3588, stack(0x000000f697600000,0x000000f697700000) (1024K)]
  0x0000029f584f4a60 JavaThread "Stdin handler"                     [_thread_blocked, id=9564, stack(0x000000f697700000,0x000000f697800000) (1024K)]
  0x0000029f584f43d0 JavaThread "Daemon client event forwarder"        [_thread_blocked, id=12716, stack(0x000000f697800000,0x000000f697900000) (1024K)]
  0x0000029f584f3020 JavaThread "Cache worker for journal cache (C:\Users\mp-10\.gradle\caches\journal-1)"        [_thread_blocked, id=2800, stack(0x000000f697900000,0x000000f697a00000) (1024K)]
  0x0000029f584f36b0 JavaThread "File lock request listener"        [_thread_in_native, id=13316, stack(0x000000f697a00000,0x000000f697b00000) (1024K)]
  0x0000029f584f50f0 JavaThread "Cache worker for file hash cache (C:\Users\mp-10\.gradle\caches\8.10.2\fileHashes)"        [_thread_blocked, id=16068, stack(0x000000f697c00000,0x000000f697d00000) (1024K)]
  0x0000029f58d72b30 JavaThread "Cache worker for file hash cache (C:\nybp\New-Backpack\android\.gradle\8.10.2\fileHashes)"        [_thread_blocked, id=8492, stack(0x000000f697d00000,0x000000f697e00000) (1024K)]
  0x0000029f58d6fd40 JavaThread "Cache worker for Build Output Cleanup Cache (C:\nybp\New-Backpack\android\.gradle\buildOutputCleanup)"        [_thread_blocked, id=14736, stack(0x000000f697e00000,0x000000f697f00000) (1024K)]
  0x0000029f58d71780 JavaThread "File watcher server"        daemon [_thread_blocked, id=8708, stack(0x000000f697f00000,0x000000f698000000) (1024K)]
  0x0000029f58d710f0 JavaThread "File watcher consumer"      daemon [_thread_blocked, id=15372, stack(0x000000f698000000,0x000000f698100000) (1024K)]
  0x0000029f58d6e300 JavaThread "Cache worker for checksums cache (C:\nybp\New-Backpack\android\.gradle\8.10.2\checksums)"        [_thread_blocked, id=17000, stack(0x000000f698100000,0x000000f698200000) (1024K)]
  0x0000029f58d71e10 JavaThread "Cache worker for file content cache (C:\Users\mp-10\.gradle\caches\8.10.2\fileContent)"        [_thread_blocked, id=9968, stack(0x000000f698200000,0x000000f698300000) (1024K)]
  0x0000029f58d6f6b0 JavaThread "Cache worker for cache directory md-rule (C:\Users\mp-10\.gradle\caches\8.10.2\md-rule)"        [_thread_blocked, id=15928, stack(0x000000f698300000,0x000000f698400000) (1024K)]
  0x0000029f58d6cf50 JavaThread "Cache worker for cache directory md-supplier (C:\Users\mp-10\.gradle\caches\8.10.2\md-supplier)"        [_thread_blocked, id=9648, stack(0x000000f698400000,0x000000f698500000) (1024K)]
  0x0000029f58d703d0 JavaThread "jar transforms"                    [_thread_blocked, id=11588, stack(0x000000f698500000,0x000000f698600000) (1024K)]
  0x0000029f58d73850 JavaThread "Cache worker for Build Output Cleanup Cache (C:\nybp\New-Backpack\node_modules\@react-native\gradle-plugin\.gradle\buildOutputCleanup)"        [_thread_blocked, id=17588, stack(0x000000f695700000,0x000000f695800000) (1024K)]
  0x0000029f58d6f020 JavaThread "Unconstrained build operations"        [_thread_blocked, id=17716, stack(0x000000f695800000,0x000000f695900000) (1024K)]
  0x0000029f5acd1a90 JavaThread "Unconstrained build operations Thread 2"        [_thread_blocked, id=17720, stack(0x000000f695900000,0x000000f695a00000) (1024K)]
  0x0000029f5acd2e40 JavaThread "Unconstrained build operations Thread 3"        [_thread_blocked, id=17748, stack(0x000000f698800000,0x000000f698900000) (1024K)]
  0x0000029f5acd1400 JavaThread "Unconstrained build operations Thread 4"        [_thread_blocked, id=17752, stack(0x000000f698900000,0x000000f698a00000) (1024K)]
  0x0000029f5acd0050 JavaThread "Unconstrained build operations Thread 5"        [_thread_blocked, id=17788, stack(0x000000f698a00000,0x000000f698b00000) (1024K)]
  0x0000029f5acd2120 JavaThread "Unconstrained build operations Thread 6"        [_thread_blocked, id=17792, stack(0x000000f698b00000,0x000000f698c00000) (1024K)]
  0x0000029f59382350 JavaThread "Unconstrained build operations Thread 7"        [_thread_blocked, id=18244, stack(0x000000f698c00000,0x000000f698d00000) (1024K)]
  0x0000029f59384ab0 JavaThread "Unconstrained build operations Thread 8"        [_thread_blocked, id=18248, stack(0x000000f698d00000,0x000000f698e00000) (1024K)]
  0x0000029f59383700 JavaThread "Unconstrained build operations Thread 9"        [_thread_blocked, id=18252, stack(0x000000f698e00000,0x000000f698f00000) (1024K)]
  0x0000029f59385140 JavaThread "Unconstrained build operations Thread 10"        [_thread_blocked, id=18276, stack(0x000000f698f00000,0x000000f699000000) (1024K)]
  0x0000029f593829e0 JavaThread "Unconstrained build operations Thread 11"        [_thread_blocked, id=18280, stack(0x000000f699000000,0x000000f699100000) (1024K)]
  0x0000029f59385e60 JavaThread "Unconstrained build operations Thread 12"        [_thread_blocked, id=18284, stack(0x000000f699100000,0x000000f699200000) (1024K)]
  0x0000029f59387210 JavaThread "Unconstrained build operations Thread 13"        [_thread_blocked, id=18360, stack(0x000000f699200000,0x000000f699300000) (1024K)]
  0x0000029f593878a0 JavaThread "Unconstrained build operations Thread 14"        [_thread_blocked, id=18364, stack(0x000000f699300000,0x000000f699400000) (1024K)]
  0x0000029f593885c0 JavaThread "Unconstrained build operations Thread 15"        [_thread_blocked, id=18368, stack(0x000000f699400000,0x000000f699500000) (1024K)]
  0x0000029f59381cc0 JavaThread "Memory manager"                    [_thread_blocked, id=18424, stack(0x000000f699500000,0x000000f699600000) (1024K)]
  0x0000029f59383d90 JavaThread "build event listener"              [_thread_blocked, id=8356, stack(0x000000f699600000,0x000000f699700000) (1024K)]
  0x0000029f5b60e1f0 JavaThread "Execution worker"                  [_thread_blocked, id=6932, stack(0x000000f699f00000,0x000000f69a000000) (1024K)]
  0x0000029f5b613dd0 JavaThread "Execution worker Thread 2"         [_thread_blocked, id=12592, stack(0x000000f69a000000,0x000000f69a100000) (1024K)]
  0x0000029f5b60d4d0 JavaThread "Execution worker Thread 3"         [_thread_blocked, id=10832, stack(0x000000f69a100000,0x000000f69a200000) (1024K)]
  0x0000029f5b60e880 JavaThread "Cache worker for execution history cache (C:\nybp\New-Backpack\node_modules\@react-native\gradle-plugin\.gradle\8.10.2\executionHistory)"        [_thread_blocked, id=1308, stack(0x000000f69a200000,0x000000f69a300000) (1024K)]
  0x0000029f5b60fc30 JavaThread "Unconstrained build operations Thread 16"        [_thread_blocked, id=13988, stack(0x000000f69a300000,0x000000f69a400000) (1024K)]
  0x0000029f5b60ce40 JavaThread "Unconstrained build operations Thread 17"        [_thread_blocked, id=5564, stack(0x000000f69a400000,0x000000f69a500000) (1024K)]
  0x0000029f5b60db60 JavaThread "Unconstrained build operations Thread 18"        [_thread_blocked, id=9024, stack(0x000000f69a500000,0x000000f69a600000) (1024K)]
  0x0000029f5b610950 JavaThread "Unconstrained build operations Thread 19"        [_thread_blocked, id=16516, stack(0x000000f69a600000,0x000000f69a700000) (1024K)]
  0x0000029f5b6102c0 JavaThread "Unconstrained build operations Thread 20"        [_thread_blocked, id=6684, stack(0x000000f69a700000,0x000000f69a800000) (1024K)]
  0x0000029f5b611670 JavaThread "Unconstrained build operations Thread 21"        [_thread_blocked, id=13272, stack(0x000000f69a800000,0x000000f69a900000) (1024K)]
  0x0000029f5c14cfa0 JavaThread "Unconstrained build operations Thread 22"        [_thread_blocked, id=9828, stack(0x000000f69a900000,0x000000f69aa00000) (1024K)]
  0x0000029f5c14f700 JavaThread "Unconstrained build operations Thread 23"        [_thread_blocked, id=11712, stack(0x000000f69aa00000,0x000000f69ab00000) (1024K)]
  0x0000029f5c14bbf0 JavaThread "Unconstrained build operations Thread 24"        [_thread_blocked, id=11904, stack(0x000000f69ab00000,0x000000f69ac00000) (1024K)]
  0x0000029f5c14e9e0 JavaThread "Unconstrained build operations Thread 25"        [_thread_blocked, id=15472, stack(0x000000f69ac00000,0x000000f69ad00000) (1024K)]
  0x0000029f5c150ab0 JavaThread "Unconstrained build operations Thread 26"        [_thread_blocked, id=17544, stack(0x000000f69ad00000,0x000000f69ae00000) (1024K)]
  0x0000029f5c14dcc0 JavaThread "Unconstrained build operations Thread 27"        [_thread_blocked, id=16332, stack(0x000000f69ae00000,0x000000f69af00000) (1024K)]
  0x0000029f5c14e350 JavaThread "Unconstrained build operations Thread 28"        [_thread_blocked, id=15616, stack(0x000000f69af00000,0x000000f69b000000) (1024K)]
  0x0000029f5c14aed0 JavaThread "Unconstrained build operations Thread 29"        [_thread_blocked, id=17796, stack(0x000000f69b000000,0x000000f69b100000) (1024K)]
  0x0000029f5c14f070 JavaThread "Unconstrained build operations Thread 30"        [_thread_blocked, id=17840, stack(0x000000f69b100000,0x000000f69b200000) (1024K)]
  0x0000029f5c150420 JavaThread "Unconstrained build operations Thread 31"        [_thread_blocked, id=15596, stack(0x000000f69b200000,0x000000f69b300000) (1024K)]
  0x0000029f5c14b560 JavaThread "Unconstrained build operations Thread 32"        [_thread_blocked, id=17844, stack(0x000000f69b300000,0x000000f69b400000) (1024K)]
  0x0000029f5c14c280 JavaThread "Unconstrained build operations Thread 33"        [_thread_blocked, id=15476, stack(0x000000f69b400000,0x000000f69b500000) (1024K)]
  0x0000029f5c14c910 JavaThread "Unconstrained build operations Thread 34"        [_thread_blocked, id=15760, stack(0x000000f69b500000,0x000000f69b600000) (1024K)]
  0x0000029f5c14fd90 JavaThread "Unconstrained build operations Thread 35"        [_thread_blocked, id=1608, stack(0x000000f69b600000,0x000000f69b700000) (1024K)]
  0x0000029f5c151140 JavaThread "Unconstrained build operations Thread 36"        [_thread_blocked, id=17652, stack(0x000000f69b700000,0x000000f69b800000) (1024K)]
  0x0000029f5c14a1b0 JavaThread "jar transforms Thread 2"           [_thread_blocked, id=7848, stack(0x000000f69b800000,0x000000f69b900000) (1024K)]
  0x0000029f5c14a840 JavaThread "jar transforms Thread 3"           [_thread_blocked, id=11752, stack(0x000000f69b900000,0x000000f69ba00000) (1024K)]
  0x0000029f5b5101c0 JavaThread "jar transforms Thread 4"           [_thread_blocked, id=17772, stack(0x000000f69ba00000,0x000000f69bb00000) (1024K)]
  0x0000029f5b50ac70 JavaThread "Cache worker for Build Output Cleanup Cache (C:\nybp\New-Backpack\node_modules\expo-dev-launcher\expo-dev-launcher-gradle-plugin\.gradle\buildOutputCleanup)"        [_thread_blocked, id=5872, stack(0x000000f69bb00000,0x000000f69bc00000) (1024K)]
  0x0000029f5b50c6b0 JavaThread "Unconstrained build operations Thread 37"        [_thread_blocked, id=11876, stack(0x000000f69bc00000,0x000000f69bd00000) (1024K)]
  0x0000029f5b511570 JavaThread "Unconstrained build operations Thread 38"        [_thread_blocked, id=6280, stack(0x000000f69bd00000,0x000000f69be00000) (1024K)]
  0x0000029f5b50fb30 JavaThread "Unconstrained build operations Thread 39"        [_thread_blocked, id=16504, stack(0x000000f69be00000,0x000000f69bf00000) (1024K)]
  0x0000029f5b50a5e0 JavaThread "Unconstrained build operations Thread 40"        [_thread_blocked, id=10336, stack(0x000000f69bf00000,0x000000f69c000000) (1024K)]
  0x0000029f5b50ee10 JavaThread "build event listener"              [_thread_blocked, id=12748, stack(0x000000f69c000000,0x000000f69c100000) (1024K)]
  0x0000029f5b611d00 JavaThread "Cache worker for execution history cache (C:\nybp\New-Backpack\node_modules\expo-dev-launcher\expo-dev-launcher-gradle-plugin\.gradle\8.10.2\executionHistory)"        [_thread_blocked, id=12600, stack(0x000000f699e00000,0x000000f699f00000) (1024K)]
  0x0000029f5b60f5a0 JavaThread "build event listener"              [_thread_blocked, id=7524, stack(0x000000f699b00000,0x000000f699c00000) (1024K)]
  0x0000029f622c4de0 JavaThread "File lock release action executor Thread 2"        [_thread_blocked, id=18036, stack(0x000000f698700000,0x000000f698800000) (1024K)]
Total: 88

Other Threads:
=>0x0000029f373ebfe0 VMThread "VM Thread"                           [id=17068, stack(0x000000f696100000,0x000000f696200000) (1024K)]
  0x0000029f373db5b0 WatcherThread "VM Periodic Task Thread"        [id=17132, stack(0x000000f696000000,0x000000f696100000) (1024K)]
  0x0000029f1af80ed0 WorkerThread "GC Thread#0"                     [id=17060, stack(0x000000f695b00000,0x000000f695c00000) (1024K)]
  0x0000029f377cd6d0 WorkerThread "GC Thread#1"                     [id=13484, stack(0x000000f696c00000,0x000000f696d00000) (1024K)]
  0x0000029f377df930 WorkerThread "GC Thread#2"                     [id=388, stack(0x000000f696d00000,0x000000f696e00000) (1024K)]
  0x0000029f377dfce0 WorkerThread "GC Thread#3"                     [id=10936, stack(0x000000f696e00000,0x000000f696f00000) (1024K)]
  0x0000029f1af95e30 ConcurrentGCThread "G1 Main Marker"            [id=8624, stack(0x000000f695c00000,0x000000f695d00000) (1024K)]
  0x0000029f1af97860 WorkerThread "G1 Conc#0"                       [id=16964, stack(0x000000f695d00000,0x000000f695e00000) (1024K)]
  0x0000029f1afeea10 ConcurrentGCThread "G1 Refine#0"               [id=16824, stack(0x000000f695e00000,0x000000f695f00000) (1024K)]
  0x0000029f372b05d0 ConcurrentGCThread "G1 Service"                [id=1456, stack(0x000000f695f00000,0x000000f696000000) (1024K)]
Total: 10

Threads with active compile tasks:
Total: 0

VM state: at safepoint (normal execution)

VM Mutex/Monitor currently owned by a thread:  ([mutex/lock_event])
[0x00007ffc57be4888] Threads_lock - owner thread: 0x0000029f373ebfe0
[0x00007ffc57be4988] Heap_lock - owner thread: 0x0000029f5b50a5e0

Heap address: 0x0000000080000000, size: 2048 MB, Compressed Oops mode: 32-bit

CDS archive(s) mapped at: [0x0000029f38000000-0x0000029f38d70000-0x0000029f38d70000), size 14090240, SharedBaseAddress: 0x0000029f38000000, ArchiveRelocationMode: 1.
Compressed class space mapped at: 0x0000029f39000000-0x0000029f53000000, reserved size: 436207616
Narrow klass base: 0x0000029f38000000, Narrow klass shift: 0, Narrow klass range: 0x1b000000

GC Precious Log:
 CardTable entry size: 512
 Card Set container configuration: InlinePtr #cards 5 size 8 Array Of Cards #cards 10 size 36 Howl #buckets 4 coarsen threshold 1843 Howl Bitmap #cards 512 size 80 coarsen threshold 460 Card regions per heap region 1 cards per card region 2048
 CPUs: 4 total, 4 available
 Memory: 3895M
 Large Page Support: Disabled
 NUMA Support: Disabled
 Compressed Oops: Enabled (32-bit)
 Heap Region Size: 1M
 Heap Min Capacity: 8M
 Heap Initial Capacity: 62M
 Heap Max Capacity: 2G
 Pre-touch: Disabled
 Parallel Workers: 4
 Concurrent Workers: 1
 Concurrent Refinement Workers: 4
 Periodic GC: Disabled

Heap:
 garbage-first heap   total reserved 2097152K, committed 225280K, used 151815K [0x0000000080000000, 0x0000000100000000)
  region size 1024K, 5 young (5120K), 5 survivors (5120K)
 Metaspace       used 107002K, committed 109632K, reserved 557056K
  class space    used 15463K, committed 16704K, reserved 425984K

Heap Regions: E=young(eden), S=young(survivor), O=old, HS=humongous(starts), HC=humongous(continues), CS=collection set, F=free, TAMS=top-at-mark-start, PB=parsable bottom
|   0|0x0000000080000000, 0x0000000080100000, 0x0000000080100000|100%|HS|  |TAMS 0x0000000080000000| PB 0x0000000080000000| Complete |  0
|   1|0x0000000080100000, 0x0000000080200000, 0x0000000080200000|100%|HC|  |TAMS 0x0000000080100000| PB 0x0000000080100000| Complete |  0
|   2|0x0000000080200000, 0x0000000080300000, 0x0000000080300000|100%|HC|  |TAMS 0x0000000080200000| PB 0x0000000080200000| Complete |  0
|   3|0x0000000080300000, 0x0000000080400000, 0x0000000080400000|100%|HC|  |TAMS 0x0000000080300000| PB 0x0000000080300000| Complete |  0
|   4|0x0000000080400000, 0x0000000080500000, 0x0000000080500000|100%| O|  |TAMS 0x0000000080400000| PB 0x0000000080400000| Untracked |  0
|   5|0x0000000080500000, 0x0000000080600000, 0x0000000080600000|100%| O|  |TAMS 0x0000000080500000| PB 0x0000000080500000| Untracked |  0
|   6|0x0000000080600000, 0x0000000080700000, 0x0000000080700000|100%| O|  |TAMS 0x0000000080600000| PB 0x0000000080600000| Untracked |  0
|   7|0x0000000080700000, 0x0000000080800000, 0x0000000080800000|100%| O|  |TAMS 0x0000000080700000| PB 0x0000000080700000| Untracked |  0
|   8|0x0000000080800000, 0x0000000080900000, 0x0000000080900000|100%| O|  |TAMS 0x0000000080800000| PB 0x0000000080800000| Untracked |  0
|   9|0x0000000080900000, 0x0000000080a00000, 0x0000000080a00000|100%| O|  |TAMS 0x0000000080900000| PB 0x0000000080900000| Untracked |  0
|  10|0x0000000080a00000, 0x0000000080b00000, 0x0000000080b00000|100%| O|  |TAMS 0x0000000080a00000| PB 0x0000000080a00000| Untracked |  0
|  11|0x0000000080b00000, 0x0000000080c00000, 0x0000000080c00000|100%|HS|  |TAMS 0x0000000080b00000| PB 0x0000000080b00000| Complete |  0
|  12|0x0000000080c00000, 0x0000000080d00000, 0x0000000080d00000|100%| O|  |TAMS 0x0000000080c00000| PB 0x0000000080c00000| Untracked |  0
|  13|0x0000000080d00000, 0x0000000080e00000, 0x0000000080e00000|100%| O|  |TAMS 0x0000000080d00000| PB 0x0000000080d00000| Untracked |  0
|  14|0x0000000080e00000, 0x0000000080f00000, 0x0000000080f00000|100%| O|  |TAMS 0x0000000080e00000| PB 0x0000000080e00000| Untracked |  0
|  15|0x0000000080f00000, 0x0000000081000000, 0x0000000081000000|100%| O|  |TAMS 0x0000000080f00000| PB 0x0000000080f00000| Untracked |  0
|  16|0x0000000081000000, 0x0000000081100000, 0x0000000081100000|100%| O|  |TAMS 0x0000000081000000| PB 0x0000000081000000| Untracked |  0
|  17|0x0000000081100000, 0x0000000081200000, 0x0000000081200000|100%| O|  |TAMS 0x0000000081100000| PB 0x0000000081100000| Untracked |  0
|  18|0x0000000081200000, 0x0000000081300000, 0x0000000081300000|100%| O|  |TAMS 0x0000000081200000| PB 0x0000000081200000| Untracked |  0
|  19|0x0000000081300000, 0x0000000081400000, 0x0000000081400000|100%| O|  |TAMS 0x0000000081300000| PB 0x0000000081300000| Untracked |  0
|  20|0x0000000081400000, 0x0000000081500000, 0x0000000081500000|100%| O|  |TAMS 0x0000000081400000| PB 0x0000000081400000| Untracked |  0
|  21|0x0000000081500000, 0x0000000081600000, 0x0000000081600000|100%| O|  |TAMS 0x0000000081500000| PB 0x0000000081500000| Untracked |  0
|  22|0x0000000081600000, 0x0000000081700000, 0x0000000081700000|100%| O|  |TAMS 0x0000000081600000| PB 0x0000000081600000| Untracked |  0
|  23|0x0000000081700000, 0x0000000081800000, 0x0000000081800000|100%| O|  |TAMS 0x0000000081700000| PB 0x0000000081700000| Untracked |  0
|  24|0x0000000081800000, 0x0000000081900000, 0x0000000081900000|100%| O|  |TAMS 0x0000000081800000| PB 0x0000000081800000| Untracked |  0
|  25|0x0000000081900000, 0x0000000081a00000, 0x0000000081a00000|100%| O|  |TAMS 0x0000000081900000| PB 0x0000000081900000| Untracked |  0
|  26|0x0000000081a00000, 0x0000000081b00000, 0x0000000081b00000|100%| O|  |TAMS 0x0000000081a00000| PB 0x0000000081a00000| Untracked |  0
|  27|0x0000000081b00000, 0x0000000081c00000, 0x0000000081c00000|100%| O|  |TAMS 0x0000000081b00000| PB 0x0000000081b00000| Untracked |  0
|  28|0x0000000081c00000, 0x0000000081d00000, 0x0000000081d00000|100%| O|  |TAMS 0x0000000081c00000| PB 0x0000000081c00000| Untracked |  0
|  29|0x0000000081d00000, 0x0000000081e00000, 0x0000000081e00000|100%| O|  |TAMS 0x0000000081d00000| PB 0x0000000081d00000| Untracked |  0
|  30|0x0000000081e00000, 0x0000000081f00000, 0x0000000081f00000|100%| O|  |TAMS 0x0000000081e00000| PB 0x0000000081e00000| Untracked |  0
|  31|0x0000000081f00000, 0x0000000082000000, 0x0000000082000000|100%| O|  |TAMS 0x0000000081f00000| PB 0x0000000081f00000| Untracked |  0
|  32|0x0000000082000000, 0x0000000082100000, 0x0000000082100000|100%| O|  |TAMS 0x0000000082000000| PB 0x0000000082000000| Untracked |  0
|  33|0x0000000082100000, 0x0000000082200000, 0x0000000082200000|100%| O|  |TAMS 0x0000000082100000| PB 0x0000000082100000| Untracked |  0
|  34|0x0000000082200000, 0x0000000082300000, 0x0000000082300000|100%| O|  |TAMS 0x0000000082200000| PB 0x0000000082200000| Untracked |  0
|  35|0x0000000082300000, 0x0000000082400000, 0x0000000082400000|100%| O|  |TAMS 0x0000000082300000| PB 0x0000000082300000| Untracked |  0
|  36|0x0000000082400000, 0x0000000082500000, 0x0000000082500000|100%| O|  |TAMS 0x0000000082400000| PB 0x0000000082400000| Untracked |  0
|  37|0x0000000082500000, 0x0000000082600000, 0x0000000082600000|100%| O|  |TAMS 0x0000000082500000| PB 0x0000000082500000| Untracked |  0
|  38|0x0000000082600000, 0x0000000082700000, 0x0000000082700000|100%| O|  |TAMS 0x0000000082600000| PB 0x0000000082600000| Untracked |  0
|  39|0x0000000082700000, 0x0000000082800000, 0x0000000082800000|100%| O|  |TAMS 0x0000000082700000| PB 0x0000000082700000| Untracked |  0
|  40|0x0000000082800000, 0x0000000082900000, 0x0000000082900000|100%| O|  |TAMS 0x0000000082800000| PB 0x0000000082800000| Untracked |  0
|  41|0x0000000082900000, 0x0000000082a00000, 0x0000000082a00000|100%| O|  |TAMS 0x0000000082900000| PB 0x0000000082900000| Untracked |  0
|  42|0x0000000082a00000, 0x0000000082b00000, 0x0000000082b00000|100%| O|  |TAMS 0x0000000082a00000| PB 0x0000000082a00000| Untracked |  0
|  43|0x0000000082b00000, 0x0000000082c00000, 0x0000000082c00000|100%|HS|  |TAMS 0x0000000082b00000| PB 0x0000000082b00000| Complete |  0
|  44|0x0000000082c00000, 0x0000000082d00000, 0x0000000082d00000|100%|HC|  |TAMS 0x0000000082c00000| PB 0x0000000082c00000| Complete |  0
|  45|0x0000000082d00000, 0x0000000082e00000, 0x0000000082e00000|100%| O|  |TAMS 0x0000000082d00000| PB 0x0000000082d00000| Untracked |  0
|  46|0x0000000082e00000, 0x0000000082f00000, 0x0000000082f00000|100%| O|  |TAMS 0x0000000082e00000| PB 0x0000000082e00000| Untracked |  0
|  47|0x0000000082f00000, 0x0000000083000000, 0x0000000083000000|100%|HS|  |TAMS 0x0000000082f00000| PB 0x0000000082f00000| Complete |  0
|  48|0x0000000083000000, 0x0000000083100000, 0x0000000083100000|100%|HC|  |TAMS 0x0000000083000000| PB 0x0000000083000000| Complete |  0
|  49|0x0000000083100000, 0x0000000083200000, 0x0000000083200000|100%| O|  |TAMS 0x0000000083100000| PB 0x0000000083100000| Untracked |  0
|  50|0x0000000083200000, 0x0000000083300000, 0x0000000083300000|100%| O|  |TAMS 0x0000000083200000| PB 0x0000000083200000| Untracked |  0
|  51|0x0000000083300000, 0x0000000083400000, 0x0000000083400000|100%| O|  |TAMS 0x0000000083300000| PB 0x0000000083300000| Untracked |  0
|  52|0x0000000083400000, 0x0000000083500000, 0x0000000083500000|100%| O|  |TAMS 0x0000000083400000| PB 0x0000000083400000| Untracked |  0
|  53|0x0000000083500000, 0x0000000083600000, 0x0000000083600000|100%|HS|  |TAMS 0x0000000083500000| PB 0x0000000083500000| Complete |  0
|  54|0x0000000083600000, 0x0000000083700000, 0x0000000083700000|100%|HC|  |TAMS 0x0000000083600000| PB 0x0000000083600000| Complete |  0
|  55|0x0000000083700000, 0x0000000083800000, 0x0000000083800000|100%|HC|  |TAMS 0x0000000083700000| PB 0x0000000083700000| Complete |  0
|  56|0x0000000083800000, 0x0000000083900000, 0x0000000083900000|100%|HC|  |TAMS 0x0000000083800000| PB 0x0000000083800000| Complete |  0
|  57|0x0000000083900000, 0x0000000083a00000, 0x0000000083a00000|100%| O|  |TAMS 0x0000000083900000| PB 0x0000000083900000| Untracked |  0
|  58|0x0000000083a00000, 0x0000000083b00000, 0x0000000083b00000|100%| O|  |TAMS 0x0000000083a00000| PB 0x0000000083a00000| Untracked |  0
|  59|0x0000000083b00000, 0x0000000083c00000, 0x0000000083c00000|100%| O|  |TAMS 0x0000000083b00000| PB 0x0000000083b00000| Untracked |  0
|  60|0x0000000083c00000, 0x0000000083d00000, 0x0000000083d00000|100%| O|  |TAMS 0x0000000083c00000| PB 0x0000000083c00000| Untracked |  0
|  61|0x0000000083d00000, 0x0000000083e00000, 0x0000000083e00000|100%| O|  |TAMS 0x0000000083d00000| PB 0x0000000083d00000| Untracked |  0
|  62|0x0000000083e00000, 0x0000000083f00000, 0x0000000083f00000|100%|HS|  |TAMS 0x0000000083e00000| PB 0x0000000083e00000| Complete |  0
|  63|0x0000000083f00000, 0x0000000084000000, 0x0000000084000000|100%|HC|  |TAMS 0x0000000083f00000| PB 0x0000000083f00000| Complete |  0
|  64|0x0000000084000000, 0x0000000084100000, 0x0000000084100000|100%|HC|  |TAMS 0x0000000084000000| PB 0x0000000084000000| Complete |  0
|  65|0x0000000084100000, 0x0000000084200000, 0x0000000084200000|100%|HC|  |TAMS 0x0000000084100000| PB 0x0000000084100000| Complete |  0
|  66|0x0000000084200000, 0x0000000084300000, 0x0000000084300000|100%| O|  |TAMS 0x0000000084200000| PB 0x0000000084200000| Untracked |  0
|  67|0x0000000084300000, 0x0000000084400000, 0x0000000084400000|100%| O|  |TAMS 0x0000000084300000| PB 0x0000000084300000| Untracked |  0
|  68|0x0000000084400000, 0x0000000084500000, 0x0000000084500000|100%| O|  |TAMS 0x0000000084400000| PB 0x0000000084400000| Untracked |  0
|  69|0x0000000084500000, 0x0000000084600000, 0x0000000084600000|100%| O|  |TAMS 0x0000000084500000| PB 0x0000000084500000| Untracked |  0
|  70|0x0000000084600000, 0x0000000084700000, 0x0000000084700000|100%| O|  |TAMS 0x0000000084600000| PB 0x0000000084600000| Untracked |  0
|  71|0x0000000084700000, 0x0000000084800000, 0x0000000084800000|100%| O|  |TAMS 0x0000000084700000| PB 0x0000000084700000| Untracked |  0
|  72|0x0000000084800000, 0x0000000084900000, 0x0000000084900000|100%| O|  |TAMS 0x0000000084800000| PB 0x0000000084800000| Untracked |  0
|  73|0x0000000084900000, 0x0000000084a00000, 0x0000000084a00000|100%| O|  |TAMS 0x0000000084900000| PB 0x0000000084900000| Untracked |  0
|  74|0x0000000084a00000, 0x0000000084b00000, 0x0000000084b00000|100%| O|  |TAMS 0x0000000084a00000| PB 0x0000000084a00000| Untracked |  0
|  75|0x0000000084b00000, 0x0000000084c00000, 0x0000000084c00000|100%| O|  |TAMS 0x0000000084b00000| PB 0x0000000084b00000| Untracked |  0
|  76|0x0000000084c00000, 0x0000000084d00000, 0x0000000084d00000|100%| O|  |TAMS 0x0000000084c00000| PB 0x0000000084c00000| Untracked |  0
|  77|0x0000000084d00000, 0x0000000084e00000, 0x0000000084e00000|100%| O|  |TAMS 0x0000000084d00000| PB 0x0000000084d00000| Untracked |  0
|  78|0x0000000084e00000, 0x0000000084f00000, 0x0000000084f00000|100%| O|  |TAMS 0x0000000084e00000| PB 0x0000000084e00000| Untracked |  0
|  79|0x0000000084f00000, 0x0000000085000000, 0x0000000085000000|100%| O|  |TAMS 0x0000000084f00000| PB 0x0000000084f00000| Untracked |  0
|  80|0x0000000085000000, 0x0000000085100000, 0x0000000085100000|100%|HS|  |TAMS 0x0000000085000000| PB 0x0000000085000000| Complete |  0
|  81|0x0000000085100000, 0x0000000085200000, 0x0000000085200000|100%|HC|  |TAMS 0x0000000085100000| PB 0x0000000085100000| Complete |  0
|  82|0x0000000085200000, 0x0000000085300000, 0x0000000085300000|100%|HS|  |TAMS 0x0000000085200000| PB 0x0000000085200000| Complete |  0
|  83|0x0000000085300000, 0x0000000085400000, 0x0000000085400000|100%|HC|  |TAMS 0x0000000085300000| PB 0x0000000085300000| Complete |  0
|  84|0x0000000085400000, 0x0000000085500000, 0x0000000085500000|100%|HS|  |TAMS 0x0000000085400000| PB 0x0000000085400000| Complete |  0
|  85|0x0000000085500000, 0x0000000085600000, 0x0000000085600000|100%|HC|  |TAMS 0x0000000085500000| PB 0x0000000085500000| Complete |  0
|  86|0x0000000085600000, 0x0000000085700000, 0x0000000085700000|100%|HC|  |TAMS 0x0000000085600000| PB 0x0000000085600000| Complete |  0
|  87|0x0000000085700000, 0x0000000085800000, 0x0000000085800000|100%|HC|  |TAMS 0x0000000085700000| PB 0x0000000085700000| Complete |  0
|  88|0x0000000085800000, 0x0000000085900000, 0x0000000085900000|100%|HS|  |TAMS 0x0000000085800000| PB 0x0000000085800000| Complete |  0
|  89|0x0000000085900000, 0x0000000085a00000, 0x0000000085a00000|100%|HC|  |TAMS 0x0000000085900000| PB 0x0000000085900000| Complete |  0
|  90|0x0000000085a00000, 0x0000000085b00000, 0x0000000085b00000|100%|HC|  |TAMS 0x0000000085a00000| PB 0x0000000085a00000| Complete |  0
|  91|0x0000000085b00000, 0x0000000085c00000, 0x0000000085c00000|100%|HC|  |TAMS 0x0000000085b00000| PB 0x0000000085b00000| Complete |  0
|  92|0x0000000085c00000, 0x0000000085d00000, 0x0000000085d00000|100%| O|  |TAMS 0x0000000085c00000| PB 0x0000000085c00000| Untracked |  0
|  93|0x0000000085d00000, 0x0000000085e00000, 0x0000000085e00000|100%| O|  |TAMS 0x0000000085d00000| PB 0x0000000085d00000| Untracked |  0
|  94|0x0000000085e00000, 0x0000000085f00000, 0x0000000085f00000|100%| O|  |TAMS 0x0000000085e00000| PB 0x0000000085e00000| Untracked |  0
|  95|0x0000000085f00000, 0x0000000086000000, 0x0000000086000000|100%| O|  |TAMS 0x0000000085f00000| PB 0x0000000085f00000| Untracked |  0
|  96|0x0000000086000000, 0x0000000086100000, 0x0000000086100000|100%| O|  |TAMS 0x0000000086000000| PB 0x0000000086000000| Untracked |  0
|  97|0x0000000086100000, 0x0000000086200000, 0x0000000086200000|100%| O|  |TAMS 0x0000000086100000| PB 0x0000000086100000| Untracked |  0
|  98|0x0000000086200000, 0x0000000086300000, 0x0000000086300000|100%|HS|  |TAMS 0x0000000086200000| PB 0x0000000086200000| Complete |  0
|  99|0x0000000086300000, 0x0000000086400000, 0x0000000086400000|100%| O|  |TAMS 0x0000000086300000| PB 0x0000000086300000| Untracked |  0
| 100|0x0000000086400000, 0x0000000086500000, 0x0000000086500000|100%| O|  |TAMS 0x0000000086400000| PB 0x0000000086400000| Untracked |  0
| 101|0x0000000086500000, 0x0000000086600000, 0x0000000086600000|100%| O|  |TAMS 0x0000000086500000| PB 0x0000000086500000| Untracked |  0
| 102|0x0000000086600000, 0x0000000086700000, 0x0000000086700000|100%| O|  |TAMS 0x0000000086600000| PB 0x0000000086600000| Untracked |  0
| 103|0x0000000086700000, 0x0000000086800000, 0x0000000086800000|100%| O|  |TAMS 0x0000000086700000| PB 0x0000000086700000| Untracked |  0
| 104|0x0000000086800000, 0x0000000086900000, 0x0000000086900000|100%| O|  |TAMS 0x0000000086800000| PB 0x0000000086800000| Untracked |  0
| 105|0x0000000086900000, 0x0000000086a00000, 0x0000000086a00000|100%| O|  |TAMS 0x0000000086900000| PB 0x0000000086900000| Untracked |  0
| 106|0x0000000086a00000, 0x0000000086b00000, 0x0000000086b00000|100%|HS|  |TAMS 0x0000000086a00000| PB 0x0000000086a00000| Complete |  0
| 107|0x0000000086b00000, 0x0000000086c00000, 0x0000000086c00000|100%|HS|  |TAMS 0x0000000086b00000| PB 0x0000000086b00000| Complete |  0
| 108|0x0000000086c00000, 0x0000000086d00000, 0x0000000086d00000|100%|HS|  |TAMS 0x0000000086c00000| PB 0x0000000086c00000| Complete |  0
| 109|0x0000000086d00000, 0x0000000086e00000, 0x0000000086e00000|100%|HS|  |TAMS 0x0000000086d00000| PB 0x0000000086d00000| Complete |  0
| 110|0x0000000086e00000, 0x0000000086f00000, 0x0000000086f00000|100%|HS|  |TAMS 0x0000000086e00000| PB 0x0000000086e00000| Complete |  0
| 111|0x0000000086f00000, 0x0000000087000000, 0x0000000087000000|100%| O|  |TAMS 0x0000000086f00000| PB 0x0000000086f00000| Untracked |  0
| 112|0x0000000087000000, 0x0000000087100000, 0x0000000087100000|100%| O|  |TAMS 0x0000000087000000| PB 0x0000000087000000| Untracked |  0
| 113|0x0000000087100000, 0x0000000087200000, 0x0000000087200000|100%| O|  |TAMS 0x0000000087100000| PB 0x0000000087100000| Untracked |  0
| 114|0x0000000087200000, 0x0000000087300000, 0x0000000087300000|100%| O|  |TAMS 0x0000000087200000| PB 0x0000000087200000| Untracked |  0
| 115|0x0000000087300000, 0x0000000087400000, 0x0000000087400000|100%| O|  |TAMS 0x0000000087300000| PB 0x0000000087300000| Untracked |  0
| 116|0x0000000087400000, 0x0000000087500000, 0x0000000087500000|100%| O|  |TAMS 0x0000000087400000| PB 0x0000000087400000| Untracked |  0
| 117|0x0000000087500000, 0x0000000087600000, 0x0000000087600000|100%| O|  |TAMS 0x0000000087500000| PB 0x0000000087500000| Untracked |  0
| 118|0x0000000087600000, 0x0000000087700000, 0x0000000087700000|100%| O|  |TAMS 0x0000000087600000| PB 0x0000000087600000| Untracked |  0
| 119|0x0000000087700000, 0x0000000087800000, 0x0000000087800000|100%| O|  |TAMS 0x0000000087700000| PB 0x0000000087700000| Untracked |  0
| 120|0x0000000087800000, 0x0000000087900000, 0x0000000087900000|100%| O|  |TAMS 0x0000000087800000| PB 0x0000000087800000| Untracked |  0
| 121|0x0000000087900000, 0x0000000087a00000, 0x0000000087a00000|100%|HS|  |TAMS 0x0000000087900000| PB 0x0000000087900000| Complete |  0
| 122|0x0000000087a00000, 0x0000000087b00000, 0x0000000087b00000|100%|HS|  |TAMS 0x0000000087a00000| PB 0x0000000087a00000| Complete |  0
| 123|0x0000000087b00000, 0x0000000087c00000, 0x0000000087c00000|100%|HC|  |TAMS 0x0000000087b00000| PB 0x0000000087b00000| Complete |  0
| 124|0x0000000087c00000, 0x0000000087d00000, 0x0000000087d00000|100%| O|  |TAMS 0x0000000087c00000| PB 0x0000000087c00000| Untracked |  0
| 125|0x0000000087d00000, 0x0000000087e00000, 0x0000000087e00000|100%| O|  |TAMS 0x0000000087d00000| PB 0x0000000087d00000| Untracked |  0
| 126|0x0000000087e00000, 0x0000000087f00000, 0x0000000087f00000|100%| O|  |TAMS 0x0000000087e00000| PB 0x0000000087e00000| Untracked |  0
| 127|0x0000000087f00000, 0x0000000088000000, 0x0000000088000000|100%| O|  |TAMS 0x0000000087f00000| PB 0x0000000087f00000| Untracked |  0
| 128|0x0000000088000000, 0x0000000088100000, 0x0000000088100000|100%| O|  |TAMS 0x0000000088000000| PB 0x0000000088000000| Untracked |  0
| 129|0x0000000088100000, 0x0000000088200000, 0x0000000088200000|100%| O|  |TAMS 0x0000000088100000| PB 0x0000000088100000| Untracked |  0
| 130|0x0000000088200000, 0x0000000088300000, 0x0000000088300000|100%| O|  |TAMS 0x0000000088200000| PB 0x0000000088200000| Untracked |  0
| 131|0x0000000088300000, 0x0000000088400000, 0x0000000088400000|100%| O|  |TAMS 0x0000000088300000| PB 0x0000000088300000| Untracked |  0
| 132|0x0000000088400000, 0x0000000088500000, 0x0000000088500000|100%| O|  |TAMS 0x0000000088400000| PB 0x0000000088400000| Untracked |  0
| 133|0x0000000088500000, 0x0000000088600000, 0x0000000088600000|100%| O|  |TAMS 0x0000000088500000| PB 0x0000000088500000| Untracked |  0
| 134|0x0000000088600000, 0x0000000088700000, 0x0000000088700000|100%| O|  |TAMS 0x0000000088600000| PB 0x0000000088600000| Untracked |  0
| 135|0x0000000088700000, 0x0000000088800000, 0x0000000088800000|100%| O|  |TAMS 0x0000000088700000| PB 0x0000000088700000| Untracked |  0
| 136|0x0000000088800000, 0x0000000088900000, 0x0000000088900000|100%| O|  |TAMS 0x0000000088800000| PB 0x0000000088800000| Untracked |  0
| 137|0x0000000088900000, 0x0000000088a00000, 0x0000000088a00000|100%| O|  |TAMS 0x0000000088900000| PB 0x0000000088900000| Untracked |  0
| 138|0x0000000088a00000, 0x0000000088b00000, 0x0000000088b00000|100%| O|  |TAMS 0x0000000088a00000| PB 0x0000000088a00000| Untracked |  0
| 139|0x0000000088b00000, 0x0000000088c00000, 0x0000000088c00000|100%| O|  |TAMS 0x0000000088b00000| PB 0x0000000088b00000| Untracked |  0
| 140|0x0000000088c00000, 0x0000000088d00000, 0x0000000088d00000|100%| O|  |TAMS 0x0000000088c00000| PB 0x0000000088c00000| Untracked |  0
| 141|0x0000000088d00000, 0x0000000088e00000, 0x0000000088e00000|100%| O|  |TAMS 0x0000000088d00000| PB 0x0000000088d00000| Untracked |  0
| 142|0x0000000088e00000, 0x0000000088f00000, 0x0000000088f00000|100%| O|  |TAMS 0x0000000088e00000| PB 0x0000000088e00000| Untracked |  0
| 143|0x0000000088f00000, 0x0000000088f87620, 0x0000000089000000| 52%| O|  |TAMS 0x0000000088f00000| PB 0x0000000088f00000| Untracked |  0
| 144|0x0000000089000000, 0x0000000089000000, 0x0000000089100000|  0%| F|  |TAMS 0x0000000089000000| PB 0x0000000089000000| Untracked |  0
| 145|0x0000000089100000, 0x0000000089100000, 0x0000000089200000|  0%| F|  |TAMS 0x0000000089100000| PB 0x0000000089100000| Untracked |  0
| 146|0x0000000089200000, 0x0000000089200000, 0x0000000089300000|  0%| F|  |TAMS 0x0000000089200000| PB 0x0000000089200000| Untracked |  0
| 147|0x0000000089300000, 0x0000000089300000, 0x0000000089400000|  0%| F|  |TAMS 0x0000000089300000| PB 0x0000000089300000| Untracked |  0
| 148|0x0000000089400000, 0x0000000089400000, 0x0000000089500000|  0%| F|  |TAMS 0x0000000089400000| PB 0x0000000089400000| Untracked |  0
| 149|0x0000000089500000, 0x0000000089500000, 0x0000000089600000|  0%| F|  |TAMS 0x0000000089500000| PB 0x0000000089500000| Untracked |  0
| 150|0x0000000089600000, 0x0000000089600000, 0x0000000089700000|  0%| F|  |TAMS 0x0000000089600000| PB 0x0000000089600000| Untracked |  0
| 151|0x0000000089700000, 0x0000000089700000, 0x0000000089800000|  0%| F|  |TAMS 0x0000000089700000| PB 0x0000000089700000| Untracked |  0
| 152|0x0000000089800000, 0x0000000089800000, 0x0000000089900000|  0%| F|  |TAMS 0x0000000089800000| PB 0x0000000089800000| Untracked |  0
| 153|0x0000000089900000, 0x00000000899ba708, 0x0000000089a00000| 72%| S|CS|TAMS 0x0000000089900000| PB 0x0000000089900000| Complete |  0
| 154|0x0000000089a00000, 0x0000000089b00000, 0x0000000089b00000|100%| S|CS|TAMS 0x0000000089a00000| PB 0x0000000089a00000| Complete |  0
| 155|0x0000000089b00000, 0x0000000089c00000, 0x0000000089c00000|100%| S|CS|TAMS 0x0000000089b00000| PB 0x0000000089b00000| Complete |  0
| 156|0x0000000089c00000, 0x0000000089d00000, 0x0000000089d00000|100%| S|CS|TAMS 0x0000000089c00000| PB 0x0000000089c00000| Complete |  0
| 157|0x0000000089d00000, 0x0000000089e00000, 0x0000000089e00000|100%| S|CS|TAMS 0x0000000089d00000| PB 0x0000000089d00000| Complete |  0
| 158|0x0000000089e00000, 0x0000000089e00000, 0x0000000089f00000|  0%| F|  |TAMS 0x0000000089e00000| PB 0x0000000089e00000| Untracked |  0
| 159|0x0000000089f00000, 0x0000000089f00000, 0x000000008a000000|  0%| F|  |TAMS 0x0000000089f00000| PB 0x0000000089f00000| Untracked |  0
| 160|0x000000008a000000, 0x000000008a000000, 0x000000008a100000|  0%| F|  |TAMS 0x000000008a000000| PB 0x000000008a000000| Untracked |  0
| 161|0x000000008a100000, 0x000000008a100000, 0x000000008a200000|  0%| F|  |TAMS 0x000000008a100000| PB 0x000000008a100000| Untracked |  0
| 162|0x000000008a200000, 0x000000008a200000, 0x000000008a300000|  0%| F|  |TAMS 0x000000008a200000| PB 0x000000008a200000| Untracked |  0
| 163|0x000000008a300000, 0x000000008a300000, 0x000000008a400000|  0%| F|  |TAMS 0x000000008a300000| PB 0x000000008a300000| Untracked |  0
| 164|0x000000008a400000, 0x000000008a400000, 0x000000008a500000|  0%| F|  |TAMS 0x000000008a400000| PB 0x000000008a400000| Untracked |  0
| 165|0x000000008a500000, 0x000000008a500000, 0x000000008a600000|  0%| F|  |TAMS 0x000000008a500000| PB 0x000000008a500000| Untracked |  0
| 166|0x000000008a600000, 0x000000008a600000, 0x000000008a700000|  0%| F|  |TAMS 0x000000008a600000| PB 0x000000008a600000| Untracked |  0
| 167|0x000000008a700000, 0x000000008a700000, 0x000000008a800000|  0%| F|  |TAMS 0x000000008a700000| PB 0x000000008a700000| Untracked |  0
| 168|0x000000008a800000, 0x000000008a800000, 0x000000008a900000|  0%| F|  |TAMS 0x000000008a800000| PB 0x000000008a800000| Untracked |  0
| 169|0x000000008a900000, 0x000000008a900000, 0x000000008aa00000|  0%| F|  |TAMS 0x000000008a900000| PB 0x000000008a900000| Untracked |  0
| 170|0x000000008aa00000, 0x000000008aa00000, 0x000000008ab00000|  0%| F|  |TAMS 0x000000008aa00000| PB 0x000000008aa00000| Untracked |  0
| 171|0x000000008ab00000, 0x000000008ab00000, 0x000000008ac00000|  0%| F|  |TAMS 0x000000008ab00000| PB 0x000000008ab00000| Untracked |  0
| 172|0x000000008ac00000, 0x000000008ac00000, 0x000000008ad00000|  0%| F|  |TAMS 0x000000008ac00000| PB 0x000000008ac00000| Untracked |  0
| 173|0x000000008ad00000, 0x000000008ad00000, 0x000000008ae00000|  0%| F|  |TAMS 0x000000008ad00000| PB 0x000000008ad00000| Untracked |  0
| 174|0x000000008ae00000, 0x000000008ae00000, 0x000000008af00000|  0%| F|  |TAMS 0x000000008ae00000| PB 0x000000008ae00000| Untracked |  0
| 175|0x000000008af00000, 0x000000008af00000, 0x000000008b000000|  0%| F|  |TAMS 0x000000008af00000| PB 0x000000008af00000| Untracked |  0
| 176|0x000000008b000000, 0x000000008b000000, 0x000000008b100000|  0%| F|  |TAMS 0x000000008b000000| PB 0x000000008b000000| Untracked |  0
| 177|0x000000008b100000, 0x000000008b100000, 0x000000008b200000|  0%| F|  |TAMS 0x000000008b100000| PB 0x000000008b100000| Untracked |  0
| 178|0x000000008b200000, 0x000000008b200000, 0x000000008b300000|  0%| F|  |TAMS 0x000000008b200000| PB 0x000000008b200000| Untracked |  0
| 179|0x000000008b300000, 0x000000008b300000, 0x000000008b400000|  0%| F|  |TAMS 0x000000008b300000| PB 0x000000008b300000| Untracked |  0
| 180|0x000000008b400000, 0x000000008b400000, 0x000000008b500000|  0%| F|  |TAMS 0x000000008b400000| PB 0x000000008b400000| Untracked |  0
| 181|0x000000008b500000, 0x000000008b500000, 0x000000008b600000|  0%| F|  |TAMS 0x000000008b500000| PB 0x000000008b500000| Untracked |  0
| 182|0x000000008b600000, 0x000000008b600000, 0x000000008b700000|  0%| F|  |TAMS 0x000000008b600000| PB 0x000000008b600000| Untracked |  0
| 183|0x000000008b700000, 0x000000008b700000, 0x000000008b800000|  0%| F|  |TAMS 0x000000008b700000| PB 0x000000008b700000| Untracked |  0
| 184|0x000000008b800000, 0x000000008b800000, 0x000000008b900000|  0%| F|  |TAMS 0x000000008b800000| PB 0x000000008b800000| Untracked |  0
| 185|0x000000008b900000, 0x000000008b900000, 0x000000008ba00000|  0%| F|  |TAMS 0x000000008b900000| PB 0x000000008b900000| Untracked |  0
| 186|0x000000008ba00000, 0x000000008ba00000, 0x000000008bb00000|  0%| F|  |TAMS 0x000000008ba00000| PB 0x000000008ba00000| Untracked |  0
| 187|0x000000008bb00000, 0x000000008bb00000, 0x000000008bc00000|  0%| F|  |TAMS 0x000000008bb00000| PB 0x000000008bb00000| Untracked |  0
| 188|0x000000008bc00000, 0x000000008bc00000, 0x000000008bd00000|  0%| F|  |TAMS 0x000000008bc00000| PB 0x000000008bc00000| Untracked |  0
| 189|0x000000008bd00000, 0x000000008bd00000, 0x000000008be00000|  0%| F|  |TAMS 0x000000008bd00000| PB 0x000000008bd00000| Untracked |  0
| 190|0x000000008be00000, 0x000000008be00000, 0x000000008bf00000|  0%| F|  |TAMS 0x000000008be00000| PB 0x000000008be00000| Untracked |  0
| 191|0x000000008bf00000, 0x000000008bf00000, 0x000000008c000000|  0%| F|  |TAMS 0x000000008bf00000| PB 0x000000008bf00000| Untracked |  0
| 192|0x000000008c000000, 0x000000008c000000, 0x000000008c100000|  0%| F|  |TAMS 0x000000008c000000| PB 0x000000008c000000| Untracked |  0
| 193|0x000000008c100000, 0x000000008c100000, 0x000000008c200000|  0%| F|  |TAMS 0x000000008c100000| PB 0x000000008c100000| Untracked |  0
| 194|0x000000008c200000, 0x000000008c200000, 0x000000008c300000|  0%| F|  |TAMS 0x000000008c200000| PB 0x000000008c200000| Untracked |  0
| 195|0x000000008c300000, 0x000000008c300000, 0x000000008c400000|  0%| F|  |TAMS 0x000000008c300000| PB 0x000000008c300000| Untracked |  0
| 196|0x000000008c400000, 0x000000008c400000, 0x000000008c500000|  0%| F|  |TAMS 0x000000008c400000| PB 0x000000008c400000| Untracked |  0
| 197|0x000000008c500000, 0x000000008c500000, 0x000000008c600000|  0%| F|  |TAMS 0x000000008c500000| PB 0x000000008c500000| Untracked |  0
| 198|0x000000008c600000, 0x000000008c600000, 0x000000008c700000|  0%| F|  |TAMS 0x000000008c600000| PB 0x000000008c600000| Untracked |  0
| 199|0x000000008c700000, 0x000000008c700000, 0x000000008c800000|  0%| F|  |TAMS 0x000000008c700000| PB 0x000000008c700000| Untracked |  0
| 200|0x000000008c800000, 0x000000008c800000, 0x000000008c900000|  0%| F|  |TAMS 0x000000008c800000| PB 0x000000008c800000| Untracked |  0
| 201|0x000000008c900000, 0x000000008c900000, 0x000000008ca00000|  0%| F|  |TAMS 0x000000008c900000| PB 0x000000008c900000| Untracked |  0
| 202|0x000000008ca00000, 0x000000008ca00000, 0x000000008cb00000|  0%| F|  |TAMS 0x000000008ca00000| PB 0x000000008ca00000| Untracked |  0
| 203|0x000000008cb00000, 0x000000008cb00000, 0x000000008cc00000|  0%| F|  |TAMS 0x000000008cb00000| PB 0x000000008cb00000| Untracked |  0
| 204|0x000000008cc00000, 0x000000008cc00000, 0x000000008cd00000|  0%| F|  |TAMS 0x000000008cc00000| PB 0x000000008cc00000| Untracked |  0
| 205|0x000000008cd00000, 0x000000008cd00000, 0x000000008ce00000|  0%| F|  |TAMS 0x000000008cd00000| PB 0x000000008cd00000| Untracked |  0
| 206|0x000000008ce00000, 0x000000008ce00000, 0x000000008cf00000|  0%| F|  |TAMS 0x000000008ce00000| PB 0x000000008ce00000| Untracked |  0
| 207|0x000000008cf00000, 0x000000008cf00000, 0x000000008d000000|  0%| F|  |TAMS 0x000000008cf00000| PB 0x000000008cf00000| Untracked |  0
| 208|0x000000008d000000, 0x000000008d000000, 0x000000008d100000|  0%| F|  |TAMS 0x000000008d000000| PB 0x000000008d000000| Untracked |  0
| 209|0x000000008d100000, 0x000000008d100000, 0x000000008d200000|  0%| F|  |TAMS 0x000000008d100000| PB 0x000000008d100000| Untracked |  0
| 210|0x000000008d200000, 0x000000008d200000, 0x000000008d300000|  0%| F|  |TAMS 0x000000008d200000| PB 0x000000008d200000| Untracked |  0
| 211|0x000000008d300000, 0x000000008d300000, 0x000000008d400000|  0%| F|  |TAMS 0x000000008d300000| PB 0x000000008d300000| Untracked |  0
| 212|0x000000008d400000, 0x000000008d400000, 0x000000008d500000|  0%| F|  |TAMS 0x000000008d400000| PB 0x000000008d400000| Untracked |  0
| 213|0x000000008d500000, 0x000000008d500000, 0x000000008d600000|  0%| F|  |TAMS 0x000000008d500000| PB 0x000000008d500000| Untracked |  0
| 214|0x000000008d600000, 0x000000008d600000, 0x000000008d700000|  0%| F|  |TAMS 0x000000008d600000| PB 0x000000008d600000| Untracked |  0
| 215|0x000000008d700000, 0x000000008d700000, 0x000000008d800000|  0%| F|  |TAMS 0x000000008d700000| PB 0x000000008d700000| Untracked |  0
| 216|0x000000008d800000, 0x000000008d800000, 0x000000008d900000|  0%| F|  |TAMS 0x000000008d800000| PB 0x000000008d800000| Untracked |  0
| 217|0x000000008d900000, 0x000000008d900000, 0x000000008da00000|  0%| F|  |TAMS 0x000000008d900000| PB 0x000000008d900000| Untracked |  0
| 218|0x000000008da00000, 0x000000008da00000, 0x000000008db00000|  0%| F|  |TAMS 0x000000008da00000| PB 0x000000008da00000| Untracked |  0
| 219|0x000000008db00000, 0x000000008db00000, 0x000000008dc00000|  0%| F|  |TAMS 0x000000008db00000| PB 0x000000008db00000| Untracked |  0

Card table byte_map: [0x0000029f32a70000,0x0000029f32e70000] _byte_map_base: 0x0000029f32670000

Marking Bits: (CMBitMap*) 0x0000029f1af814f0
 Bits: [0x0000029f32e70000, 0x0000029f34e70000)

Polling page: 0x0000029f18db0000

Metaspace:

Usage:
  Non-class:     89.39 MB used.
      Class:     15.10 MB used.
       Both:    104.49 MB used.

Virtual space:
  Non-class space:      128.00 MB reserved,      90.75 MB ( 71%) committed,  2 nodes.
      Class space:      416.00 MB reserved,      16.31 MB (  4%) committed,  1 nodes.
             Both:      544.00 MB reserved,     107.06 MB ( 20%) committed. 

Chunk freelists:
   Non-Class:  4.34 MB
       Class:  15.73 MB
        Both:  20.07 MB

MaxMetaspaceSize: 512.00 MB
CompressedClassSpaceSize: 416.00 MB
Initial GC threshold: 21.00 MB
Current GC threshold: 160.44 MB
CDS: on
 - commit_granule_bytes: 65536.
 - commit_granule_words: 8192.
 - virtual_space_node_default_size: 8388608.
 - enlarge_chunks_in_place: 1.
 - use_allocation_guard: 0.


Internal statistics:

num_allocs_failed_limit: 6.
num_arena_births: 4254.
num_arena_deaths: 0.
num_vsnodes_births: 3.
num_vsnodes_deaths: 0.
num_space_committed: 1713.
num_space_uncommitted: 0.
num_chunks_returned_to_freelist: 6.
num_chunks_taken_from_freelist: 8915.
num_chunk_merges: 6.
num_chunk_splits: 5981.
num_chunks_enlarged: 3963.
num_inconsistent_stats: 0.

CodeHeap 'non-profiled nmethods': size=120064Kb used=6551Kb max_used=6551Kb free=113512Kb
 bounds [0x0000029f2b130000, 0x0000029f2b7a0000, 0x0000029f32670000]
CodeHeap 'profiled nmethods': size=120000Kb used=19563Kb max_used=19563Kb free=100437Kb
 bounds [0x0000029f23670000, 0x0000029f24990000, 0x0000029f2aba0000]
CodeHeap 'non-nmethods': size=5696Kb used=3150Kb max_used=3182Kb free=2545Kb
 bounds [0x0000029f2aba0000, 0x0000029f2aed0000, 0x0000029f2b130000]
CodeCache: size=245760Kb, used=29264Kb, max_used=29296Kb, free=216494Kb
 total_blobs=14191, nmethods=13164, adapters=932, full_count=0
Compilation: enabled, stopped_count=0, restarted_count=0

Compilation events (20 events):
Event: 372.924 Thread 0x0000029f3740f840 15550       3       org.gradle.internal.Deferrable$$Lambda/0x0000029f39759ea8::get (14 bytes)
Event: 372.925 Thread 0x0000029f3740f840 nmethod 15550 0x0000029f24989e88 code [0x0000029f24989fe0, 0x0000029f2498a580]
Event: 372.925 Thread 0x0000029f3740f840 15551       3       org.gradle.internal.Deferrable::lambda$flatMap$0 (21 bytes)
Event: 372.926 Thread 0x0000029f3740f840 nmethod 15551 0x0000029f2498a608 code [0x0000029f2498a760, 0x0000029f2498abb0]
Event: 372.931 Thread 0x0000029f37409340 15552       4       org.gradle.internal.operations.DefaultBuildOperationProgressEventEmitter::doEmit (21 bytes)
Event: 372.943 Thread 0x0000029f37409340 nmethod 15552 0x0000029f2b792188 code [0x0000029f2b792320, 0x0000029f2b7929f8]
Event: 372.949 Thread 0x0000029f37409340 15553       4       org.gradle.internal.service.scopes.GlobalScopeServices$$Lambda/0x0000029f3926a078::getCurrentTime (10 bytes)
Event: 372.957 Thread 0x0000029f37409340 nmethod 15553 0x0000029f2b792b88 code [0x0000029f2b792ce0, 0x0000029f2b793088]
Event: 372.957 Thread 0x0000029f37409340 15554       4       org.gradle.internal.file.FileHierarchySet$PrefixFileSet::contains (13 bytes)
Event: 372.959 Thread 0x0000029f37409340 nmethod 15554 0x0000029f2b793108 code [0x0000029f2b793220, 0x0000029f2b793300]
Event: 372.961 Thread 0x0000029f37409340 15555       4       org.gradle.internal.operations.DefaultBuildOperationProgressEventEmitter::emitIfCurrent (23 bytes)
Event: 373.008 Thread 0x0000029f37409340 nmethod 15555 0x0000029f2b793408 code [0x0000029f2b7935e0, 0x0000029f2b793ec8]
Event: 373.009 Thread 0x0000029f37409340 15556       4       org.gradle.api.internal.artifacts.transform.TransformStepSubject$Initial::getInitialComponentIdentifier (15 bytes)
Event: 373.010 Thread 0x0000029f37409340 nmethod 15556 0x0000029f2b794108 code [0x0000029f2b794220, 0x0000029f2b794300]
Event: 373.026 Thread 0x0000029f37409340 15557       4       org.gradle.internal.watch.registry.impl.HierarchicalFileWatcherUpdater$$Lambda/0x0000029f395ac650::test (16 bytes)
Event: 373.048 Thread 0x0000029f37409340 nmethod 15557 0x0000029f2b794408 code [0x0000029f2b794600, 0x0000029f2b795080]
Event: 373.049 Thread 0x0000029f37409340 15558       4       java.util.concurrent.FutureTask::get (23 bytes)
Event: 373.066 Thread 0x0000029f37409340 nmethod 15558 0x0000029f2b795288 code [0x0000029f2b7953e0, 0x0000029f2b795b90]
Event: 373.067 Thread 0x0000029f37409340 15559       4       java.util.concurrent.FutureTask::report (37 bytes)
Event: 373.067 Thread 0x0000029f37409340 nmethod 15559 0x0000029f2b795c88 code [0x0000029f2b795d80, 0x0000029f2b795e20]

GC Heap History (20 events):
Event: 239.715 GC heap after
{Heap after GC invocations=62 (full 0):
 garbage-first heap   total reserved 2097152K, committed 186368K, used 123023K [0x0000000080000000, 0x0000000100000000)
  region size 1024K, 4 young (4096K), 4 survivors (4096K)
 Metaspace       used 88952K, committed 91328K, reserved 557056K
  class space    used 12765K, committed 13888K, reserved 425984K
}
Event: 244.525 GC heap before
{Heap before GC invocations=63 (full 0):
 garbage-first heap   total reserved 2097152K, committed 215040K, used 175247K [0x0000000080000000, 0x0000000100000000)
  region size 1024K, 50 young (51200K), 4 survivors (4096K)
 Metaspace       used 91060K, committed 93440K, reserved 557056K
  class space    used 13069K, committed 14208K, reserved 425984K
}
Event: 244.581 GC heap after
{Heap after GC invocations=64 (full 0):
 garbage-first heap   total reserved 2097152K, committed 215040K, used 127586K [0x0000000080000000, 0x0000000100000000)
  region size 1024K, 7 young (7168K), 7 survivors (7168K)
 Metaspace       used 91060K, committed 93440K, reserved 557056K
  class space    used 13069K, committed 14208K, reserved 425984K
}
Event: 255.786 GC heap before
{Heap before GC invocations=64 (full 0):
 garbage-first heap   total reserved 2097152K, committed 215040K, used 184930K [0x0000000080000000, 0x0000000100000000)
  region size 1024K, 61 young (62464K), 7 survivors (7168K)
 Metaspace       used 94441K, committed 96832K, reserved 557056K
  class space    used 13529K, committed 14656K, reserved 425984K
}
Event: 255.927 GC heap after
{Heap after GC invocations=65 (full 0):
 garbage-first heap   total reserved 2097152K, committed 215040K, used 131040K [0x0000000080000000, 0x0000000100000000)
  region size 1024K, 3 young (3072K), 3 survivors (3072K)
 Metaspace       used 94441K, committed 96832K, reserved 557056K
  class space    used 13529K, committed 14656K, reserved 425984K
}
Event: 271.788 GC heap before
{Heap before GC invocations=65 (full 0):
 garbage-first heap   total reserved 2097152K, committed 215040K, used 188384K [0x0000000080000000, 0x0000000100000000)
  region size 1024K, 59 young (60416K), 3 survivors (3072K)
 Metaspace       used 96225K, committed 98560K, reserved 557056K
  class space    used 13802K, committed 14912K, reserved 425984K
}
Event: 271.875 GC heap after
{Heap after GC invocations=66 (full 0):
 garbage-first heap   total reserved 2097152K, committed 215040K, used 133730K [0x0000000080000000, 0x0000000100000000)
  region size 1024K, 6 young (6144K), 6 survivors (6144K)
 Metaspace       used 96225K, committed 98560K, reserved 557056K
  class space    used 13802K, committed 14912K, reserved 425984K
}
Event: 302.169 GC heap before
{Heap before GC invocations=67 (full 0):
 garbage-first heap   total reserved 2097152K, committed 225280K, used 192098K [0x0000000080000000, 0x0000000100000000)
  region size 1024K, 63 young (64512K), 6 survivors (6144K)
 Metaspace       used 98278K, committed 100736K, reserved 557056K
  class space    used 14111K, committed 15296K, reserved 425984K
}
Event: 302.815 GC heap after
{Heap after GC invocations=68 (full 0):
 garbage-first heap   total reserved 2097152K, committed 225280K, used 137377K [0x0000000080000000, 0x0000000100000000)
  region size 1024K, 7 young (7168K), 7 survivors (7168K)
 Metaspace       used 98278K, committed 100736K, reserved 557056K
  class space    used 14111K, committed 15296K, reserved 425984K
}
Event: 303.081 GC heap before
{Heap before GC invocations=68 (full 0):
 garbage-first heap   total reserved 2097152K, committed 225280K, used 141473K [0x0000000080000000, 0x0000000100000000)
  region size 1024K, 11 young (11264K), 7 survivors (7168K)
 Metaspace       used 98499K, committed 100928K, reserved 557056K
  class space    used 14147K, committed 15296K, reserved 425984K
}
Event: 303.134 GC heap after
{Heap after GC invocations=69 (full 0):
 garbage-first heap   total reserved 2097152K, committed 225280K, used 137923K [0x0000000080000000, 0x0000000100000000)
  region size 1024K, 1 young (1024K), 1 survivors (1024K)
 Metaspace       used 98499K, committed 100928K, reserved 557056K
  class space    used 14147K, committed 15296K, reserved 425984K
}
Event: 317.910 GC heap before
{Heap before GC invocations=69 (full 0):
 garbage-first heap   total reserved 2097152K, committed 225280K, used 188099K [0x0000000080000000, 0x0000000100000000)
  region size 1024K, 50 young (51200K), 1 survivors (1024K)
 Metaspace       used 101252K, committed 103680K, reserved 557056K
  class space    used 14655K, committed 15808K, reserved 425984K
}
Event: 317.959 GC heap after
{Heap after GC invocations=70 (full 0):
 garbage-first heap   total reserved 2097152K, committed 225280K, used 138520K [0x0000000080000000, 0x0000000100000000)
  region size 1024K, 2 young (2048K), 2 survivors (2048K)
 Metaspace       used 101252K, committed 103680K, reserved 557056K
  class space    used 14655K, committed 15808K, reserved 425984K
}
Event: 327.652 GC heap before
{Heap before GC invocations=70 (full 0):
 garbage-first heap   total reserved 2097152K, committed 225280K, used 197912K [0x0000000080000000, 0x0000000100000000)
  region size 1024K, 60 young (61440K), 2 survivors (2048K)
 Metaspace       used 104711K, committed 107264K, reserved 557056K
  class space    used 15165K, committed 16384K, reserved 425984K
}
Event: 327.781 GC heap after
{Heap after GC invocations=71 (full 0):
 garbage-first heap   total reserved 2097152K, committed 225280K, used 140346K [0x0000000080000000, 0x0000000100000000)
  region size 1024K, 4 young (4096K), 4 survivors (4096K)
 Metaspace       used 104711K, committed 107264K, reserved 557056K
  class space    used 15165K, committed 16384K, reserved 425984K
}
Event: 367.140 GC heap before
{Heap before GC invocations=71 (full 0):
 garbage-first heap   total reserved 2097152K, committed 225280K, used 197690K [0x0000000080000000, 0x0000000100000000)
  region size 1024K, 60 young (61440K), 4 survivors (4096K)
 Metaspace       used 106853K, committed 109504K, reserved 557056K
  class space    used 15460K, committed 16704K, reserved 425984K
}
Event: 367.290 GC heap after
{Heap after GC invocations=72 (full 0):
 garbage-first heap   total reserved 2097152K, committed 225280K, used 145078K [0x0000000080000000, 0x0000000100000000)
  region size 1024K, 8 young (8192K), 8 survivors (8192K)
 Metaspace       used 106853K, committed 109504K, reserved 557056K
  class space    used 15460K, committed 16704K, reserved 425984K
}
Event: 371.109 GC heap before
{Heap before GC invocations=72 (full 0):
 garbage-first heap   total reserved 2097152K, committed 225280K, used 169654K [0x0000000080000000, 0x0000000100000000)
  region size 1024K, 33 young (33792K), 8 survivors (8192K)
 Metaspace       used 106996K, committed 109632K, reserved 557056K
  class space    used 15463K, committed 16704K, reserved 425984K
}
Event: 371.184 GC heap after
{Heap after GC invocations=73 (full 0):
 garbage-first heap   total reserved 2097152K, committed 225280K, used 149666K [0x0000000080000000, 0x0000000100000000)
  region size 1024K, 5 young (5120K), 5 survivors (5120K)
 Metaspace       used 106996K, committed 109632K, reserved 557056K
  class space    used 15463K, committed 16704K, reserved 425984K
}
Event: 373.079 GC heap before
{Heap before GC invocations=73 (full 0):
 garbage-first heap   total reserved 2097152K, committed 225280K, used 207010K [0x0000000080000000, 0x0000000100000000)
  region size 1024K, 62 young (63488K), 5 survivors (5120K)
 Metaspace       used 107002K, committed 109632K, reserved 557056K
  class space    used 15463K, committed 16704K, reserved 425984K
}

Dll operation events (15 events):
Event: 0.078 Loaded shared library C:\Program Files\Java\jdk-23\bin\java.dll
Event: 0.593 Loaded shared library C:\Program Files\Java\jdk-23\bin\jsvml.dll
Event: 0.783 Loaded shared library C:\Program Files\Java\jdk-23\bin\zip.dll
Event: 0.792 Loaded shared library C:\Program Files\Java\jdk-23\bin\instrument.dll
Event: 0.920 Loaded shared library C:\Program Files\Java\jdk-23\bin\net.dll
Event: 1.133 Loaded shared library C:\Program Files\Java\jdk-23\bin\nio.dll
Event: 1.140 Loaded shared library C:\Program Files\Java\jdk-23\bin\zip.dll
Event: 3.167 Loaded shared library C:\Program Files\Java\jdk-23\bin\jimage.dll
Event: 5.207 Loaded shared library C:\Program Files\Java\jdk-23\bin\verify.dll
Event: 5.760 Loaded shared library C:\Users\mp-10\.gradle\native\c067742578af261105cb4f569cf0c3c89f3d7b1fecec35dd04571415982c5e48\windows-amd64\native-platform.dll
Event: 5.768 Loaded shared library C:\Users\mp-10\.gradle\native\100fb08df4bc3b14c8652ba06237920a3bd2aa13389f12d3474272988ae205f9\windows-amd64\native-platform-file-events.dll
Event: 15.065 Loaded shared library C:\Program Files\Java\jdk-23\bin\management.dll
Event: 15.083 Loaded shared library C:\Program Files\Java\jdk-23\bin\management_ext.dll
Event: 16.902 Loaded shared library C:\Program Files\Java\jdk-23\bin\extnet.dll
Event: 19.235 Loaded shared library C:\Program Files\Java\jdk-23\bin\sunmscapi.dll

Deoptimization events (20 events):
Event: 363.076 Thread 0x0000029f584f50f0 Uncommon trap: trap_request=0xffffff45 fr.pc=0x0000029f2b709210 relative=0x0000000000001470
Event: 363.079 Thread 0x0000029f584f50f0 Uncommon trap: reason=unstable_if action=reinterpret pc=0x0000029f2b709210 method=java.util.concurrent.locks.ReentrantLock$FairSync.tryAcquire(I)Z @ 20 c2
Event: 363.079 Thread 0x0000029f584f50f0 DEOPT PACKING pc=0x0000029f2b709210 sp=0x000000f697cfea40
Event: 363.078 Thread 0x0000029f584f64a0 DEOPT PACKING pc=0x0000029f2b6174c4 sp=0x000000f6975f8690
Event: 363.083 Thread 0x0000029f584f50f0 DEOPT UNPACKING pc=0x0000029f2abf7982 sp=0x000000f697cfe970 mode 2
Event: 363.083 Thread 0x0000029f584f64a0 DEOPT UNPACKING pc=0x0000029f2abf7982 sp=0x000000f6975f80c8 mode 2
Event: 363.091 Thread 0x0000029f584f50f0 Uncommon trap: trap_request=0xffffff45 fr.pc=0x0000029f2b4a89f0 relative=0x0000000000000e70
Event: 363.091 Thread 0x0000029f584f50f0 Uncommon trap: reason=unstable_if action=reinterpret pc=0x0000029f2b4a89f0 method=java.util.concurrent.locks.AbstractQueuedSynchronizer$ConditionObject.unlinkCancelledWaiters(Ljava/util/concurrent/locks/AbstractQueuedSynchronizer$ConditionNode;)V @ 16 c2
Event: 363.092 Thread 0x0000029f584f50f0 DEOPT PACKING pc=0x0000029f2b4a89f0 sp=0x000000f697cfeaf0
Event: 363.092 Thread 0x0000029f584f50f0 DEOPT UNPACKING pc=0x0000029f2abf7982 sp=0x000000f697cfe9f0 mode 2
Event: 363.936 Thread 0x0000029f584f64a0 DEOPT PACKING pc=0x0000029f23d9c8d4 sp=0x000000f6975f9330
Event: 363.936 Thread 0x0000029f584f64a0 DEOPT UNPACKING pc=0x0000029f2abf84c2 sp=0x000000f6975f87e0 mode 0
Event: 372.042 Thread 0x0000029f5b50a5e0 Uncommon trap: trap_request=0xffffff45 fr.pc=0x0000029f2b787cb8 relative=0x0000000000000498
Event: 372.063 Thread 0x0000029f5b50a5e0 Uncommon trap: reason=unstable_if action=reinterpret pc=0x0000029f2b787cb8 method=com.google.common.cache.LongAdder.add(J)V @ 24 c2
Event: 372.063 Thread 0x0000029f5b50a5e0 DEOPT PACKING pc=0x0000029f2b787cb8 sp=0x000000f69bffc7e0
Event: 372.094 Thread 0x0000029f5b50a5e0 DEOPT UNPACKING pc=0x0000029f2abf7982 sp=0x000000f69bffc608 mode 2
Event: 372.281 Thread 0x0000029f5b50a5e0 Uncommon trap: trap_request=0xffffff45 fr.pc=0x0000029f2b47ddfc relative=0x000000000000007c
Event: 372.281 Thread 0x0000029f5b50a5e0 Uncommon trap: reason=unstable_if action=reinterpret pc=0x0000029f2b47ddfc method=com.google.common.cache.LongAdder.add(J)V @ 6 c2
Event: 372.281 Thread 0x0000029f5b50a5e0 DEOPT PACKING pc=0x0000029f2b47ddfc sp=0x000000f69bffc700
Event: 372.281 Thread 0x0000029f5b50a5e0 DEOPT UNPACKING pc=0x0000029f2abf7982 sp=0x000000f69bffc640 mode 2

Classes loaded (20 events):
Event: 279.611 Loading class java/io/OutputStreamCustomizer
Event: 279.611 Loading class java/io/OutputStreamCustomizer done
Event: 279.612 Loading class java/io/OutputStreamCustomizer
Event: 279.612 Loading class java/io/OutputStreamCustomizer done
Event: 279.614 Loading class java/io/FilterOutputStreamCustomizer
Event: 279.614 Loading class java/io/FilterOutputStreamCustomizer done
Event: 279.616 Loading class java/io/FilterOutputStreamCustomizer
Event: 279.616 Loading class java/io/FilterOutputStreamCustomizer done
Event: 279.618 Loading class java/io/PrintStreamCustomizer
Event: 279.619 Loading class java/io/PrintStreamCustomizer done
Event: 279.620 Loading class java/io/PrintStreamCustomizer
Event: 279.620 Loading class java/io/PrintStreamCustomizer done
Event: 307.838 Loading class java/util/regex/Pattern$Caret
Event: 307.846 Loading class java/util/regex/Pattern$Caret done
Event: 321.376 Loading class java/net/Proxy
Event: 321.377 Loading class java/net/Proxy done
Event: 321.377 Loading class java/net/Proxy$Type
Event: 321.377 Loading class java/net/Proxy$Type done
Event: 321.876 Loading class java/io/FileReader
Event: 321.876 Loading class java/io/FileReader done

Classes unloaded (0 events):
No events

Classes redefined (0 events):
No events

Internal exceptions (20 events):
Event: 328.005 Thread 0x0000029f584f64a0 Exception <a 'java/lang/ClassNotFoundException'{0x000000008d7f9f78}: com/android/build/gradle/internal/api/BaseVariantOutputImplBeanInfo> (0x000000008d7f9f78) 
thrown [s\open\src\hotspot\share\classfile\systemDictionary.cpp, line 313]
Event: 328.012 Thread 0x0000029f584f64a0 Exception <a 'java/lang/ClassNotFoundException'{0x000000008d610b48}: com/android/build/gradle/internal/api/BaseVariantOutputImplCustomizer> (0x000000008d610b48) 
thrown [s\open\src\hotspot\share\classfile\systemDictionary.cpp, line 313]
Event: 328.027 Thread 0x0000029f584f64a0 Exception <a 'java/lang/ClassNotFoundException'{0x000000008d63a288}: com/android/build/gradle/internal/api/ApkVariantOutputImplCustomizer> (0x000000008d63a288) 
thrown [s\open\src\hotspot\share\classfile\systemDictionary.cpp, line 313]
Event: 328.031 Thread 0x0000029f584f64a0 Exception <a 'java/lang/ClassNotFoundException'{0x000000008d65ef40}: com/android/build/gradle/internal/api/ApkVariantOutputImpl_DecoratedCustomizer> (0x000000008d65ef40) 
thrown [s\open\src\hotspot\share\classfile\systemDictionary.cpp, line 313]
Event: 328.908 Thread 0x0000029f584f64a0 Exception <a 'java/lang/ClassNotFoundException'{0x000000008cda8200}: com/android/build/gradle/internal/api/ReadOnlyBuildTypeBeanInfo> (0x000000008cda8200) 
thrown [s\open\src\hotspot\share\classfile\systemDictionary.cpp, line 313]
Event: 328.912 Thread 0x0000029f584f64a0 Exception <a 'java/lang/ClassNotFoundException'{0x000000008cdbeae0}: com/android/build/gradle/internal/api/ReadOnlyBaseConfigBeanInfo> (0x000000008cdbeae0) 
thrown [s\open\src\hotspot\share\classfile\systemDictionary.cpp, line 313]
Event: 328.917 Thread 0x0000029f584f64a0 Exception <a 'java/lang/ClassNotFoundException'{0x000000008cdd53f0}: com/android/build/gradle/internal/api/ReadOnlyBaseConfigCustomizer> (0x000000008cdd53f0) 
thrown [s\open\src\hotspot\share\classfile\systemDictionary.cpp, line 313]
Event: 328.935 Thread 0x0000029f584f64a0 Exception <a 'java/lang/ClassNotFoundException'{0x000000008cdfc900}: com/android/build/gradle/internal/api/ReadOnlyBuildTypeCustomizer> (0x000000008cdfc900) 
thrown [s\open\src\hotspot\share\classfile\systemDictionary.cpp, line 313]
Event: 337.912 Thread 0x0000029f584f64a0 Exception <a 'java/lang/ClassNotFoundException'{0x000000008b75a2a0}: org/gradle/api/internal/artifacts/repositories/DefaultMavenArtifactRepository_DecoratedBeanInfo> (0x000000008b75a2a0) 
thrown [s\open\src\hotspot\share\classfile\systemDictionary.cpp, line 313]
Event: 337.935 Thread 0x0000029f584f64a0 Exception <a 'java/lang/ClassNotFoundException'{0x000000008b77a530}: org/gradle/api/internal/artifacts/repositories/DefaultMavenArtifactRepositoryBeanInfo> (0x000000008b77a530) 
thrown [s\open\src\hotspot\share\classfile\systemDictionary.cpp, line 313]
Event: 338.019 Thread 0x0000029f584f64a0 Exception <a 'java/lang/ClassNotFoundException'{0x000000008b79b040}: org/gradle/api/internal/artifacts/repositories/AbstractAuthenticationSupportedRepositoryBeanInfo> (0x000000008b79b040) 
thrown [s\open\src\hotspot\share\classfile\systemDictionary.cpp, line 313]
Event: 338.155 Thread 0x0000029f584f64a0 Exception <a 'java/lang/ClassNotFoundException'{0x000000008b7bbbd0}: org/gradle/api/internal/artifacts/repositories/AbstractResolutionAwareArtifactRepositoryBeanInfo> (0x000000008b7bbbd0) 
thrown [s\open\src\hotspot\share\classfile\systemDictionary.cpp, line 313]
Event: 338.394 Thread 0x0000029f584f64a0 Exception <a 'java/lang/ClassNotFoundException'{0x000000008b7dc0c8}: org/gradle/api/internal/artifacts/repositories/AbstractArtifactRepositoryBeanInfo> (0x000000008b7dc0c8) 
thrown [s\open\src\hotspot\share\classfile\systemDictionary.cpp, line 313]
Event: 338.498 Thread 0x0000029f584f64a0 Exception <a 'java/lang/ClassNotFoundException'{0x000000008b7fc5d0}: org/gradle/api/internal/artifacts/repositories/AbstractArtifactRepositoryCustomizer> (0x000000008b7fc5d0) 
thrown [s\open\src\hotspot\share\classfile\systemDictionary.cpp, line 313]
Event: 338.786 Thread 0x0000029f584f64a0 Exception <a 'java/lang/ClassNotFoundException'{0x000000008b64b578}: org/gradle/api/internal/artifacts/repositories/AbstractResolutionAwareArtifactRepositoryCustomizer> (0x000000008b64b578) 
thrown [s\open\src\hotspot\share\classfile\systemDictionary.cpp, line 313]
Event: 338.939 Thread 0x0000029f584f64a0 Exception <a 'java/lang/ClassNotFoundException'{0x000000008b677308}: org/gradle/api/internal/artifacts/repositories/AbstractAuthenticationSupportedRepositoryCustomizer> (0x000000008b677308) 
thrown [s\open\src\hotspot\share\classfile\systemDictionary.cpp, line 313]
Event: 339.015 Thread 0x0000029f584f64a0 Exception <a 'java/lang/ClassNotFoundException'{0x000000008b6c2438}: org/gradle/api/internal/artifacts/repositories/DefaultMavenArtifactRepositoryCustomizer> (0x000000008b6c2438) 
thrown [s\open\src\hotspot\share\classfile\systemDictionary.cpp, line 313]
Event: 339.105 Thread 0x0000029f584f64a0 Exception <a 'java/lang/ClassNotFoundException'{0x000000008b6fae48}: org/gradle/api/internal/artifacts/repositories/DefaultMavenArtifactRepository_DecoratedCustomizer> (0x000000008b6fae48) 
thrown [s\open\src\hotspot\share\classfile\systemDictionary.cpp, line 313]
Event: 363.946 Thread 0x0000029f584f64a0 Exception <a 'java/lang/ClassNotFoundException'{0x000000008acb65f0}: build_f55qpm87sq3c63msymsdxaeh3BeanInfo> (0x000000008acb65f0) 
thrown [s\open\src\hotspot\share\classfile\systemDictionary.cpp, line 313]
Event: 363.952 Thread 0x0000029f584f64a0 Exception <a 'java/lang/ClassNotFoundException'{0x000000008acbcf68}: build_f55qpm87sq3c63msymsdxaeh3Customizer> (0x000000008acbcf68) 
thrown [s\open\src\hotspot\share\classfile\systemDictionary.cpp, line 313]

VM Operations (20 events):
Event: 302.815 Executing VM operation: G1CollectForAllocation (G1 Evacuation Pause) done
Event: 303.081 Executing VM operation: G1CollectForAllocation (G1 Evacuation Pause)
Event: 303.134 Executing VM operation: G1CollectForAllocation (G1 Evacuation Pause) done
Event: 317.909 Executing VM operation: G1CollectForAllocation (G1 Evacuation Pause)
Event: 317.959 Executing VM operation: G1CollectForAllocation (G1 Evacuation Pause) done
Event: 321.863 Executing VM operation: HandshakeAllThreads (Deoptimize)
Event: 321.864 Executing VM operation: HandshakeAllThreads (Deoptimize) done
Event: 321.878 Executing VM operation: HandshakeAllThreads (Deoptimize)
Event: 321.878 Executing VM operation: HandshakeAllThreads (Deoptimize) done
Event: 327.652 Executing VM operation: G1CollectForAllocation (G1 Evacuation Pause)
Event: 327.781 Executing VM operation: G1CollectForAllocation (G1 Evacuation Pause) done
Event: 360.884 Executing VM operation: HandshakeAllThreads (HandshakeForDeflation)
Event: 360.896 Executing VM operation: HandshakeAllThreads (HandshakeForDeflation) done
Event: 360.896 Executing VM operation: RendezvousGCThreads
Event: 360.896 Executing VM operation: RendezvousGCThreads done
Event: 367.139 Executing VM operation: G1CollectForAllocation (G1 Evacuation Pause)
Event: 367.290 Executing VM operation: G1CollectForAllocation (G1 Evacuation Pause) done
Event: 371.101 Executing VM operation: G1CollectForAllocation (G1 Evacuation Pause)
Event: 371.186 Executing VM operation: G1CollectForAllocation (G1 Evacuation Pause) done
Event: 373.079 Executing VM operation: G1CollectForAllocation (G1 Evacuation Pause)

Memory protections (0 events):
No events

Nmethod flushes (20 events):
Event: 274.014 Thread 0x0000029f373ebfe0 flushing  nmethod 0x0000029f2378bd88
Event: 274.014 Thread 0x0000029f373ebfe0 flushing  nmethod 0x0000029f2379d088
Event: 274.015 Thread 0x0000029f373ebfe0 flushing  nmethod 0x0000029f23826808
Event: 274.015 Thread 0x0000029f373ebfe0 flushing  nmethod 0x0000029f23829608
Event: 274.015 Thread 0x0000029f373ebfe0 flushing  nmethod 0x0000029f238c9908
Event: 274.015 Thread 0x0000029f373ebfe0 flushing  nmethod 0x0000029f238e0d08
Event: 274.015 Thread 0x0000029f373ebfe0 flushing  nmethod 0x0000029f2390f588
Event: 274.016 Thread 0x0000029f373ebfe0 flushing  nmethod 0x0000029f23a70d08
Event: 274.016 Thread 0x0000029f373ebfe0 flushing  nmethod 0x0000029f23addc88
Event: 274.016 Thread 0x0000029f373ebfe0 flushing  nmethod 0x0000029f23c23688
Event: 274.017 Thread 0x0000029f373ebfe0 flushing  nmethod 0x0000029f23c28288
Event: 274.017 Thread 0x0000029f373ebfe0 flushing  nmethod 0x0000029f23d61388
Event: 274.017 Thread 0x0000029f373ebfe0 flushing  nmethod 0x0000029f23dadc88
Event: 274.018 Thread 0x0000029f373ebfe0 flushing  nmethod 0x0000029f23e12e88
Event: 274.018 Thread 0x0000029f373ebfe0 flushing  nmethod 0x0000029f23e8fa88
Event: 274.018 Thread 0x0000029f373ebfe0 flushing  nmethod 0x0000029f23ee6488
Event: 274.018 Thread 0x0000029f373ebfe0 flushing  nmethod 0x0000029f23f17888
Event: 274.018 Thread 0x0000029f373ebfe0 flushing  nmethod 0x0000029f23f17c08
Event: 274.018 Thread 0x0000029f373ebfe0 flushing  nmethod 0x0000029f24385d08
Event: 274.018 Thread 0x0000029f373ebfe0 flushing  nmethod 0x0000029f24683d08

Events (20 events):
Event: 195.795 Thread 0x0000029f5b60ef10 Thread exited: 0x0000029f5b60ef10
Event: 195.793 Thread 0x0000029f5b612390 Thread exited: 0x0000029f5b612390
Event: 197.715 Thread 0x0000029f5b60c7b0 Thread exited: 0x0000029f5b60c7b0
Event: 202.576 Thread 0x0000029f584f64a0 Thread added: 0x0000029f5b50c020
Event: 202.577 Thread 0x0000029f584f64a0 Thread added: 0x0000029f5b50e0f0
Event: 202.580 Thread 0x0000029f584f64a0 Thread added: 0x0000029f5b50d3d0
Event: 202.872 Thread 0x0000029f584f64a0 Thread added: 0x0000029f5b50e780
Event: 202.872 Thread 0x0000029f584f64a0 Thread added: 0x0000029f5b60ef10
Event: 202.957 Thread 0x0000029f5b50e780 Thread added: 0x0000029f5b611d00
Event: 208.081 Thread 0x0000029f5b612a20 Thread exited: 0x0000029f5b612a20
Event: 208.112 Thread 0x0000029f5b6130b0 Thread exited: 0x0000029f5b6130b0
Event: 208.116 Thread 0x0000029f5b60f5a0 Thread exited: 0x0000029f5b60f5a0
Event: 251.427 Thread 0x0000029f584f64a0 Thread added: 0x0000029f5b60f5a0
Event: 263.178 Thread 0x0000029f5b50c020 Thread exited: 0x0000029f5b50c020
Event: 263.178 Thread 0x0000029f5b50e0f0 Thread exited: 0x0000029f5b50e0f0
Event: 263.191 Thread 0x0000029f5b50d3d0 Thread exited: 0x0000029f5b50d3d0
Event: 268.706 Thread 0x0000029f5b60ef10 Thread exited: 0x0000029f5b60ef10
Event: 272.038 Thread 0x0000029f5b50e780 Thread exited: 0x0000029f5b50e780
Event: 298.251 Thread 0x0000029f584f3d40 Thread exited: 0x0000029f584f3d40
Event: 364.368 Thread 0x0000029f584f36b0 Thread added: 0x0000029f622c4de0


Dynamic libraries:
0x00007ff6a4f00000 - 0x00007ff6a4f10000 	C:\Program Files\Java\jdk-23\bin\java.exe
0x00007ffccd950000 - 0x00007ffccdb48000 	C:\Windows\SYSTEM32\ntdll.dll
0x00007ffccbcd0000 - 0x00007ffccbd92000 	C:\Windows\System32\KERNEL32.DLL
0x00007ffccb1d0000 - 0x00007ffccb4cf000 	C:\Windows\System32\KERNELBASE.dll
0x00007ffccb6d0000 - 0x00007ffccb7d0000 	C:\Windows\System32\ucrtbase.dll
0x00007ffca8a70000 - 0x00007ffca8a87000 	C:\Program Files\Java\jdk-23\bin\jli.dll
0x00007ffccbf50000 - 0x00007ffccc0ed000 	C:\Windows\System32\USER32.dll
0x00007ffccaff0000 - 0x00007ffccb012000 	C:\Windows\System32\win32u.dll
0x00007ffccbac0000 - 0x00007ffccbaeb000 	C:\Windows\System32\GDI32.dll
0x00007ffccb820000 - 0x00007ffccb93a000 	C:\Windows\System32\gdi32full.dll
0x00007ffccb630000 - 0x00007ffccb6cd000 	C:\Windows\System32\msvcp_win.dll
0x00007ffca65c0000 - 0x00007ffca65db000 	C:\Program Files\Java\jdk-23\bin\VCRUNTIME140.dll
0x00007ffcbb840000 - 0x00007ffcbbada000 	C:\Windows\WinSxS\amd64_microsoft.windows.common-controls_6595b64144ccf1df_6.0.19041.4355_none_60b8b9eb71f62e16\COMCTL32.dll
0x00007ffccca60000 - 0x00007ffcccafe000 	C:\Windows\System32\msvcrt.dll
0x00007ffccc870000 - 0x00007ffccc89f000 	C:\Windows\System32\IMM32.DLL
0x00007ffcc5ff0000 - 0x00007ffcc5ffc000 	C:\Program Files\Java\jdk-23\bin\vcruntime140_1.dll
0x00007ffca0110000 - 0x00007ffca019e000 	C:\Program Files\Java\jdk-23\bin\msvcp140.dll
0x00007ffc56f70000 - 0x00007ffc57cc0000 	C:\Program Files\Java\jdk-23\bin\server\jvm.dll
0x00007ffcccd80000 - 0x00007ffccce2f000 	C:\Windows\System32\ADVAPI32.dll
0x00007ffccbaf0000 - 0x00007ffccbb8f000 	C:\Windows\System32\sechost.dll
0x00007ffccbba0000 - 0x00007ffccbcc3000 	C:\Windows\System32\RPCRT4.dll
0x00007ffccb940000 - 0x00007ffccb967000 	C:\Windows\System32\bcrypt.dll
0x00007ffcccb00000 - 0x00007ffcccb6b000 	C:\Windows\System32\WS2_32.dll
0x00007ffccae50000 - 0x00007ffccae9b000 	C:\Windows\SYSTEM32\POWRPROF.dll
0x00007ffcbbf60000 - 0x00007ffcbbf87000 	C:\Windows\SYSTEM32\WINMM.dll
0x00007ffcc43b0000 - 0x00007ffcc43ba000 	C:\Windows\SYSTEM32\VERSION.dll
0x00007ffccae30000 - 0x00007ffccae42000 	C:\Windows\SYSTEM32\UMPDC.dll
0x00007ffcc97d0000 - 0x00007ffcc97e2000 	C:\Windows\SYSTEM32\kernel.appcore.dll
0x00007ffcc5520000 - 0x00007ffcc552a000 	C:\Program Files\Java\jdk-23\bin\jimage.dll
0x00007ffcc94d0000 - 0x00007ffcc96b4000 	C:\Windows\SYSTEM32\DBGHELP.DLL
0x00007ffcc3400000 - 0x00007ffcc3434000 	C:\Windows\SYSTEM32\dbgcore.DLL
0x00007ffccb020000 - 0x00007ffccb0a2000 	C:\Windows\System32\bcryptPrimitives.dll
0x00007ffca4f60000 - 0x00007ffca4f6f000 	C:\Program Files\Java\jdk-23\bin\instrument.dll
0x00007ffca0e10000 - 0x00007ffca0e2e000 	C:\Program Files\Java\jdk-23\bin\java.dll
0x00007ffccbe00000 - 0x00007ffccbf2b000 	C:\Windows\System32\ole32.dll
0x00007ffccd5b0000 - 0x00007ffccd905000 	C:\Windows\System32\combase.dll
0x00007ffccc0f0000 - 0x00007ffccc85d000 	C:\Windows\System32\SHELL32.dll
0x00007ffcc8d20000 - 0x00007ffcc94c4000 	C:\Windows\SYSTEM32\windows.storage.dll
0x00007ffcca950000 - 0x00007ffcca97f000 	C:\Windows\SYSTEM32\Wldp.dll
0x00007ffccd360000 - 0x00007ffccd42d000 	C:\Windows\System32\OLEAUT32.dll
0x00007ffccc930000 - 0x00007ffccc9dd000 	C:\Windows\System32\SHCORE.dll
0x00007ffcccb70000 - 0x00007ffcccbc5000 	C:\Windows\System32\shlwapi.dll
0x00007ffccaf20000 - 0x00007ffccaf44000 	C:\Windows\SYSTEM32\profapi.dll
0x00007ffc9ba20000 - 0x00007ffc9baf7000 	C:\Program Files\Java\jdk-23\bin\jsvml.dll
0x00007ffca0dd0000 - 0x00007ffca0de7000 	C:\Program Files\Java\jdk-23\bin\zip.dll
0x00007ffca8930000 - 0x00007ffca8940000 	C:\Program Files\Java\jdk-23\bin\net.dll
0x00007ffcca650000 - 0x00007ffcca6bc000 	C:\Windows\system32\mswsock.dll
0x00007ffca0df0000 - 0x00007ffca0e06000 	C:\Program Files\Java\jdk-23\bin\nio.dll
0x00007ffca87e0000 - 0x00007ffca87f0000 	C:\Program Files\Java\jdk-23\bin\verify.dll
0x00007ffca09d0000 - 0x00007ffca09f7000 	C:\Users\mp-10\.gradle\native\c067742578af261105cb4f569cf0c3c89f3d7b1fecec35dd04571415982c5e48\windows-amd64\native-platform.dll
0x00007ffc919f0000 - 0x00007ffc91b34000 	C:\Users\mp-10\.gradle\native\100fb08df4bc3b14c8652ba06237920a3bd2aa13389f12d3474272988ae205f9\windows-amd64\native-platform-file-events.dll
0x00007ffca7760000 - 0x00007ffca776a000 	C:\Program Files\Java\jdk-23\bin\management.dll
0x00007ffca72d0000 - 0x00007ffca72db000 	C:\Program Files\Java\jdk-23\bin\management_ext.dll
0x00007ffccbb90000 - 0x00007ffccbb98000 	C:\Windows\System32\PSAPI.DLL
0x00007ffcca8a0000 - 0x00007ffcca8b8000 	C:\Windows\SYSTEM32\CRYPTSP.dll
0x00007ffcc9f90000 - 0x00007ffcc9fc4000 	C:\Windows\system32\rsaenh.dll
0x00007ffccaea0000 - 0x00007ffccaece000 	C:\Windows\SYSTEM32\USERENV.dll
0x00007ffcca8c0000 - 0x00007ffcca8cc000 	C:\Windows\SYSTEM32\CRYPTBASE.dll
0x00007ffcca350000 - 0x00007ffcca38b000 	C:\Windows\SYSTEM32\IPHLPAPI.DLL
0x00007ffccbab0000 - 0x00007ffccbab8000 	C:\Windows\System32\NSI.dll
0x00007ffca6630000 - 0x00007ffca6639000 	C:\Program Files\Java\jdk-23\bin\extnet.dll
0x00007ffca45e0000 - 0x00007ffca45ee000 	C:\Program Files\Java\jdk-23\bin\sunmscapi.dll
0x00007ffccb4d0000 - 0x00007ffccb62c000 	C:\Windows\System32\CRYPT32.dll
0x00007ffcca9c0000 - 0x00007ffcca9e7000 	C:\Windows\SYSTEM32\ncrypt.dll
0x00007ffcca980000 - 0x00007ffcca9bb000 	C:\Windows\SYSTEM32\NTASN1.dll
0x00007ffca8a00000 - 0x00007ffca8a07000 	C:\Windows\system32\wshunix.dll
0x00007ffcc4340000 - 0x00007ffcc4357000 	C:\Windows\system32\napinsp.dll
0x00007ffcc4e40000 - 0x00007ffcc4e5b000 	C:\Windows\system32\pnrpnsp.dll
0x00007ffcb3560000 - 0x00007ffcb3575000 	C:\Windows\system32\wshbth.dll
0x00007ffcc6310000 - 0x00007ffcc632d000 	C:\Windows\system32\NLAapi.dll
0x00007ffcca3e0000 - 0x00007ffcca4aa000 	C:\Windows\SYSTEM32\DNSAPI.dll
0x00007ffcc4ee0000 - 0x00007ffcc4ef2000 	C:\Windows\System32\winrnr.dll
0x00007ffcc3100000 - 0x00007ffcc310a000 	C:\Windows\System32\rasadhlp.dll
0x00007ffcc2b00000 - 0x00007ffcc2b80000 	C:\Windows\System32\fwpuclnt.dll

dbghelp: loaded successfully - version: 4.0.5 - missing functions: none
symbol engine: initialized successfully - sym options: 0x614 - pdb path: .;C:\Program Files\Java\jdk-23\bin;C:\Windows\SYSTEM32;C:\Windows\WinSxS\amd64_microsoft.windows.common-controls_6595b64144ccf1df_6.0.19041.4355_none_60b8b9eb71f62e16;C:\Program Files\Java\jdk-23\bin\server;C:\Users\mp-10\.gradle\native\c067742578af261105cb4f569cf0c3c89f3d7b1fecec35dd04571415982c5e48\windows-amd64;C:\Users\mp-10\.gradle\native\100fb08df4bc3b14c8652ba06237920a3bd2aa13389f12d3474272988ae205f9\windows-amd64

VM Arguments:
jvm_args: -XX:MaxMetaspaceSize=512m --add-opens=java.base/java.util=ALL-UNNAMED --add-opens=java.base/java.lang=ALL-UNNAMED --add-opens=java.base/java.lang.invoke=ALL-UNNAMED --add-opens=java.prefs/java.util.prefs=ALL-UNNAMED --add-exports=jdk.compiler/com.sun.tools.javac.api=ALL-UNNAMED --add-exports=jdk.compiler/com.sun.tools.javac.util=ALL-UNNAMED --add-opens=java.base/java.nio.charset=ALL-UNNAMED --add-opens=java.base/java.net=ALL-UNNAMED --add-opens=java.base/java.util.concurrent.atomic=ALL-UNNAMED -Xmx2048m -Dfile.encoding=UTF-8 -Duser.country=FI -Duser.language=sv -Duser.variant -javaagent:C:\Users\mp-10\.gradle\wrapper\dists\gradle-8.10.2-all\7iv73wktx1xtkvlq19urqw1wm\gradle-8.10.2\lib\agents\gradle-instrumentation-agent-8.10.2.jar 
java_command: org.gradle.launcher.daemon.bootstrap.GradleDaemon 8.10.2
java_class_path (initial): C:\Users\mp-10\.gradle\wrapper\dists\gradle-8.10.2-all\7iv73wktx1xtkvlq19urqw1wm\gradle-8.10.2\lib\gradle-daemon-main-8.10.2.jar
Launcher Type: SUN_STANDARD

[Global flags]
     intx CICompilerCount                          = 3                                         {product} {ergonomic}
   size_t CompressedClassSpaceSize                 = 436207616                                 {product} {ergonomic}
     uint ConcGCThreads                            = 1                                         {product} {ergonomic}
     uint G1ConcRefinementThreads                  = 4                                         {product} {ergonomic}
   size_t G1HeapRegionSize                         = 1048576                                   {product} {ergonomic}
   size_t InitialHeapSize                          = 65011712                                  {product} {ergonomic}
   size_t MarkStackSize                            = 4194304                                   {product} {ergonomic}
   size_t MarkStackSizeMax                         = 536870912                                 {product} {ergonomic}
   size_t MaxHeapSize                              = 2147483648                                {product} {command line}
   size_t MaxMetaspaceSize                         = 536870912                                 {product} {command line}
   size_t MaxNewSize                               = 1287651328                                {product} {ergonomic}
   size_t MinHeapDeltaBytes                        = 1048576                                   {product} {ergonomic}
   size_t MinHeapSize                              = 8388608                                   {product} {ergonomic}
    uintx NonNMethodCodeHeapSize                   = 5832704                                {pd product} {ergonomic}
    uintx NonProfiledCodeHeapSize                  = 122945536                              {pd product} {ergonomic}
    uintx ProfiledCodeHeapSize                     = 122880000                              {pd product} {ergonomic}
    uintx ReservedCodeCacheSize                    = 251658240                              {pd product} {ergonomic}
     bool SegmentedCodeCache                       = true                                      {product} {ergonomic}
   size_t SoftMaxHeapSize                          = 2147483648                             {manageable} {ergonomic}
     bool UseCompressedOops                        = true                           {product lp64_product} {ergonomic}
     bool UseG1GC                                  = true                                      {product} {ergonomic}
     bool UseLargePagesIndividualAllocation        = false                                  {pd product} {ergonomic}

Logging:
Log output configuration:
 #0: stdout all=warning uptime,level,tags foldmultilines=false
 #1: stderr all=off uptime,level,tags foldmultilines=false

Environment Variables:
JAVA_HOME=C:\Program Files\Java\jdk-23
CLASSPATH=C:\nybp\New-Backpack\android\\gradle\wrapper\gradle-wrapper.jar
PATH=C:\nybp\New-Backpack\node_modules\.bin;C:\nybp\New-Backpack\node_modules\.bin;C:\nybp\node_modules\.bin;C:\node_modules\.bin;C:\Users\mp-10\AppData\Roaming\npm\node_modules\npm\node_modules\@npmcli\run-script\lib\node-gyp-bin;C:\nybp\New-Backpack\node_modules\.bin;C:\nybp\New-Backpack\node_modules\.bin;C:\nybp\node_modules\.bin;C:\node_modules\.bin;C:\Users\mp-10\AppData\Roaming\npm\node_modules\npm\node_modules\@npmcli\run-script\lib\node-gyp-bin;C:\Program Files\Common Files\Oracle\Java\javapath;C:\Windows\system32;C:\Windows;C:\Windows\System32\Wbem;C:\Windows\System32\WindowsPowerShell\v1.0\;C:\Windows\System32\OpenSSH\;C:\Program Files\dotnet\;C:\Program Files\Java\jdk-22\bin;C:\Program Files\nodejs\;C:\Program Files\Docker\Docker\resources\bin;C:\Program Files\Git\cmd;C:\Users\mp-10\AppData\Local\Android\Sdk\platform-tools;C:\Users\mp-10\AppData\Local\Android\Sdk\tools;C:\Users\mp-10\AppData\Local\jdk-11.0.2\bin;C:\Users\mp-10\AppData\Local\Microsoft\WindowsApps;C:\Users\mp-10\AppData\Local\Programs\Microsoft VS Code\bin;C:\Users\mp-10\AppData\Roaming\npm;C:\gradle\gradle-8.12.1\bin;
USERNAME=mp-10
LANG=en_US.UTF-8
OS=Windows_NT
PROCESSOR_IDENTIFIER=Intel64 Family 6 Model 140 Stepping 1, GenuineIntel
TMP=C:\Users\mp-10\AppData\Local\Temp
TEMP=C:\Users\mp-10\AppData\Local\Temp




Periodic native trim disabled

---------------  S Y S T E M  ---------------

OS:
 Windows 10 , 64 bit Build 19041 (10.0.19041.5438)
OS uptime: 3 days 18:25 hours
Hyper-V role detected

CPU: total 4 (initial active 4) (2 cores per cpu, 2 threads per core) family 6 model 140 stepping 1 microcode 0x9a, cx8, cmov, fxsr, ht, mmx, 3dnowpref, sse, sse2, sse3, ssse3, sse4.1, sse4.2, popcnt, lzcnt, tsc, tscinvbit, avx, avx2, aes, erms, clmul, bmi1, bmi2, adx, avx512f, avx512dq, avx512cd, avx512bw, avx512vl, sha, fma, vzeroupper, avx512_vpopcntdq, avx512_vpclmulqdq, avx512_vaes, avx512_vnni, clflush, clflushopt, clwb, avx512_vbmi2, avx512_vbmi, hv, rdtscp, rdpid, fsrm, gfni, avx512_bitalg, f16c, cet_ibt, cet_ss, avx512_ifma
Processor Information for processor 0
  Max Mhz: 1997, Current Mhz: 998, Mhz Limit: 1997
Processor Information for processor 1
  Max Mhz: 1997, Current Mhz: 1997, Mhz Limit: 1997
Processor Information for processor 2
  Max Mhz: 1997, Current Mhz: 1997, Mhz Limit: 1997
Processor Information for processor 3
  Max Mhz: 1997, Current Mhz: 1997, Mhz Limit: 1997

Memory: 4k page, system-wide physical 3895M (80M free)
TotalPageFile size 15671M (AvailPageFile size 90M)
current process WorkingSet (physical memory assigned to process): 193M, peak: 241M
current process commit charge ("private bytes"): 537M, peak: 649M

vm_info: Java HotSpot(TM) 64-Bit Server VM (23.0.2+7-58) for windows-amd64 JRE (23.0.2+7-58), built on 2024-11-29T09:34:55Z with MS VC++ 17.6 (VS2022)

END.
